Removed Member From Class: ClassName=mcu Member=*6
Removed Member From Class: ClassName=button Member=R14
Removed Member From Class: ClassName=uart_to_usb Member=R18
Removed Member From Class: ClassName=uart_to_usb Member=R20
Change Component Designator: OldDesignator=BT2 NewDesignator=up
Change Component Designator: OldDesignator=BT3 NewDesignator=setup
Change Component Designator: OldDesignator=BT4 NewDesignator=left
Change Component Designator: OldDesignator=BT5 NewDesignator=right
Change Component Designator: OldDesignator=BT6 NewDesignator=down
Change Component Designator: OldDesignator=BT7 NewDesignator=ok
Added Member To Class: ClassName=mcu Member=Component *4 STM32F030C8T6
Added Member To Class: ClassName=8_channels Member=Component C25 104
Added Member To Class: ClassName=8_channels Member=Component C26 104
Added Member To Class: ClassName=8_channels Member=Component IC1 ACS712 5A
Added Member To Class: ClassName=button Member=Component R17 0603
Added Member To Class: ClassName=button Member=Component R19 0603
Added Member To Class: ClassName=uart_to_usb Member=Component R21 1k
Added Member To Class: ClassName=uart_to_usb Member=Component R23 100R
Added Member To Class: ClassName=8_channels Member=Component R32 15k
Added Member To Class: ClassName=8_channels Member=Component R34 82k
Added Member To Class: ClassName=8_channels Member=Component R36 10k
Added Member To Class: ClassName=8_channels Member=Component R38 1k
Added Member To Class: ClassName=8_channels Member=Component R40 10k
Added Member To Class: ClassName=8_channels Member=Component R42 1M2
Added Member To Class: ClassName=8_channels Member=Component R46 1M2
Added Member To Class: ClassName=8_channels Member=Component R47 2k2
Added Member To Class: ClassName=8_channels Member=Component R48 15k
Added Room: Name=lcd2004
Added Room: Name=mcu
Added Room: Name=power_supply
Added Room: Name=real_time_clock
Added Room: Name=sd_card
Added Room: Name=uart_to_usb
