Removed Pin From Net: NetName=Net*5_18 Pin=*6-3
Removed Pin From Net: NetName=Net*5_19 Pin=*6-6
Removed Pin From Net: NetName=GND Pin=*6-7
Removed Pin From Net: NetName=Net*5_20 Pin=*6-11
Removed Pin From Net: NetName=+3.3 Pin=*6-14
Removed Pin From Net: NetName=Net*5_39 Pin=*7-3
Removed Pin From Net: NetName=Net*5_40 Pin=*7-6
Removed Pin From Net: NetName=GND Pin=*7-7
Removed Pin From Net: NetName=Net*5_45 Pin=*7-8
Removed Pin From Net: NetName=Net*5_41 Pin=*7-11
Removed Pin From Net: NetName=+3.3 Pin=*7-14
Removed Pin From Net: NetName=GND Pin=*9-2
Removed Pin From Net: NetName=+3.3 Pin=*10-2
Removed Pin From Net: NetName=GND Pin=*14-2
Removed Pin From Net: NetName=+3.3 Pin=*15-2
Removed Pin From Net: NetName=GND Pin=*16-2
Removed Pin From Net: NetName=GND Pin=*17-2
Removed Pin From Net: NetName=+3.3 Pin=*18-2
Removed Pin From Net: NetName=+3.3 Pin=*19-2
Removed Pin From Net: NetName=GND Pin=*20-2
Removed Pin From Net: NetName=GND Pin=*21-2
Removed Pin From Net: NetName=GND Pin=*22-2
Removed Pin From Net: NetName=+3.3 Pin=*23-2
Removed Pin From Net: NetName=+3.3 Pin=*24-2
Removed Pin From Net: NetName=+3.3 Pin=*25-2
Removed Pin From Net: NetName=+3.3 Pin=R31-2
Removed Pin From Net: NetName=NetH1_2 Pin=R32-1
Removed Pin From Net: NetName=GND Pin=R33-2
Removed Pin From Net: NetName=NetH1_2 Pin=R35-1
Removed Pin From Net: NetName=+3.3 Pin=R36-1
Removed Pin From Net: NetName=GND Pin=R43-1
Removed Pin From Net: NetName=+3.3 Pin=R106-2
Removed Pin From Net: NetName=NetADG3_8 Pin=R107-2
Removed Pin From Net: NetName=GND Pin=R108-2
Removed Pin From Net: NetName=NetADG3_8 Pin=R109-2
Removed Pin From Net: NetName=+3.3 Pin=R110-1
Removed Pin From Net: NetName=GND Pin=R111-1
Removed Pin From Net: NetName=+3.3 Pin=R114-2
Removed Pin From Net: NetName=+3.3 Pin=R115-2
Removed Pin From Net: NetName=detect_4 Pin=R116-2
Removed Pin From Net: NetName=detect_6 Pin=R117-2
Removed Pin From Net: NetName=GND Pin=R118-2
Removed Pin From Net: NetName=GND Pin=R119-2
Removed Pin From Net: NetName=detect_4 Pin=R120-2
Removed Pin From Net: NetName=+3.3 Pin=R121-1
Removed Pin From Net: NetName=detect_6 Pin=R122-2
Removed Pin From Net: NetName=+3.3 Pin=R123-1
Removed Pin From Net: NetName=+3.3 Pin=R124-2
Removed Pin From Net: NetName=GND Pin=R125-1
Removed Pin From Net: NetName=GND Pin=R126-1
Removed Pin From Net: NetName=detect_8 Pin=R127-2
Removed Pin From Net: NetName=GND Pin=R128-2
Removed Pin From Net: NetName=+3.3 Pin=R129-2
Removed Pin From Net: NetName=+3.3 Pin=R130-2
Removed Pin From Net: NetName=detect_5 Pin=R131-2
Removed Pin From Net: NetName=detect_7 Pin=R132-2
Removed Pin From Net: NetName=GND Pin=R133-2
Removed Pin From Net: NetName=detect_8 Pin=R134-2
Removed Pin From Net: NetName=+3.3 Pin=R135-1
Removed Pin From Net: NetName=GND Pin=R136-2
Removed Pin From Net: NetName=GND Pin=R137-1
Removed Pin From Net: NetName=detect_5 Pin=R138-2
Removed Pin From Net: NetName=+3.3 Pin=R139-1
Removed Pin From Net: NetName=detect_7 Pin=R140-2
Removed Pin From Net: NetName=+3.3 Pin=R141-1
Removed Pin From Net: NetName=GND Pin=R142-1
Removed Pin From Net: NetName=GND Pin=R143-1
Removed Member From Class: ClassName=channel_1 Member=*9
Removed Member From Class: ClassName=channel_1 Member=*10
Removed Member From Class: ClassName=channel_2 Member=*14
Removed Member From Class: ClassName=channel_2 Member=*15
Removed Member From Class: ClassName=channel_45678 Member=*16
Removed Member From Class: ClassName=channel_45678 Member=*17
Removed Member From Class: ClassName=channel_45678 Member=*18
Removed Member From Class: ClassName=channel_45678 Member=*19
Removed Member From Class: ClassName=channel_45678 Member=*20
Removed Member From Class: ClassName=channel_45678 Member=*21
Removed Member From Class: ClassName=channel_45678 Member=*22
Removed Member From Class: ClassName=channel_45678 Member=*23
Removed Member From Class: ClassName=channel_45678 Member=*24
Removed Member From Class: ClassName=channel_45678 Member=*25
Removed Member From Class: ClassName=channel_1 Member=R31
Removed Member From Class: ClassName=channel_1 Member=R32
Removed Member From Class: ClassName=channel_1 Member=R33
Removed Member From Class: ClassName=channel_1 Member=R35
Removed Member From Class: ClassName=channel_1 Member=R36
Removed Member From Class: ClassName=channel_1 Member=R43
Removed Member From Class: ClassName=channel_2 Member=R106
Removed Member From Class: ClassName=channel_2 Member=R107
Removed Member From Class: ClassName=channel_2 Member=R108
Removed Member From Class: ClassName=channel_2 Member=R109
Removed Member From Class: ClassName=channel_2 Member=R110
Removed Member From Class: ClassName=channel_2 Member=R111
Removed Member From Class: ClassName=channel_45678 Member=R114
Removed Member From Class: ClassName=channel_45678 Member=R115
Removed Member From Class: ClassName=channel_45678 Member=R116
Removed Member From Class: ClassName=channel_45678 Member=R117
Removed Member From Class: ClassName=channel_45678 Member=R118
Removed Member From Class: ClassName=channel_45678 Member=R119
Removed Member From Class: ClassName=channel_45678 Member=R120
Removed Member From Class: ClassName=channel_45678 Member=R121
Removed Member From Class: ClassName=channel_45678 Member=R122
Removed Member From Class: ClassName=channel_45678 Member=R123
Removed Member From Class: ClassName=channel_45678 Member=R124
Removed Member From Class: ClassName=channel_45678 Member=R125
Removed Member From Class: ClassName=channel_45678 Member=R126
Removed Member From Class: ClassName=channel_45678 Member=R127
Removed Member From Class: ClassName=channel_45678 Member=R128
Removed Member From Class: ClassName=channel_45678 Member=R129
Removed Member From Class: ClassName=channel_45678 Member=R130
Removed Member From Class: ClassName=channel_45678 Member=R131
Removed Member From Class: ClassName=channel_45678 Member=R132
Removed Member From Class: ClassName=channel_45678 Member=R133
Removed Member From Class: ClassName=channel_45678 Member=R134
Removed Member From Class: ClassName=channel_45678 Member=R135
Removed Member From Class: ClassName=channel_45678 Member=R136
Removed Member From Class: ClassName=channel_45678 Member=R137
Removed Member From Class: ClassName=channel_45678 Member=R138
Removed Member From Class: ClassName=channel_45678 Member=R139
Removed Member From Class: ClassName=channel_45678 Member=R140
Removed Member From Class: ClassName=channel_45678 Member=R141
Removed Member From Class: ClassName=channel_45678 Member=R142
Removed Member From Class: ClassName=channel_45678 Member=R143
