Change Component Designator: OldDesignator=BT8 NewDesignator=BT2
Change Component Designator: OldDesignator=channel1 NewDesignator=channel6
Change Component Designator: OldDesignator=channel2 NewDesignator=channel8
Change Component Designator: OldDesignator=channel3 NewDesignator=channel7
Change Component Designator: OldDesignator=channel4 NewDesignator=channel1
Change Component Designator: OldDesignator=channel5 NewDesignator=channel2
Change Component Designator: OldDesignator=channel6 NewDesignator=channel3
Change Component Designator: OldDesignator=channel7 NewDesignator=channel4
Change Component Designator: OldDesignator=channel8 NewDesignator=channel5
Change Component Designator: OldDesignator=down NewDesignator=down1
Change Component Designator: OldDesignator=left NewDesignator=left1
Change Component Designator: OldDesignator=ok NewDesignator=ok1
Change Component Designator: OldDesignator=R30 NewDesignator=R31
Change Component Designator: OldDesignator=R31 NewDesignator=R32
Change Component Designator: OldDesignator=R32 NewDesignator=R33
Change Component Designator: OldDesignator=R33 NewDesignator=R34
Change Component Designator: OldDesignator=R34 NewDesignator=R35
Change Component Designator: OldDesignator=R35 NewDesignator=R36
Change Component Designator: OldDesignator=R36 NewDesignator=R37
Change Component Designator: OldDesignator=R37 NewDesignator=R38
Change Component Designator: OldDesignator=R38 NewDesignator=R39
Change Component Designator: OldDesignator=R39 NewDesignator=R40
Change Component Designator: OldDesignator=R40 NewDesignator=R41
Change Component Designator: OldDesignator=R41 NewDesignator=R42
Change Component Designator: OldDesignator=R42 NewDesignator=R43
Change Component Designator: OldDesignator=R43 NewDesignator=R44
Change Component Designator: OldDesignator=R44 NewDesignator=R45
Change Component Designator: OldDesignator=R45 NewDesignator=R46
Change Component Designator: OldDesignator=R46 NewDesignator=R47
Change Component Designator: OldDesignator=R47 NewDesignator=R48
Change Component Designator: OldDesignator=R48 NewDesignator=R49
Change Component Designator: OldDesignator=right NewDesignator=right1
Change Component Designator: OldDesignator=setup NewDesignator=setup1
Change Component Designator: OldDesignator=up NewDesignator=up1
Added Component: Designator=R30(tro smd 0603)
Add component (AddParameter): Name = "Chung_Loai"; Value = "Dán"; VariantName = "[No Variations]"
Add component (AddParameter): Name = "Don_Vi"; Value = "Con"; VariantName = "[No Variations]"
Add component (AddParameter): Name = "Kieu_Chan"; Value = ""; VariantName = "[No Variations]"
Add component (AddParameter): Name = "Ma_Hang"; Value = "MH006333"; VariantName = "[No Variations]"
Add component (AddParameter): Name = "So_Chan"; Value = "2"; VariantName = "[No Variations]"
Add component (AddParameter): Name = "Ten_Linh_Kien"; Value = "Tr? 0603 1% 10k"; VariantName = "[No Variations]"
Added Pin To Net: NetName=GND Pin=R30-1
Change Net Name : Old Net Name=Netchannel2_1 New Net Name=Netchannel8_1
Change Net Name : Old Net Name=Netchannel2_2 New Net Name=Netchannel8_2
Change Net Name : Old Net Name=Netchannel3_1 New Net Name=Netchannel7_1
Change Net Name : Old Net Name=Netchannel3_2 New Net Name=Netchannel7_2
Change Net Name : Old Net Name=Netchannel4_2 New Net Name=Netchannel1_2
Change Net Name : Old Net Name=Netchannel5_2 New Net Name=Netchannel2_2
Change Net Name : Old Net Name=Netchannel7_2 New Net Name=Netchannel4_2
Change Net Name : Old Net Name=Netchannel8_2 New Net Name=Netchannel5_2
Change Net Name : Old Net Name=NetR32_2 New Net Name=NetR33_2
Change Net Name : Old Net Name=NetR34_2 New Net Name=NetR35_2
Change Net Name : Old Net Name=NetR42_2 New Net Name=NetR43_2
Change Net Name : Old Net Name=NetR43_2 New Net Name=NetR44_2
Change Net Name : Old Net Name=NetR45_2 New Net Name=NetR46_2
Change Net Name : Old Net Name=NetR46_2 New Net Name=NetR47_2
Added Pin To Net: NetName=Netchannel3_2 Pin=channel3-2
Added Pin To Net: NetName=Netchannel3_2 Pin=R30-2
Added Pin To Net: NetName=Netchannel3_2 Pin=U1-7
Added Net: Name=Netchannel3_2
Added Member To Class: ClassName=8_channels Member=Component R49 15k
