Removed Pin From Net: NetName=+5 Pin=*1-8
Removed Pin From Net: NetName=+5 Pin=R2-2
Removed Pin From Net: NetName=+5 Pin=R3-2
Added Component: Designator=JP?(JP 1x3 DT)
Add component (AddParameter): Name = "Chung_Loai"; Value = "C?m"; VariantName = "[No Variations]"
Add component (AddParameter): Name = "Don_Vi"; Value = "Con"; VariantName = "[No Variations]"
Add component (AddParameter): Name = "Ghi_Chu"; Value = ""; VariantName = "[No Variations]"
Add component (AddParameter): Name = "Kieu_Chan"; Value = ""; VariantName = "[No Variations]"
Add component (AddParameter): Name = "Ma_Hang"; Value = "MH000903"; VariantName = "[No Variations]"
Add component (AddParameter): Name = "Ten_Linh_Kien"; Value = "Jump Ðon Ð?c 2.54MM 1x40P Th?ng 11MM"; VariantName = "[No Variations]"
Added Component: Designator=JP?(JP 1x3 DT)
Add component (AddParameter): Name = "Chung_Loai"; Value = "C?m"; VariantName = "[No Variations]"
Add component (AddParameter): Name = "Don_Vi"; Value = "Con"; VariantName = "[No Variations]"
Add component (AddParameter): Name = "Ghi_Chu"; Value = ""; VariantName = "[No Variations]"
Add component (AddParameter): Name = "Kieu_Chan"; Value = ""; VariantName = "[No Variations]"
Add component (AddParameter): Name = "Ma_Hang"; Value = "MH000903"; VariantName = "[No Variations]"
Add component (AddParameter): Name = "Ten_Linh_Kien"; Value = "Jump Ðon Ð?c 2.54MM 1x40P Th?ng 11MM"; VariantName = "[No Variations]"
Added Pin To Net: NetName=+5 Pin=JP?-1
Added Pin To Net: NetName=+3.3 Pin=JP?-3
Added Pin To Net: NetName=Net*1_8 Pin=*1-8
Added Pin To Net: NetName=Net*1_8 Pin=JP?-2
Added Pin To Net: NetName=Net*1_8 Pin=R2-2
Added Pin To Net: NetName=Net*1_8 Pin=R3-2
Added Net: Name=Net*1_8
Added Member To Class: ClassName=real_time_clock Member=Component JP? JP 1x3 2.54
Added Member To Class: ClassName=real_time_clock Member=Component JP? JP 1x3 2.54
