Removed Pin From Net: NetName=OCS_IN Pin=IC1-5
Removed Pin From Net: NetName=OCS_OUT Pin=IC1-6
Removed Pin From Net: NetName=NetBT8_1 Pin=IC1-7
Removed Pin From Net: NetName=GND Pin=IC1-8
Removed Pin From Net: NetName=+3.3 Pin=IC1-9
Removed Pin From Net: NetName=Channel1 Pin=IC1-10
Removed Pin From Net: NetName=Channel2 Pin=IC1-11
Removed Pin From Net: NetName=Channel3 Pin=IC1-12
Removed Pin From Net: NetName=Channel4 Pin=IC1-13
Removed Pin From Net: NetName=Channel5 Pin=IC1-14
Removed Pin From Net: NetName=Channel6 Pin=IC1-15
Removed Pin From Net: NetName=Channel7 Pin=IC1-16
Removed Pin From Net: NetName=Channel8 Pin=IC1-17
Removed Pin From Net: NetName=setup Pin=IC1-18
Removed Pin From Net: NetName=ok Pin=IC1-19
Removed Pin From Net: NetName=up Pin=IC1-20
Removed Pin From Net: NetName=SCL_LCD Pin=IC1-21
Removed Pin From Net: NetName=SDA_LCD Pin=IC1-22
Removed Pin From Net: NetName=GND Pin=IC1-23
Removed Pin From Net: NetName=+3.3 Pin=IC1-24
Removed Pin From Net: NetName=CS_SDCARD Pin=IC1-25
Removed Pin From Net: NetName=SCK_SDCARD Pin=IC1-26
Removed Pin From Net: NetName=MISO_SDCARD Pin=IC1-27
Removed Pin From Net: NetName=MOSI_SDCARD Pin=IC1-28
Removed Pin From Net: NetName=RXD Pin=IC1-30
Removed Pin From Net: NetName=RXD_MCU Pin=IC1-31
Removed Pin From Net: NetName=SWDIO Pin=IC1-34
Removed Pin From Net: NetName=GND Pin=IC1-35
Removed Pin From Net: NetName=+3.3 Pin=IC1-36
Removed Pin From Net: NetName=SWCLK Pin=IC1-37
Removed Pin From Net: NetName=down Pin=IC1-39
Removed Pin From Net: NetName=right Pin=IC1-40
Removed Pin From Net: NetName=left Pin=IC1-41
Removed Pin From Net: NetName=SCL_DS1307 Pin=IC1-42
Removed Pin From Net: NetName=SDA_DS1307 Pin=IC1-43
Removed Pin From Net: NetName=CARD_DETECT Pin=IC1-46
Removed Pin From Net: NetName=GND Pin=IC1-47
Removed Pin From Net: NetName=+3.3 Pin=IC1-48
Removed Member From Class: ClassName=8_channels Member=C?
Removed Member From Class: ClassName=mcu Member=IC1
Removed Member From Class: ClassName=8_channels Member=R49
Removed Member From Class: ClassName=8_channels Member=R50
Change Component Designator: OldDesignator=*4 NewDesignator=*6
Change Component Designator: OldDesignator=C25 NewDesignator=C26
Change Component Designator: OldDesignator=C26 NewDesignator=C27
Change Component Designator: OldDesignator=C? NewDesignator=C25
Change Component Designator: OldDesignator=IC2 NewDesignator=IC1
Change Component Designator: OldDesignator=R17 NewDesignator=R14
Change Component Designator: OldDesignator=R18 NewDesignator=R15
Change Component Designator: OldDesignator=R19 NewDesignator=R16
Change Component Designator: OldDesignator=R20 NewDesignator=R17
Change Component Designator: OldDesignator=R21 NewDesignator=R18
Change Component Designator: OldDesignator=R22 NewDesignator=R19
Change Component Designator: OldDesignator=R23 NewDesignator=R20
Change Component Designator: OldDesignator=R24 NewDesignator=R21
Change Component Designator: OldDesignator=R25 NewDesignator=R22
Change Component Designator: OldDesignator=R26 NewDesignator=R23
Change Component Designator: OldDesignator=R27 NewDesignator=R24
Change Component Designator: OldDesignator=R28 NewDesignator=R25
Change Component Designator: OldDesignator=R29 NewDesignator=R26
Change Component Designator: OldDesignator=R30 NewDesignator=R36
Change Component Designator: OldDesignator=R31 NewDesignator=R27
Change Component Designator: OldDesignator=R32 NewDesignator=R28
Change Component Designator: OldDesignator=R33 NewDesignator=R29
Change Component Designator: OldDesignator=R34 NewDesignator=R30
Change Component Designator: OldDesignator=R35 NewDesignator=R31
Change Component Designator: OldDesignator=R36 NewDesignator=R39
Change Component Designator: OldDesignator=R37 NewDesignator=R40
Change Component Designator: OldDesignator=R38 NewDesignator=R41
Change Component Designator: OldDesignator=R39 NewDesignator=R32
Change Component Designator: OldDesignator=R40 NewDesignator=R33
Change Component Designator: OldDesignator=R41 NewDesignator=R34
Change Component Designator: OldDesignator=R42 NewDesignator=R35
Change Component Designator: OldDesignator=R43 NewDesignator=R37
Change Component Designator: OldDesignator=R44 NewDesignator=R38
Change Component Designator: OldDesignator=R45 NewDesignator=R42
Change Component Designator: OldDesignator=R46 NewDesignator=R43
Change Component Designator: OldDesignator=R47 NewDesignator=R44
Change Component Designator: OldDesignator=R48 NewDesignator=R45
Change Component Designator: OldDesignator=R49 NewDesignator=R46
Change Component Designator: OldDesignator=R50 NewDesignator=R47
Change Component Designator: OldDesignator=R51 NewDesignator=R48
Change component parameters: Designator = "C17" ("C17"); Footprint = "C_0603"; UniqueID = "\LPSJFGDE\EKQQWXSV" ("\LPSJFGDE\EKQQWXSV")
Change component parameters (AddParameter): Name = "Description SEL"; Value = "CAP CER 18PF 50V C0G/NP0 0603"; VariantName = "[No Variations]"
Change component parameters (AddParameter): Name = "Footprint Type"; Value = "SMD"; VariantName = "[No Variations]"
Change component parameters (AddParameter): Name = "Manufacturer"; Value = "Murata Electronics"; VariantName = "[No Variations]"
Change component parameters (AddParameter): Name = "Packaging"; Value = ""; VariantName = "[No Variations]"
Change component parameters (AddParameter): Name = "Part Code"; Value = "S1200-000093"; VariantName = "[No Variations]"
Change component parameters (AddParameter): Name = "Part Number"; Value = "GRM1885C1H180JA01J"; VariantName = "[No Variations]"
Change component parameters (AddParameter): Name = "Point"; Value = "2"; VariantName = "[No Variations]"
Change component parameters (AddParameter): Name = "Price"; Value = ""; VariantName = "[No Variations]"
Change component parameters (AddParameter): Name = "Supplier 1"; Value = ""; VariantName = "[No Variations]"
Change component parameters (AddParameter): Name = "Supplier Part Number 1"; Value = ""; VariantName = "[No Variations]"
Change component parameters (AddParameter): Name = "Value"; Value = "20pF"; VariantName = "[No Variations]"
Change component parameters: Designator = "C18" ("C18"); Footprint = "C_0603"; UniqueID = "\LPSJFGDE\GPFRCWPM" ("\LPSJFGDE\GPFRCWPM")
Change component parameters (AddParameter): Name = "Description SEL"; Value = "CAP CER 18PF 50V C0G/NP0 0603"; VariantName = "[No Variations]"
Change component parameters (AddParameter): Name = "Footprint Type"; Value = "SMD"; VariantName = "[No Variations]"
Change component parameters (AddParameter): Name = "Manufacturer"; Value = "Murata Electronics"; VariantName = "[No Variations]"
Change component parameters (AddParameter): Name = "Packaging"; Value = ""; VariantName = "[No Variations]"
Change component parameters (AddParameter): Name = "Part Code"; Value = "S1200-000093"; VariantName = "[No Variations]"
Change component parameters (AddParameter): Name = "Part Number"; Value = "GRM1885C1H180JA01J"; VariantName = "[No Variations]"
Change component parameters (AddParameter): Name = "Point"; Value = "2"; VariantName = "[No Variations]"
Change component parameters (AddParameter): Name = "Price"; Value = ""; VariantName = "[No Variations]"
Change component parameters (AddParameter): Name = "Supplier 1"; Value = ""; VariantName = "[No Variations]"
Change component parameters (AddParameter): Name = "Supplier Part Number 1"; Value = ""; VariantName = "[No Variations]"
Change component parameters (AddParameter): Name = "Value"; Value = "20pF"; VariantName = "[No Variations]"
Added Component: Designator=*4(STM32_LQPF48)
Added Pin To Net: NetName=+3.3 Pin=*4-1
Added Pin To Net: NetName=OCS_IN Pin=*4-5
Added Pin To Net: NetName=OCS_OUT Pin=*4-6
Added Pin To Net: NetName=NetBT8_1 Pin=*4-7
Added Pin To Net: NetName=GND Pin=*4-8
Added Pin To Net: NetName=+3.3 Pin=*4-9
Added Pin To Net: NetName=Channel1 Pin=*4-10
Added Pin To Net: NetName=Channel2 Pin=*4-11
Added Pin To Net: NetName=Channel3 Pin=*4-12
Added Pin To Net: NetName=Channel4 Pin=*4-13
Added Pin To Net: NetName=Channel5 Pin=*4-14
Added Pin To Net: NetName=Channel6 Pin=*4-15
Added Pin To Net: NetName=Channel7 Pin=*4-16
Added Pin To Net: NetName=Channel8 Pin=*4-17
Added Pin To Net: NetName=setup Pin=*4-18
Added Pin To Net: NetName=ok Pin=*4-19
Added Pin To Net: NetName=up Pin=*4-20
Added Pin To Net: NetName=SCL_LCD Pin=*4-21
Added Pin To Net: NetName=SDA_LCD Pin=*4-22
Added Pin To Net: NetName=GND Pin=*4-23
Added Pin To Net: NetName=+3.3 Pin=*4-24
Added Pin To Net: NetName=CS_SDCARD Pin=*4-25
Added Pin To Net: NetName=SCK_SDCARD Pin=*4-26
Added Pin To Net: NetName=MISO_SDCARD Pin=*4-27
Added Pin To Net: NetName=MOSI_SDCARD Pin=*4-28
Added Pin To Net: NetName=RXD Pin=*4-30
Added Pin To Net: NetName=RXD_MCU Pin=*4-31
Added Pin To Net: NetName=SWDIO Pin=*4-34
Added Pin To Net: NetName=SWCLK Pin=*4-37
Added Pin To Net: NetName=down Pin=*4-39
Added Pin To Net: NetName=right Pin=*4-40
Added Pin To Net: NetName=left Pin=*4-41
Added Pin To Net: NetName=SCL_DS1307 Pin=*4-42
Added Pin To Net: NetName=SDA_DS1307 Pin=*4-43
Added Pin To Net: NetName=CARD_DETECT Pin=*4-46
Added Pin To Net: NetName=GND Pin=*4-47
Added Pin To Net: NetName=+3.3 Pin=*4-48
Change Net Name : Old Net Name=NetBT8_1 New Net Name=Net*4_7
Change Net Name : Old Net Name=NetC26_2 New Net Name=NetC27_2
Change Net Name : Old Net Name=NetIC2_3 New Net Name=NetIC1_3
Change Net Name : Old Net Name=NetIC2_7 New Net Name=NetIC1_7
Change Net Name : Old Net Name=NetR39_2 New Net Name=NetR32_2
Change Net Name : Old Net Name=NetR41_2 New Net Name=NetR34_2
Change Net Name : Old Net Name=NetR45_2 New Net Name=NetR42_2
Change Net Name : Old Net Name=NetR46_2 New Net Name=NetR43_2
Change Net Name : Old Net Name=NetR48_2 New Net Name=NetR45_2
Change Net Name : Old Net Name=NetR49_2 New Net Name=NetR46_2
Added Pin To Net: NetName=Net*4_44 Pin=*4-44
Added Pin To Net: NetName=Net*4_44 Pin=R26-1
Added Net: Name=Net*4_44
Added Member To Class: ClassName=mcu Member=Component *4 STM32F030C8T6
Added Member To Class: ClassName=8_channels Member=Component C27 0603
Added Member To Class: ClassName=8_channels Member=Component R39 10k
Added Member To Class: ClassName=8_channels Member=Component R40 10k
