Removed Pin From Net: NetName=Net*2_39 Pin=ADG2-1
Removed Pin From Net: NetName=IN1- Pin=ADG2-8
Removed Pin From Net: NetName=Net*2_41 Pin=ADG2-15
Removed Pin From Net: NetName=Net*2_40 Pin=ADG2-16
Removed Pin From Net: NetName=NetADG2_9 Pin=R55-1
Removed Pin From Net: NetName=Net*11_4 Pin=R56-2
Removed Pin From Net: NetName=NetADG2_10 Pin=R59-1
Removed Pin From Net: NetName=Net*11_4 Pin=R60-2
Removed Pin From Net: NetName=NetADG2_11 Pin=R61-1
Removed Pin From Net: NetName=Net*11_4 Pin=R62-2
Removed Pin From Net: NetName=NetADG2_12 Pin=R64-1
Removed Pin From Net: NetName=Net*11_4 Pin=R65-2
Removed Pin From Net: NetName=+5 Pin=R66-2
Removed Pin From Net: NetName=NetADG2_7 Pin=R67-1
Removed Pin From Net: NetName=Net*11_4 Pin=R68-2
Removed Pin From Net: NetName=NetADG2_6 Pin=R69-2
Removed Pin From Net: NetName=Net*11_4 Pin=R70-2
Removed Pin From Net: NetName=NetADG2_5 Pin=R71-2
Removed Pin From Net: NetName=Net*11_4 Pin=R72-1
Removed Pin From Net: NetName=NetADG2_4 Pin=R73-2
Removed Pin From Net: NetName=Net*11_4 Pin=R74-1
Removed Member From Class: ClassName=channel_1 Member=R66
Added Pin To Net: NetName=Net*2_18 Pin=ADG2-1
Added Pin To Net: NetName=NetADG1_2 Pin=ADG2-2
Added Pin To Net: NetName=Net*11_4 Pin=ADG2-8
Added Pin To Net: NetName=Net*2_20 Pin=ADG2-15
Added Pin To Net: NetName=Net*2_19 Pin=ADG2-16
Added Pin To Net: NetName=IN1- Pin=R55-1
Added Pin To Net: NetName=NetADG2_4 Pin=R56-2
Added Pin To Net: NetName=IN1- Pin=R59-1
Added Pin To Net: NetName=NetADG2_5 Pin=R60-2
Added Pin To Net: NetName=IN1- Pin=R61-1
Added Pin To Net: NetName=NetADG2_6 Pin=R62-2
Added Pin To Net: NetName=IN1- Pin=R64-1
Added Pin To Net: NetName=NetADG2_7 Pin=R65-2
Added Pin To Net: NetName=IN1- Pin=R67-1
Added Pin To Net: NetName=NetADG2_12 Pin=R68-2
Added Pin To Net: NetName=IN1- Pin=R69-2
Added Pin To Net: NetName=NetADG2_11 Pin=R70-2
Added Pin To Net: NetName=IN1- Pin=R71-2
Added Pin To Net: NetName=NetADG2_10 Pin=R72-1
Added Pin To Net: NetName=IN1- Pin=R73-2
Added Pin To Net: NetName=NetADG2_9 Pin=R74-1
