Removed Pin From Net: NetName=2IN+ Pin=R42-2
Removed Pin From Net: NetName=2IN+ Pin=R45-2
Removed Pin From Net: NetName=2IN- Pin=R48-2
Removed Pin From Net: NetName=2IN- Pin=R49-1
Removed Pin From Net: NetName=2OUT Pin=R49-2
Removed Member From Class: ClassName=8_channels Member=R43
Removed Member From Class: ClassName=8_channels Member=R44
Removed Member From Class: ClassName=8_channels Member=R45
Removed Member From Class: ClassName=8_channels Member=R46
Removed Member From Class: ClassName=8_channels Member=R47
Removed Member From Class: ClassName=8_channels Member=R48
Removed Member From Class: ClassName=8_channels Member=R49
Change Component Footprint: Designator=R? Old Footprint=tro vach 1/2w New Footprint=tro vach 2w
Change Component Comment : Designator=R? Old Comment=0.22R New Comment=1M
Change Component Comment : Designator=R42 Old Comment=4.7k New Comment=2k
Change component parameters: Designator = "R?" ("R?"); Footprint = "tro vach 1/2w"; UniqueID = "\KNBFLCCG\TSCKXNSX" ("\KNBFLCCG\TSCKXNSX")
Change component parameters (AddParameter): Name = "Chung_Loai"; Value = "C?m"; VariantName = "[No Variations]"
Change component parameters (AddParameter): Name = "Don_Vi"; Value = "Con"; VariantName = "[No Variations]"
Change component parameters (AddParameter): Name = "Kieu_Chan"; Value = ""; VariantName = "[No Variations]"
Change component parameters (AddParameter): Name = "Ma_Hang"; Value = "MH006365"; VariantName = "[No Variations]"
Change component parameters (AddParameter): Name = "So_Chan"; Value = "2"; VariantName = "[No Variations]"
Change component parameters (AddParameter): Name = "Ten_Linh_Kien"; Value = "Tr? 5% 2w 1M"; VariantName = "[No Variations]"
Added Component: Designator=*(Varistor 471K)
Added Component: Designator=*(SOT23-5)
Added Component: Designator=C?(C_0603)
Add component (AddParameter): Name = "Description SEL"; Value = "CAP CER 1000PF 25V X7R 0603"; VariantName = "[No Variations]"
Add component (AddParameter): Name = "Footprint Type"; Value = "SMD"; VariantName = "[No Variations]"
Add component (AddParameter): Name = "Manufacturer"; Value = "Murata Electronics"; VariantName = "[No Variations]"
Add component (AddParameter): Name = "Packaging"; Value = ""; VariantName = "[No Variations]"
Add component (AddParameter): Name = "Part Code"; Value = "S1200-000081"; VariantName = "[No Variations]"
Add component (AddParameter): Name = "Part Number"; Value = "GCM188R71E102KA37D"; VariantName = "[No Variations]"
Add component (AddParameter): Name = "Point"; Value = "2"; VariantName = "[No Variations]"
Add component (AddParameter): Name = "Price"; Value = ""; VariantName = "[No Variations]"
Add component (AddParameter): Name = "Supplier 1"; Value = ""; VariantName = "[No Variations]"
Add component (AddParameter): Name = "Supplier Part Number 1"; Value = ""; VariantName = "[No Variations]"
Add component (AddParameter): Name = "Value"; Value = "0.1uF"; VariantName = "[No Variations]"
Added Pin To Net: NetName=GND Pin=*-2
Added Pin To Net: NetName=GND Pin=*-2
Added Pin To Net: NetName=+5 Pin=*-5
Added Pin To Net: NetName=GND Pin=C?-1
Added Pin To Net: NetName=Channel1 Pin=C?-2
Added Pin To Net: NetName=GND Pin=channel8-1
Change Net Name : Old Net Name=REF New Net Name=2.5V
Added Pin To Net: NetName=Net*_1 Pin=*-1
Added Pin To Net: NetName=Net*_1 Pin=R42-2
Added Pin To Net: NetName=Net*_1 Pin=R?-2
Added Net: Name=Net*_1
Added Pin To Net: NetName=Net*_3 Pin=*-3
Added Pin To Net: NetName=Net*_3 Pin=*-4
Added Net: Name=Net*_3
Added Member To Class: ClassName=8_channels Member=Component * Varistor 471K
Added Member To Class: ClassName=8_channels Member=Component * LMV321
Added Member To Class: ClassName=8_channels Member=Component C? 0603
