Removed Pin From Net: NetName=NetBT?_1 Pin=C?-2
Removed Pin From Net: NetName=RXD Pin=J?-2
Removed Member From Class: ClassName=mcu Member=BT?
Removed Member From Class: ClassName=button Member=C?
Removed Member From Class: ClassName=lcd2004 Member=J?
Removed Member From Class: ClassName=sd_card Member=J?
Removed Member From Class: ClassName=mcu Member=R?
Change Component Designator: OldDesignator=BT? NewDesignator=BT2
Change Component Designator: OldDesignator=BT? NewDesignator=BT3
Change Component Designator: OldDesignator=BT? NewDesignator=BT4
Change Component Designator: OldDesignator=BT? NewDesignator=BT5
Change Component Designator: OldDesignator=BT? NewDesignator=BT6
Change Component Designator: OldDesignator=BT? NewDesignator=BT7
Change Component Designator: OldDesignator=BT? NewDesignator=BT8
Change Component Designator: OldDesignator=C? NewDesignator=C5
Change Component Designator: OldDesignator=C? NewDesignator=C6
Change Component Designator: OldDesignator=C? NewDesignator=C7
Change Component Designator: OldDesignator=C? NewDesignator=C8
Change Component Designator: OldDesignator=C? NewDesignator=C9
Change Component Designator: OldDesignator=C? NewDesignator=C10
Change Component Designator: OldDesignator=C? NewDesignator=C11
Change Component Designator: OldDesignator=C? NewDesignator=C12
Change Component Designator: OldDesignator=IC? NewDesignator=IC1
Change Component Designator: OldDesignator=J? NewDesignator=J1
Change Component Designator: OldDesignator=J? NewDesignator=J2
Change Component Designator: OldDesignator=J? NewDesignator=J3
Change Component Designator: OldDesignator=R? NewDesignator=R3
Change Component Designator: OldDesignator=R? NewDesignator=R4
Change Component Designator: OldDesignator=R? NewDesignator=R5
Change Component Designator: OldDesignator=R? NewDesignator=R6
Change Component Designator: OldDesignator=R? NewDesignator=R7
Change Component Designator: OldDesignator=R? NewDesignator=R8
Change Component Designator: OldDesignator=R? NewDesignator=R9
Change Component Designator: OldDesignator=R? NewDesignator=R10
Change Component Designator: OldDesignator=X? NewDesignator=X1
Added Component: Designator=*2(R_SHUNT_2512)
Add component (AddParameter): Name = "Description SEL"; Value = "RES SMD 16 OHM 5% 2W 2512"; VariantName = "[No Variations]"
Add component (AddParameter): Name = "Footprint Type"; Value = "SMD"; VariantName = "[No Variations]"
Add component (AddParameter): Name = "Manufacturer"; Value = "Bourns Inc."; VariantName = "[No Variations]"
Add component (AddParameter): Name = "Packaging"; Value = ""; VariantName = "[No Variations]"
Add component (AddParameter): Name = "Part Code"; Value = "S1100-000174"; VariantName = "[No Variations]"
Add component (AddParameter): Name = "Part Number"; Value = "CRM2512-JW-160ELF"; VariantName = "[No Variations]"
Add component (AddParameter): Name = "Point"; Value = "2"; VariantName = "[No Variations]"
Add component (AddParameter): Name = "Power"; Value = "2W"; VariantName = "[No Variations]"
Add component (AddParameter): Name = "Price"; Value = ""; VariantName = "[No Variations]"
Add component (AddParameter): Name = "Supplier 1"; Value = ""; VariantName = "[No Variations]"
Add component (AddParameter): Name = "Supplier Part Number 1"; Value = ""; VariantName = "[No Variations]"
Add component (AddParameter): Name = "Tolerance"; Value = "5%"; VariantName = "[No Variations]"
Add component (AddParameter): Name = "Value"; Value = "16Ohm"; VariantName = "[No Variations]"
Added Component: Designator=Channel1(15EDGR-3.81-3P)
Add component (AddParameter): Name = "Description SEL"; Value = "Header_3_2p5_MOLEX"; VariantName = "[No Variations]"
Add component (AddParameter): Name = "Footprint Type"; Value = "TH"; VariantName = "[No Variations]"
Add component (AddParameter): Name = "Manufacturer"; Value = "MOLEX"; VariantName = "[No Variations]"
Add component (AddParameter): Name = "Packaging"; Value = ""; VariantName = "[No Variations]"
Add component (AddParameter): Name = "Part Code"; Value = "S1900-000040"; VariantName = "[No Variations]"
Add component (AddParameter): Name = "Part Number"; Value = "2078430003"; VariantName = "[No Variations]"
Add component (AddParameter): Name = "Point"; Value = "3"; VariantName = "[No Variations]"
Add component (AddParameter): Name = "Price"; Value = ""; VariantName = "[No Variations]"
Add component (AddParameter): Name = "Supplier 1"; Value = ""; VariantName = "[No Variations]"
Add component (AddParameter): Name = "Supplier Part Number 1"; Value = ""; VariantName = "[No Variations]"
Add component (AddParameter): Name = "Value"; Value = ""; VariantName = "[No Variations]"
Added Component: Designator=Channel2(15EDGR-3.81-3P)
Add component (AddParameter): Name = "Description SEL"; Value = "Header_3_2p5_MOLEX"; VariantName = "[No Variations]"
Add component (AddParameter): Name = "Footprint Type"; Value = "TH"; VariantName = "[No Variations]"
Add component (AddParameter): Name = "Manufacturer"; Value = "MOLEX"; VariantName = "[No Variations]"
Add component (AddParameter): Name = "Packaging"; Value = ""; VariantName = "[No Variations]"
Add component (AddParameter): Name = "Part Code"; Value = "S1900-000040"; VariantName = "[No Variations]"
Add component (AddParameter): Name = "Part Number"; Value = "2078430003"; VariantName = "[No Variations]"
Add component (AddParameter): Name = "Point"; Value = "3"; VariantName = "[No Variations]"
Add component (AddParameter): Name = "Price"; Value = ""; VariantName = "[No Variations]"
Add component (AddParameter): Name = "Supplier 1"; Value = ""; VariantName = "[No Variations]"
Add component (AddParameter): Name = "Supplier Part Number 1"; Value = ""; VariantName = "[No Variations]"
Add component (AddParameter): Name = "Value"; Value = ""; VariantName = "[No Variations]"
Added Component: Designator=Channel3(15EDGR-3.81-3P)
Add component (AddParameter): Name = "Description SEL"; Value = "Header_3_2p5_MOLEX"; VariantName = "[No Variations]"
Add component (AddParameter): Name = "Footprint Type"; Value = "TH"; VariantName = "[No Variations]"
Add component (AddParameter): Name = "Manufacturer"; Value = "MOLEX"; VariantName = "[No Variations]"
Add component (AddParameter): Name = "Packaging"; Value = ""; VariantName = "[No Variations]"
Add component (AddParameter): Name = "Part Code"; Value = "S1900-000040"; VariantName = "[No Variations]"
Add component (AddParameter): Name = "Part Number"; Value = "2078430003"; VariantName = "[No Variations]"
Add component (AddParameter): Name = "Point"; Value = "3"; VariantName = "[No Variations]"
Add component (AddParameter): Name = "Price"; Value = ""; VariantName = "[No Variations]"
Add component (AddParameter): Name = "Supplier 1"; Value = ""; VariantName = "[No Variations]"
Add component (AddParameter): Name = "Supplier Part Number 1"; Value = ""; VariantName = "[No Variations]"
Add component (AddParameter): Name = "Value"; Value = ""; VariantName = "[No Variations]"
Added Component: Designator=Channel4(15EDGR-3.81-3P)
Add component (AddParameter): Name = "Description SEL"; Value = "Header_3_2p5_MOLEX"; VariantName = "[No Variations]"
Add component (AddParameter): Name = "Footprint Type"; Value = "TH"; VariantName = "[No Variations]"
Add component (AddParameter): Name = "Manufacturer"; Value = "MOLEX"; VariantName = "[No Variations]"
Add component (AddParameter): Name = "Packaging"; Value = ""; VariantName = "[No Variations]"
Add component (AddParameter): Name = "Part Code"; Value = "S1900-000040"; VariantName = "[No Variations]"
Add component (AddParameter): Name = "Part Number"; Value = "2078430003"; VariantName = "[No Variations]"
Add component (AddParameter): Name = "Point"; Value = "3"; VariantName = "[No Variations]"
Add component (AddParameter): Name = "Price"; Value = ""; VariantName = "[No Variations]"
Add component (AddParameter): Name = "Supplier 1"; Value = ""; VariantName = "[No Variations]"
Add component (AddParameter): Name = "Supplier Part Number 1"; Value = ""; VariantName = "[No Variations]"
Add component (AddParameter): Name = "Value"; Value = ""; VariantName = "[No Variations]"
Added Component: Designator=Channel5(15EDGR-3.81-3P)
Add component (AddParameter): Name = "Description SEL"; Value = "Header_3_2p5_MOLEX"; VariantName = "[No Variations]"
Add component (AddParameter): Name = "Footprint Type"; Value = "TH"; VariantName = "[No Variations]"
Add component (AddParameter): Name = "Manufacturer"; Value = "MOLEX"; VariantName = "[No Variations]"
Add component (AddParameter): Name = "Packaging"; Value = ""; VariantName = "[No Variations]"
Add component (AddParameter): Name = "Part Code"; Value = "S1900-000040"; VariantName = "[No Variations]"
Add component (AddParameter): Name = "Part Number"; Value = "2078430003"; VariantName = "[No Variations]"
Add component (AddParameter): Name = "Point"; Value = "3"; VariantName = "[No Variations]"
Add component (AddParameter): Name = "Price"; Value = ""; VariantName = "[No Variations]"
Add component (AddParameter): Name = "Supplier 1"; Value = ""; VariantName = "[No Variations]"
Add component (AddParameter): Name = "Supplier Part Number 1"; Value = ""; VariantName = "[No Variations]"
Add component (AddParameter): Name = "Value"; Value = ""; VariantName = "[No Variations]"
Added Component: Designator=Channel6(15EDGR-3.81-3P)
Add component (AddParameter): Name = "Description SEL"; Value = "Header_3_2p5_MOLEX"; VariantName = "[No Variations]"
Add component (AddParameter): Name = "Footprint Type"; Value = "TH"; VariantName = "[No Variations]"
Add component (AddParameter): Name = "Manufacturer"; Value = "MOLEX"; VariantName = "[No Variations]"
Add component (AddParameter): Name = "Packaging"; Value = ""; VariantName = "[No Variations]"
Add component (AddParameter): Name = "Part Code"; Value = "S1900-000040"; VariantName = "[No Variations]"
Add component (AddParameter): Name = "Part Number"; Value = "2078430003"; VariantName = "[No Variations]"
Add component (AddParameter): Name = "Point"; Value = "3"; VariantName = "[No Variations]"
Add component (AddParameter): Name = "Price"; Value = ""; VariantName = "[No Variations]"
Add component (AddParameter): Name = "Supplier 1"; Value = ""; VariantName = "[No Variations]"
Add component (AddParameter): Name = "Supplier Part Number 1"; Value = ""; VariantName = "[No Variations]"
Add component (AddParameter): Name = "Value"; Value = ""; VariantName = "[No Variations]"
Added Component: Designator=Channel7(15EDGR-3.81-3P)
Add component (AddParameter): Name = "Description SEL"; Value = "Header_3_2p5_MOLEX"; VariantName = "[No Variations]"
Add component (AddParameter): Name = "Footprint Type"; Value = "TH"; VariantName = "[No Variations]"
Add component (AddParameter): Name = "Manufacturer"; Value = "MOLEX"; VariantName = "[No Variations]"
Add component (AddParameter): Name = "Packaging"; Value = ""; VariantName = "[No Variations]"
Add component (AddParameter): Name = "Part Code"; Value = "S1900-000040"; VariantName = "[No Variations]"
Add component (AddParameter): Name = "Part Number"; Value = "2078430003"; VariantName = "[No Variations]"
Add component (AddParameter): Name = "Point"; Value = "3"; VariantName = "[No Variations]"
Add component (AddParameter): Name = "Price"; Value = ""; VariantName = "[No Variations]"
Add component (AddParameter): Name = "Supplier 1"; Value = ""; VariantName = "[No Variations]"
Add component (AddParameter): Name = "Supplier Part Number 1"; Value = ""; VariantName = "[No Variations]"
Add component (AddParameter): Name = "Value"; Value = ""; VariantName = "[No Variations]"
Added Component: Designator=Channel8(15EDGR-3.81-3P)
Add component (AddParameter): Name = "Description SEL"; Value = "Header_3_2p5_MOLEX"; VariantName = "[No Variations]"
Add component (AddParameter): Name = "Footprint Type"; Value = "TH"; VariantName = "[No Variations]"
Add component (AddParameter): Name = "Manufacturer"; Value = "MOLEX"; VariantName = "[No Variations]"
Add component (AddParameter): Name = "Packaging"; Value = ""; VariantName = "[No Variations]"
Add component (AddParameter): Name = "Part Code"; Value = "S1900-000040"; VariantName = "[No Variations]"
Add component (AddParameter): Name = "Part Number"; Value = "2078430003"; VariantName = "[No Variations]"
Add component (AddParameter): Name = "Point"; Value = "3"; VariantName = "[No Variations]"
Add component (AddParameter): Name = "Price"; Value = ""; VariantName = "[No Variations]"
Add component (AddParameter): Name = "Supplier 1"; Value = ""; VariantName = "[No Variations]"
Add component (AddParameter): Name = "Supplier Part Number 1"; Value = ""; VariantName = "[No Variations]"
Add component (AddParameter): Name = "Value"; Value = ""; VariantName = "[No Variations]"
Added Component: Designator=D1(DIODE CAU 1A SMD SOP4)
Add component (AddParameter): Name = "Chung_Loai"; Value = "Dán"; VariantName = "[No Variations]"
Add component (AddParameter): Name = "Don_Vi"; Value = "Con"; VariantName = "[No Variations]"
Add component (AddParameter): Name = "Ghi_Chu"; Value = ""; VariantName = "[No Variations]"
Add component (AddParameter): Name = "Kieu_Chan"; Value = ""; VariantName = "[No Variations]"
Add component (AddParameter): Name = "Ma_Hang"; Value = "MH009806"; VariantName = "[No Variations]"
Add component (AddParameter): Name = "Ten_Linh_Kien"; Value = "DBS10 SOP4 Diode C?u 1A 1000V"; VariantName = "[No Variations]"
Added Pin To Net: NetName=GND Pin=*2-2
Added Pin To Net: NetName=GND Pin=BT8-2
Added Pin To Net: NetName=GND Pin=C11-2
Added Pin To Net: NetName=GND Pin=C12-2
Added Pin To Net: NetName=GND Pin=Channel1-1
Added Pin To Net: NetName=+3.3 Pin=Channel1-3
Added Pin To Net: NetName=GND Pin=Channel2-1
Added Pin To Net: NetName=+3.3 Pin=Channel2-3
Added Pin To Net: NetName=GND Pin=Channel3-1
Added Pin To Net: NetName=+3.3 Pin=Channel3-3
Added Pin To Net: NetName=GND Pin=Channel5-1
Added Pin To Net: NetName=+3.3 Pin=Channel5-3
Added Pin To Net: NetName=GND Pin=Channel6-1
Added Pin To Net: NetName=+3.3 Pin=Channel6-3
Added Pin To Net: NetName=GND Pin=Channel7-1
Added Pin To Net: NetName=+3.3 Pin=Channel7-3
Added Pin To Net: NetName=GND Pin=Channel8-1
Added Pin To Net: NetName=+3.3 Pin=Channel8-3
Added Pin To Net: NetName=GND Pin=D1-4
Added Pin To Net: NetName=GND Pin=IC1-8
Added Pin To Net: NetName=+3.3 Pin=IC1-9
Added Pin To Net: NetName=setup Pin=IC1-18
Added Pin To Net: NetName=ok Pin=IC1-19
Added Pin To Net: NetName=up Pin=IC1-20
Added Pin To Net: NetName=SCL_LCD Pin=IC1-21
Added Pin To Net: NetName=SDA_LCD Pin=IC1-22
Added Pin To Net: NetName=GND Pin=IC1-23
Added Pin To Net: NetName=+3.3 Pin=IC1-24
Added Pin To Net: NetName=CS_SDCARD Pin=IC1-25
Added Pin To Net: NetName=SCK_SDCARD Pin=IC1-26
Added Pin To Net: NetName=MISO_SDCARD Pin=IC1-27
Added Pin To Net: NetName=MOSI_SDCARD Pin=IC1-28
Added Pin To Net: NetName=RXD Pin=IC1-31
Added Pin To Net: NetName=GND Pin=IC1-35
Added Pin To Net: NetName=+3.3 Pin=IC1-36
Added Pin To Net: NetName=down Pin=IC1-39
Added Pin To Net: NetName=right Pin=IC1-40
Added Pin To Net: NetName=left Pin=IC1-41
Added Pin To Net: NetName=SCL_DS1307 Pin=IC1-42
Added Pin To Net: NetName=SDA_DS1307 Pin=IC1-43
Added Pin To Net: NetName=GND Pin=IC1-47
Added Pin To Net: NetName=+3.3 Pin=IC1-48
Added Pin To Net: NetName=RXD Pin=J3-3
Added Pin To Net: NetName=+3.3 Pin=R9-2
Added Pin To Net: NetName=GND Pin=R10-2
Change Net Name : Old Net Name=NetBT?_1 New Net Name=NetBT8_1
Change Net Name : Old Net Name=NetIC?_44 New Net Name=NetIC1_44
Change Net Color : Old Net Color=RGB(158, 161, 117) New Net Color=RGB(0, 190, 0)
Change Net Color : Old Net Color=RGB(158, 161, 117) New Net Color=RGB(255, 110, 110)
Change Net Color : Old Net Color=RGB(158, 161, 117) New Net Color=RGB(101, 103, 100)
Added Pin To Net: NetName=Channel1 Pin=Channel2-2
Added Pin To Net: NetName=Channel1 Pin=IC1-10
Added Net: Name=Channel1
Added Pin To Net: NetName=Channel2 Pin=Channel6-2
Added Pin To Net: NetName=Channel2 Pin=IC1-11
Added Net: Name=Channel2
Added Pin To Net: NetName=Channel3 Pin=*2-1
Added Pin To Net: NetName=Channel3 Pin=D1-3
Added Pin To Net: NetName=Channel3 Pin=IC1-12
Added Net: Name=Channel3
Added Pin To Net: NetName=Channel4 Pin=Channel1-2
Added Pin To Net: NetName=Channel4 Pin=IC1-13
Added Net: Name=Channel4
Added Pin To Net: NetName=Channel5 Pin=Channel3-2
Added Pin To Net: NetName=Channel5 Pin=IC1-14
Added Net: Name=Channel5
Added Pin To Net: NetName=Channel6 Pin=Channel5-2
Added Pin To Net: NetName=Channel6 Pin=IC1-15
Added Net: Name=Channel6
Added Pin To Net: NetName=Channel7 Pin=Channel7-2
Added Pin To Net: NetName=Channel7 Pin=IC1-16
Added Net: Name=Channel7
Added Pin To Net: NetName=Channel8 Pin=Channel8-2
Added Pin To Net: NetName=Channel8 Pin=IC1-17
Added Net: Name=Channel8
Added Pin To Net: NetName=NetChannel4_1 Pin=Channel4-1
Added Pin To Net: NetName=NetChannel4_1 Pin=D1-2
Added Net: Name=NetChannel4_1
Added Pin To Net: NetName=NetChannel4_3 Pin=Channel4-3
Added Pin To Net: NetName=NetChannel4_3 Pin=D1-1
Added Net: Name=NetChannel4_3
Added Class: Name=8_channels
Added Member To Class: ClassName=button Member=Component BT2 Nut Nhan 4 Chan Cam 6x6
Added Member To Class: ClassName=button Member=Component BT3 Nut Nhan 4 Chan Cam 6x6
Added Member To Class: ClassName=button Member=Component BT4 Nut Nhan 4 Chan Cam 6x6
Added Member To Class: ClassName=button Member=Component BT6 Nut Nhan 4 Chan Cam 6x6
Added Member To Class: ClassName=button Member=Component BT7 Nut Nhan 4 Chan Cam 6x6
Added Member To Class: ClassName=mcu Member=Component BT8 BUTTON_2P
Added Member To Class: ClassName=button Member=Component C5 0603
Added Member To Class: ClassName=button Member=Component C6 0603
Added Member To Class: ClassName=button Member=Component C7 0603
Added Member To Class: ClassName=button Member=Component C8 0603
Added Member To Class: ClassName=button Member=Component C9 0603
Added Member To Class: ClassName=button Member=Component C10 0603
Added Member To Class: ClassName=mcu Member=Component C11 0603
Added Member To Class: ClassName=lcd2004 Member=Component J1 Header_4
Added Member To Class: ClassName=sd_card Member=Component J2 Header_6
Added Member To Class: ClassName=button Member=Component R3 0603
Added Member To Class: ClassName=button Member=Component R4 0603
Added Member To Class: ClassName=button Member=Component R5 0603
Added Member To Class: ClassName=button Member=Component R6 0603
Added Member To Class: ClassName=button Member=Component R8 0603
Added Member To Class: ClassName=mcu Member=Component R9 0603
Added Member To Class: ClassName=mcu Member=Component R10 0603
Added Room: Name=8_channels
