Removed Pin From Net: NetName=Channel3 Pin=*2-1
Removed Pin From Net: NetName=GND Pin=*2-2
Removed Pin From Net: NetName=+5 Pin=AMS1-3
Removed Pin From Net: NetName=+5 Pin=C1-1
Removed Pin From Net: NetName=+5 Pin=C2-1
Removed Pin From Net: NetName=GND Pin=Channel1-1
Removed Pin From Net: NetName=Channel4 Pin=Channel1-2
Removed Pin From Net: NetName=+3.3 Pin=Channel1-3
Removed Pin From Net: NetName=GND Pin=Channel2-1
Removed Pin From Net: NetName=Channel1 Pin=Channel2-2
Removed Pin From Net: NetName=+3.3 Pin=Channel2-3
Removed Pin From Net: NetName=GND Pin=Channel3-1
Removed Pin From Net: NetName=Channel5 Pin=Channel3-2
Removed Pin From Net: NetName=+3.3 Pin=Channel3-3
Removed Pin From Net: NetName=GND Pin=Channel4-1
Removed Pin From Net: NetName=Channel6 Pin=Channel4-2
Removed Pin From Net: NetName=+3.3 Pin=Channel4-3
Removed Pin From Net: NetName=GND Pin=Channel5-1
Removed Pin From Net: NetName=Channel2 Pin=Channel5-2
Removed Pin From Net: NetName=+3.3 Pin=Channel5-3
Removed Pin From Net: NetName=GND Pin=Channel6-1
Removed Pin From Net: NetName=Channel7 Pin=Channel6-2
Removed Pin From Net: NetName=+3.3 Pin=Channel6-3
Removed Pin From Net: NetName=GND Pin=Channel7-1
Removed Pin From Net: NetName=Channel8 Pin=Channel7-2
Removed Pin From Net: NetName=+3.3 Pin=Channel7-3
Removed Pin From Net: NetName=Channel3 Pin=D1-3
Removed Pin From Net: NetName=GND Pin=D1-4
Removed Pin From Net: NetName=GND Pin=J1-1
Removed Pin From Net: NetName=+5 Pin=J1-2
Removed Pin From Net: NetName=SCL_LCD Pin=J1-3
Removed Pin From Net: NetName=SDA_LCD Pin=J1-4
Removed Pin From Net: NetName=+5 Pin=J2-2
Removed Pin From Net: NetName=MISO_SDCARD Pin=J2-3
Removed Pin From Net: NetName=MOSI_SDCARD Pin=J2-4
Removed Pin From Net: NetName=SCK_SDCARD Pin=J2-5
Removed Pin From Net: NetName=CS_SDCARD Pin=J2-6
Removed Pin From Net: NetName=RXD Pin=J3-2
Removed Pin From Net: NetName=RXD_MCU Pin=J3-3
Removed Pin From Net: NetName=+3.3 Pin=J3-4
Removed Pin From Net: NetName=+3.3 Pin=J3-5
Removed Pin From Net: NetName=+5 Pin=USB1-1
Removed Member From Class: ClassName=8_channels Member=*2
Removed Member From Class: ClassName=8_channels Member=Channel1
Removed Member From Class: ClassName=8_channels Member=Channel2
Removed Member From Class: ClassName=8_channels Member=Channel3
Removed Member From Class: ClassName=8_channels Member=Channel4
Removed Member From Class: ClassName=8_channels Member=Channel5
Removed Member From Class: ClassName=8_channels Member=Channel6
Removed Member From Class: ClassName=8_channels Member=Channel7
Removed Member From Class: ClassName=8_channels Member=D1
Removed Member From Class: ClassName=lcd2004 Member=J1
Removed Member From Class: ClassName=sd_card Member=J2
Removed Member From Class: ClassName=uart_to_usb Member=J3
Change Component Footprint: Designator=J5 Old Footprint=HEADER_2 New Footprint=15edgr-3.81-2p
Change Component Footprint: Designator=J2 Old Footprint=HEADER_6_2P54_SHROUDED New Footprint=15edgr-3.81-2p
Change Component Footprint: Designator=J3 Old Footprint=JUMP_1X5 New Footprint=15edgr-3.81-2p
Change Component Footprint: Designator=*2 Old Footprint=R_SHUNT_2512 New Footprint=SOIC 16
Change Component Comment : Designator=J3 Old Comment=Header_5 New Comment=CONN HEADER VERT 2POS 2.5MM
Change Component Comment : Designator=J2 Old Comment=Header_6 New Comment=CONN HEADER VERT 2POS 2.5MM
Change Component Comment : Designator=*2 Old Comment=Resistor_2512_100R_1W New Comment=PCF8574
Change Component Designator: OldDesignator=C5 NewDesignator=C7
Change Component Designator: OldDesignator=C6 NewDesignator=C8
Change Component Designator: OldDesignator=C7 NewDesignator=C9
Change Component Designator: OldDesignator=C8 NewDesignator=C10
Change Component Designator: OldDesignator=C9 NewDesignator=C11
Change Component Designator: OldDesignator=C10 NewDesignator=C12
Change Component Designator: OldDesignator=C11 NewDesignator=C17
Change Component Designator: OldDesignator=C12 NewDesignator=C18
Change Component Designator: OldDesignator=C13 NewDesignator=C19
Change Component Designator: OldDesignator=C14 NewDesignator=C20
Change Component Designator: OldDesignator=C15 NewDesignator=C21
Change Component Designator: OldDesignator=C16 NewDesignator=C22
Change Component Designator: OldDesignator=C17 NewDesignator=C23
Change Component Designator: OldDesignator=J4 NewDesignator=J1
Change Component Designator: OldDesignator=J5 NewDesignator=J8
Change Component Designator: OldDesignator=R3 NewDesignator=R18
Change Component Designator: OldDesignator=R4 NewDesignator=R19
Change Component Designator: OldDesignator=R5 NewDesignator=R20
Change Component Designator: OldDesignator=R6 NewDesignator=R21
Change Component Designator: OldDesignator=R7 NewDesignator=R22
Change Component Designator: OldDesignator=R8 NewDesignator=R23
Change Component Designator: OldDesignator=R9 NewDesignator=R28
Change Component Designator: OldDesignator=R10 NewDesignator=R29
Change component parameters: Designator = "J2" ("J2"); Footprint = "HEADER_6_2P54_SHROUDED"; UniqueID = "\KNBFLCCG\VBFUOYIJ" ("\KNBFLCCG\VBFUOYIJ")
Change component parameters (AddParameter): Name = "Description SEL"; Value = "CONN HEADER VERT 2POS 2.5MM"; VariantName = "[No Variations]"
Change component parameters (AddParameter): Name = "Footprint Type"; Value = "TH"; VariantName = "[No Variations]"
Change component parameters (AddParameter): Name = "Manufacturer"; Value = "JST Sales America Inc."; VariantName = "[No Variations]"
Change component parameters (AddParameter): Name = "Packaging"; Value = ""; VariantName = "[No Variations]"
Change component parameters (AddParameter): Name = "Part Code"; Value = "S1900-000037"; VariantName = "[No Variations]"
Change component parameters (AddParameter): Name = "Part Number"; Value = "B2B-XH-A(LF)(SN)"; VariantName = "[No Variations]"
Change component parameters (AddParameter): Name = "Point"; Value = "2"; VariantName = "[No Variations]"
Change component parameters (AddParameter): Name = "Price"; Value = ""; VariantName = "[No Variations]"
Change component parameters (AddParameter): Name = "Supplier 1"; Value = ""; VariantName = "[No Variations]"
Change component parameters (AddParameter): Name = "Supplier Part Number 1"; Value = ""; VariantName = "[No Variations]"
Change component parameters (AddParameter): Name = "Value"; Value = "Header_2"; VariantName = "[No Variations]"
Change component parameters: Designator = "J3" ("J3"); Footprint = "JUMP_1X5"; UniqueID = "\KNBFLCCG\JJWUNXTJ" ("\KNBFLCCG\JJWUNXTJ")
Change component parameters (AddParameter): Name = "Description SEL"; Value = "CONN HEADER VERT 2POS 2.5MM"; VariantName = "[No Variations]"
Change component parameters (AddParameter): Name = "Footprint Type"; Value = "TH"; VariantName = "[No Variations]"
Change component parameters (AddParameter): Name = "Manufacturer"; Value = "JST Sales America Inc."; VariantName = "[No Variations]"
Change component parameters (AddParameter): Name = "Packaging"; Value = ""; VariantName = "[No Variations]"
Change component parameters (AddParameter): Name = "Part Code"; Value = "S1900-000037"; VariantName = "[No Variations]"
Change component parameters (AddParameter): Name = "Part Number"; Value = "B2B-XH-A(LF)(SN)"; VariantName = "[No Variations]"
Change component parameters (AddParameter): Name = "Point"; Value = "2"; VariantName = "[No Variations]"
Change component parameters (AddParameter): Name = "Price"; Value = ""; VariantName = "[No Variations]"
Change component parameters (AddParameter): Name = "Supplier 1"; Value = ""; VariantName = "[No Variations]"
Change component parameters (AddParameter): Name = "Supplier Part Number 1"; Value = ""; VariantName = "[No Variations]"
Change component parameters (AddParameter): Name = "Value"; Value = "Header_2"; VariantName = "[No Variations]"
Change component parameters: Designator = "*2" ("*2"); Footprint = "R_SHUNT_2512"; UniqueID = "\YLDXEBCQ\JKJTNQHJ" ("\YLDXEBCQ\JKJTNQHJ")
Added Component: Designator=*3(CH340G)
Added Component: Designator=*4(mc1403)
Added Component: Designator=*5(SOP 14)
Added Component: Designator=C5(tu 0603)
Add component (AddParameter): Name = "Chung_Loai"; Value = "Dán"; VariantName = "[No Variations]"
Add component (AddParameter): Name = "Don_Vi"; Value = "Con"; VariantName = "[No Variations]"
Add component (AddParameter): Name = "Kieu_Chan"; Value = ""; VariantName = "[No Variations]"
Add component (AddParameter): Name = "Ma_Hang"; Value = "MH004568"; VariantName = "[No Variations]"
Add component (AddParameter): Name = "So_Chan"; Value = "2"; VariantName = "[No Variations]"
Add component (AddParameter): Name = "Ten_Linh_Kien"; Value = "T? 0603 104-100nF 10% 50V"; VariantName = "[No Variations]"
Added Component: Designator=C6(tu 0603)
Add component (AddParameter): Name = "Chung_Loai"; Value = "Dán"; VariantName = "[No Variations]"
Add component (AddParameter): Name = "Don_Vi"; Value = "Con"; VariantName = "[No Variations]"
Add component (AddParameter): Name = "Kieu_Chan"; Value = ""; VariantName = "[No Variations]"
Add component (AddParameter): Name = "Ma_Hang"; Value = "MH004568"; VariantName = "[No Variations]"
Add component (AddParameter): Name = "So_Chan"; Value = "2"; VariantName = "[No Variations]"
Add component (AddParameter): Name = "Ten_Linh_Kien"; Value = "T? 0603 104-100nF 10% 50V"; VariantName = "[No Variations]"
Added Component: Designator=C13(tu 0603)
Add component (AddParameter): Name = "Chung_Loai"; Value = "Dán"; VariantName = "[No Variations]"
Add component (AddParameter): Name = "Don_Vi"; Value = "Con"; VariantName = "[No Variations]"
Add component (AddParameter): Name = "Kieu_Chan"; Value = ""; VariantName = "[No Variations]"
Add component (AddParameter): Name = "Ma_Hang"; Value = "MH004568"; VariantName = "[No Variations]"
Add component (AddParameter): Name = "So_Chan"; Value = "2"; VariantName = "[No Variations]"
Add component (AddParameter): Name = "Ten_Linh_Kien"; Value = "T? 0603 104-100nF 10% 50V"; VariantName = "[No Variations]"
Added Component: Designator=C14(tu 0603)
Add component (AddParameter): Name = "Chung_Loai"; Value = "Dán"; VariantName = "[No Variations]"
Add component (AddParameter): Name = "Don_Vi"; Value = "Con"; VariantName = "[No Variations]"
Add component (AddParameter): Name = "Kieu_Chan"; Value = ""; VariantName = "[No Variations]"
Add component (AddParameter): Name = "Ma_Hang"; Value = "MH004568"; VariantName = "[No Variations]"
Add component (AddParameter): Name = "So_Chan"; Value = "2"; VariantName = "[No Variations]"
Add component (AddParameter): Name = "Ten_Linh_Kien"; Value = "T? 0603 104-100nF 10% 50V"; VariantName = "[No Variations]"
Added Component: Designator=C15(tu 0603)
Add component (AddParameter): Name = "Chung_Loai"; Value = "Dán"; VariantName = "[No Variations]"
Add component (AddParameter): Name = "Don_Vi"; Value = "Con"; VariantName = "[No Variations]"
Add component (AddParameter): Name = "Kieu_Chan"; Value = ""; VariantName = "[No Variations]"
Add component (AddParameter): Name = "Ma_Hang"; Value = "MH004570"; VariantName = "[No Variations]"
Add component (AddParameter): Name = "So_Chan"; Value = "2"; VariantName = "[No Variations]"
Add component (AddParameter): Name = "Ten_Linh_Kien"; Value = "T? 0603 22pF 50V 10%"; VariantName = "[No Variations]"
Added Component: Designator=C16(tu 0603)
Add component (AddParameter): Name = "Chung_Loai"; Value = "Dán"; VariantName = "[No Variations]"
Add component (AddParameter): Name = "Don_Vi"; Value = "Con"; VariantName = "[No Variations]"
Add component (AddParameter): Name = "Kieu_Chan"; Value = ""; VariantName = "[No Variations]"
Add component (AddParameter): Name = "Ma_Hang"; Value = "MH004570"; VariantName = "[No Variations]"
Add component (AddParameter): Name = "So_Chan"; Value = "2"; VariantName = "[No Variations]"
Add component (AddParameter): Name = "Ten_Linh_Kien"; Value = "T? 0603 22pF 50V 10%"; VariantName = "[No Variations]"
Added Component: Designator=C24(tu 0603)
Add component (AddParameter): Name = "Chung_Loai"; Value = "Dán"; VariantName = "[No Variations]"
Add component (AddParameter): Name = "Don_Vi"; Value = "Con"; VariantName = "[No Variations]"
Add component (AddParameter): Name = "Kieu_Chan"; Value = ""; VariantName = "[No Variations]"
Add component (AddParameter): Name = "Ma_Hang"; Value = "MH004568"; VariantName = "[No Variations]"
Add component (AddParameter): Name = "So_Chan"; Value = "2"; VariantName = "[No Variations]"
Add component (AddParameter): Name = "Ten_Linh_Kien"; Value = "T? 0603 104-100nF 10% 50V"; VariantName = "[No Variations]"
Added Component: Designator=C25(tu 0603)
Add component (AddParameter): Name = "Chung_Loai"; Value = "Dán"; VariantName = "[No Variations]"
Add component (AddParameter): Name = "Don_Vi"; Value = "Con"; VariantName = "[No Variations]"
Add component (AddParameter): Name = "Kieu_Chan"; Value = ""; VariantName = "[No Variations]"
Add component (AddParameter): Name = "Ma_Hang"; Value = "MH004568"; VariantName = "[No Variations]"
Add component (AddParameter): Name = "So_Chan"; Value = "2"; VariantName = "[No Variations]"
Add component (AddParameter): Name = "Ten_Linh_Kien"; Value = "T? 0603 104-100nF 10% 50V"; VariantName = "[No Variations]"
Added Component: Designator=C26(C_0603)
Add component (AddParameter): Name = "Description SEL"; Value = "CAP CER 1000PF 25V X7R 0603"; VariantName = "[No Variations]"
Add component (AddParameter): Name = "Footprint Type"; Value = "SMD"; VariantName = "[No Variations]"
Add component (AddParameter): Name = "Manufacturer"; Value = "Murata Electronics"; VariantName = "[No Variations]"
Add component (AddParameter): Name = "Packaging"; Value = ""; VariantName = "[No Variations]"
Add component (AddParameter): Name = "Part Code"; Value = "S1200-000081"; VariantName = "[No Variations]"
Add component (AddParameter): Name = "Part Number"; Value = "GCM188R71E102KA37D"; VariantName = "[No Variations]"
Add component (AddParameter): Name = "Point"; Value = "2"; VariantName = "[No Variations]"
Add component (AddParameter): Name = "Price"; Value = ""; VariantName = "[No Variations]"
Add component (AddParameter): Name = "Supplier 1"; Value = ""; VariantName = "[No Variations]"
Add component (AddParameter): Name = "Supplier Part Number 1"; Value = ""; VariantName = "[No Variations]"
Add component (AddParameter): Name = "Value"; Value = "1nF"; VariantName = "[No Variations]"
Added Component: Designator=C?(tu 0603)
Add component (AddParameter): Name = "Chung_Loai"; Value = "Dán"; VariantName = "[No Variations]"
Add component (AddParameter): Name = "Don_Vi"; Value = "Con"; VariantName = "[No Variations]"
Add component (AddParameter): Name = "Kieu_Chan"; Value = ""; VariantName = "[No Variations]"
Add component (AddParameter): Name = "Ma_Hang"; Value = "MH004568"; VariantName = "[No Variations]"
Add component (AddParameter): Name = "So_Chan"; Value = "2"; VariantName = "[No Variations]"
Add component (AddParameter): Name = "Ten_Linh_Kien"; Value = "T? 0603 104-100nF 10% 50V"; VariantName = "[No Variations]"
Added Component: Designator=F1(De Cau Chi 520 630)
Add component (AddParameter): Name = "Ma_Hang"; Value = "MH001473"; VariantName = "[No Variations]"
Add component (AddParameter): Name = "Ten"; Value = "Ð? C?u Chì 5x20MM 6x30MM SMD01"; VariantName = "[No Variations]"
Added Component: Designator=IC2(DIP8)
Add component (AddParameter): Name = "Chung_Loai"; Value = "C?m"; VariantName = "[No Variations]"
Add component (AddParameter): Name = "Don_Vi"; Value = "Con"; VariantName = "[No Variations]"
Add component (AddParameter): Name = "Ghi_Chu"; Value = ""; VariantName = "[No Variations]"
Add component (AddParameter): Name = "Kieu_Chan"; Value = ""; VariantName = "[No Variations]"
Add component (AddParameter): Name = "Ma_Hang"; Value = "MH002775"; VariantName = "[No Variations]"
Add component (AddParameter): Name = "Ten_Linh_Kien"; Value = "AT24C01 DIP8 EEPROM 1KBIT"; VariantName = "[No Variations]"
Added Component: Designator=J4(15edgr-3.81-2p)
Add component (AddParameter): Name = "Description SEL"; Value = "CONN HEADER VERT 2POS 2.5MM"; VariantName = "[No Variations]"
Add component (AddParameter): Name = "Footprint Type"; Value = "TH"; VariantName = "[No Variations]"
Add component (AddParameter): Name = "Manufacturer"; Value = "JST Sales America Inc."; VariantName = "[No Variations]"
Add component (AddParameter): Name = "Packaging"; Value = ""; VariantName = "[No Variations]"
Add component (AddParameter): Name = "Part Code"; Value = "S1900-000037"; VariantName = "[No Variations]"
Add component (AddParameter): Name = "Part Number"; Value = "B2B-XH-A(LF)(SN)"; VariantName = "[No Variations]"
Add component (AddParameter): Name = "Point"; Value = "2"; VariantName = "[No Variations]"
Add component (AddParameter): Name = "Price"; Value = ""; VariantName = "[No Variations]"
Add component (AddParameter): Name = "Supplier 1"; Value = ""; VariantName = "[No Variations]"
Add component (AddParameter): Name = "Supplier Part Number 1"; Value = ""; VariantName = "[No Variations]"
Add component (AddParameter): Name = "Value"; Value = "Header_2"; VariantName = "[No Variations]"
Added Component: Designator=J5(15edgr-3.81-2p)
Add component (AddParameter): Name = "Description SEL"; Value = "CONN HEADER VERT 2POS 2.5MM"; VariantName = "[No Variations]"
Add component (AddParameter): Name = "Footprint Type"; Value = "TH"; VariantName = "[No Variations]"
Add component (AddParameter): Name = "Manufacturer"; Value = "JST Sales America Inc."; VariantName = "[No Variations]"
Add component (AddParameter): Name = "Packaging"; Value = ""; VariantName = "[No Variations]"
Add component (AddParameter): Name = "Part Code"; Value = "S1900-000037"; VariantName = "[No Variations]"
Add component (AddParameter): Name = "Part Number"; Value = "B2B-XH-A(LF)(SN)"; VariantName = "[No Variations]"
Add component (AddParameter): Name = "Point"; Value = "2"; VariantName = "[No Variations]"
Add component (AddParameter): Name = "Price"; Value = ""; VariantName = "[No Variations]"
Add component (AddParameter): Name = "Supplier 1"; Value = ""; VariantName = "[No Variations]"
Add component (AddParameter): Name = "Supplier Part Number 1"; Value = ""; VariantName = "[No Variations]"
Add component (AddParameter): Name = "Value"; Value = "Header_2"; VariantName = "[No Variations]"
Added Component: Designator=J6(15edgr-3.81-2p)
Add component (AddParameter): Name = "Description SEL"; Value = "CONN HEADER VERT 2POS 2.5MM"; VariantName = "[No Variations]"
Add component (AddParameter): Name = "Footprint Type"; Value = "TH"; VariantName = "[No Variations]"
Add component (AddParameter): Name = "Manufacturer"; Value = "JST Sales America Inc."; VariantName = "[No Variations]"
Add component (AddParameter): Name = "Packaging"; Value = ""; VariantName = "[No Variations]"
Add component (AddParameter): Name = "Part Code"; Value = "S1900-000037"; VariantName = "[No Variations]"
Add component (AddParameter): Name = "Part Number"; Value = "B2B-XH-A(LF)(SN)"; VariantName = "[No Variations]"
Add component (AddParameter): Name = "Point"; Value = "2"; VariantName = "[No Variations]"
Add component (AddParameter): Name = "Price"; Value = ""; VariantName = "[No Variations]"
Add component (AddParameter): Name = "Supplier 1"; Value = ""; VariantName = "[No Variations]"
Add component (AddParameter): Name = "Supplier Part Number 1"; Value = ""; VariantName = "[No Variations]"
Add component (AddParameter): Name = "Value"; Value = "Header_2"; VariantName = "[No Variations]"
Added Component: Designator=J7(15edgr-3.81-2p)
Add component (AddParameter): Name = "Description SEL"; Value = "CONN HEADER VERT 2POS 2.5MM"; VariantName = "[No Variations]"
Add component (AddParameter): Name = "Footprint Type"; Value = "TH"; VariantName = "[No Variations]"
Add component (AddParameter): Name = "Manufacturer"; Value = "JST Sales America Inc."; VariantName = "[No Variations]"
Add component (AddParameter): Name = "Packaging"; Value = ""; VariantName = "[No Variations]"
Add component (AddParameter): Name = "Part Code"; Value = "S1900-000037"; VariantName = "[No Variations]"
Add component (AddParameter): Name = "Part Number"; Value = "B2B-XH-A(LF)(SN)"; VariantName = "[No Variations]"
Add component (AddParameter): Name = "Point"; Value = "2"; VariantName = "[No Variations]"
Add component (AddParameter): Name = "Price"; Value = ""; VariantName = "[No Variations]"
Add component (AddParameter): Name = "Supplier 1"; Value = ""; VariantName = "[No Variations]"
Add component (AddParameter): Name = "Supplier Part Number 1"; Value = ""; VariantName = "[No Variations]"
Add component (AddParameter): Name = "Value"; Value = "Header_2"; VariantName = "[No Variations]"
Added Component: Designator=J9(15edgr-3.81-2p)
Add component (AddParameter): Name = "Description SEL"; Value = "CONN HEADER VERT 2POS 2.5MM"; VariantName = "[No Variations]"
Add component (AddParameter): Name = "Footprint Type"; Value = "TH"; VariantName = "[No Variations]"
Add component (AddParameter): Name = "Manufacturer"; Value = "JST Sales America Inc."; VariantName = "[No Variations]"
Add component (AddParameter): Name = "Packaging"; Value = ""; VariantName = "[No Variations]"
Add component (AddParameter): Name = "Part Code"; Value = "S1900-000037"; VariantName = "[No Variations]"
Add component (AddParameter): Name = "Part Number"; Value = "B2B-XH-A(LF)(SN)"; VariantName = "[No Variations]"
Add component (AddParameter): Name = "Point"; Value = "2"; VariantName = "[No Variations]"
Add component (AddParameter): Name = "Price"; Value = ""; VariantName = "[No Variations]"
Add component (AddParameter): Name = "Supplier 1"; Value = ""; VariantName = "[No Variations]"
Add component (AddParameter): Name = "Supplier Part Number 1"; Value = ""; VariantName = "[No Variations]"
Add component (AddParameter): Name = "Value"; Value = "Header_2"; VariantName = "[No Variations]"
Added Component: Designator=JP1(JP 1X16 DT)
Add component (AddParameter): Name = "Chung_Loai"; Value = "C?m"; VariantName = "[No Variations]"
Add component (AddParameter): Name = "Don_Vi"; Value = "Con"; VariantName = "[No Variations]"
Add component (AddParameter): Name = "Ghi_Chu"; Value = ""; VariantName = "[No Variations]"
Add component (AddParameter): Name = "Kieu_Chan"; Value = ""; VariantName = "[No Variations]"
Add component (AddParameter): Name = "Ma_Hang"; Value = "MH000903"; VariantName = "[No Variations]"
Add component (AddParameter): Name = "Ten_Linh_Kien"; Value = "Jump Ðon Ð?c 2.54MM 1x40P Th?ng 11MM"; VariantName = "[No Variations]"
Added Component: Designator=L1(LED-0805-Red)
Add component (AddParameter): Name = "Chung_Loai"; Value = "Dán"; VariantName = "[No Variations]"
Add component (AddParameter): Name = "Don_Vi"; Value = "Con"; VariantName = "[No Variations]"
Add component (AddParameter): Name = "Ghi_Chu"; Value = ""; VariantName = "[No Variations]"
Add component (AddParameter): Name = "Kieu_Chan"; Value = ""; VariantName = "[No Variations]"
Add component (AddParameter): Name = "Ma_Hang"; Value = "MH000897"; VariantName = "[No Variations]"
Add component (AddParameter): Name = "Ten_Linh_Kien"; Value = "LED 0805 Màu Ð? (Red)"; VariantName = "[No Variations]"
Added Component: Designator=L2(LED-0805-Red)
Add component (AddParameter): Name = "Chung_Loai"; Value = "Dán"; VariantName = "[No Variations]"
Add component (AddParameter): Name = "Don_Vi"; Value = "Con"; VariantName = "[No Variations]"
Add component (AddParameter): Name = "Ghi_Chu"; Value = ""; VariantName = "[No Variations]"
Add component (AddParameter): Name = "Kieu_Chan"; Value = ""; VariantName = "[No Variations]"
Add component (AddParameter): Name = "Ma_Hang"; Value = "MH000897"; VariantName = "[No Variations]"
Add component (AddParameter): Name = "Ten_Linh_Kien"; Value = "LED 0805 Màu Ð? (Red)"; VariantName = "[No Variations]"
Added Component: Designator=P1(MicroSD)
Added Component: Designator=R3(tro smd 0603)
Add component (AddParameter): Name = "Chung_Loai"; Value = "Dán"; VariantName = "[No Variations]"
Add component (AddParameter): Name = "Don_Vi"; Value = "Con"; VariantName = "[No Variations]"
Add component (AddParameter): Name = "Kieu_Chan"; Value = ""; VariantName = "[No Variations]"
Add component (AddParameter): Name = "Ma_Hang"; Value = "MH006333"; VariantName = "[No Variations]"
Add component (AddParameter): Name = "So_Chan"; Value = "2"; VariantName = "[No Variations]"
Add component (AddParameter): Name = "Ten_Linh_Kien"; Value = "Tr? 0603 1% 10k"; VariantName = "[No Variations]"
Added Component: Designator=R4(tro smd 0603)
Add component (AddParameter): Name = "Chung_Loai"; Value = "Dán"; VariantName = "[No Variations]"
Add component (AddParameter): Name = "Don_Vi"; Value = "Con"; VariantName = "[No Variations]"
Add component (AddParameter): Name = "Kieu_Chan"; Value = ""; VariantName = "[No Variations]"
Add component (AddParameter): Name = "Ma_Hang"; Value = "MH006333"; VariantName = "[No Variations]"
Add component (AddParameter): Name = "So_Chan"; Value = "2"; VariantName = "[No Variations]"
Add component (AddParameter): Name = "Ten_Linh_Kien"; Value = "Tr? 0603 1% 10k"; VariantName = "[No Variations]"
Added Component: Designator=R5(tro smd 0603)
Add component (AddParameter): Name = "Chung_Loai"; Value = "Dán"; VariantName = "[No Variations]"
Add component (AddParameter): Name = "Don_Vi"; Value = "Con"; VariantName = "[No Variations]"
Add component (AddParameter): Name = "Kieu_Chan"; Value = ""; VariantName = "[No Variations]"
Add component (AddParameter): Name = "Ma_Hang"; Value = "MH006333"; VariantName = "[No Variations]"
Add component (AddParameter): Name = "So_Chan"; Value = "2"; VariantName = "[No Variations]"
Add component (AddParameter): Name = "Ten_Linh_Kien"; Value = "Tr? 0603 1% 10k"; VariantName = "[No Variations]"
Added Component: Designator=R6(tro smd 0603)
Add component (AddParameter): Name = "Chung_Loai"; Value = "Dán"; VariantName = "[No Variations]"
Add component (AddParameter): Name = "Don_Vi"; Value = "Con"; VariantName = "[No Variations]"
Add component (AddParameter): Name = "Kieu_Chan"; Value = ""; VariantName = "[No Variations]"
Add component (AddParameter): Name = "Ma_Hang"; Value = "MH006333"; VariantName = "[No Variations]"
Add component (AddParameter): Name = "So_Chan"; Value = "2"; VariantName = "[No Variations]"
Add component (AddParameter): Name = "Ten_Linh_Kien"; Value = "Tr? 0603 1% 10k"; VariantName = "[No Variations]"
Added Component: Designator=R7(tro smd 0603)
Add component (AddParameter): Name = "Chung_Loai"; Value = "Dán"; VariantName = "[No Variations]"
Add component (AddParameter): Name = "Don_Vi"; Value = "Con"; VariantName = "[No Variations]"
Add component (AddParameter): Name = "Kieu_Chan"; Value = ""; VariantName = "[No Variations]"
Add component (AddParameter): Name = "Ma_Hang"; Value = "MH006333"; VariantName = "[No Variations]"
Add component (AddParameter): Name = "So_Chan"; Value = "2"; VariantName = "[No Variations]"
Add component (AddParameter): Name = "Ten_Linh_Kien"; Value = "Tr? 0603 1% 10k"; VariantName = "[No Variations]"
Added Component: Designator=R8(tro smd 0603)
Add component (AddParameter): Name = "Chung_Loai"; Value = "Dán"; VariantName = "[No Variations]"
Add component (AddParameter): Name = "Don_Vi"; Value = "Con"; VariantName = "[No Variations]"
Add component (AddParameter): Name = "Kieu_Chan"; Value = ""; VariantName = "[No Variations]"
Add component (AddParameter): Name = "Ma_Hang"; Value = "MH006333"; VariantName = "[No Variations]"
Add component (AddParameter): Name = "So_Chan"; Value = "2"; VariantName = "[No Variations]"
Add component (AddParameter): Name = "Ten_Linh_Kien"; Value = "Tr? 0603 1% 10k"; VariantName = "[No Variations]"
Added Component: Designator=R9(tro smd 0603)
Add component (AddParameter): Name = "Chung_Loai"; Value = "Dán"; VariantName = "[No Variations]"
Add component (AddParameter): Name = "Don_Vi"; Value = "Con"; VariantName = "[No Variations]"
Add component (AddParameter): Name = "Kieu_Chan"; Value = ""; VariantName = "[No Variations]"
Add component (AddParameter): Name = "Ma_Hang"; Value = "MH006333"; VariantName = "[No Variations]"
Add component (AddParameter): Name = "So_Chan"; Value = "2"; VariantName = "[No Variations]"
Add component (AddParameter): Name = "Ten_Linh_Kien"; Value = "Tr? 0603 1% 10k"; VariantName = "[No Variations]"
Added Component: Designator=R10(tro smd 0603)
Add component (AddParameter): Name = "Chung_Loai"; Value = "Dán"; VariantName = "[No Variations]"
Add component (AddParameter): Name = "Don_Vi"; Value = "Con"; VariantName = "[No Variations]"
Add component (AddParameter): Name = "Kieu_Chan"; Value = ""; VariantName = "[No Variations]"
Add component (AddParameter): Name = "Ma_Hang"; Value = "MH006333"; VariantName = "[No Variations]"
Add component (AddParameter): Name = "So_Chan"; Value = "2"; VariantName = "[No Variations]"
Add component (AddParameter): Name = "Ten_Linh_Kien"; Value = "Tr? 0603 1% 10k"; VariantName = "[No Variations]"
Added Component: Designator=R11(tro smd 0603)
Add component (AddParameter): Name = "Chung_Loai"; Value = "Dán"; VariantName = "[No Variations]"
Add component (AddParameter): Name = "Don_Vi"; Value = "Con"; VariantName = "[No Variations]"
Add component (AddParameter): Name = "Kieu_Chan"; Value = ""; VariantName = "[No Variations]"
Add component (AddParameter): Name = "Ma_Hang"; Value = "MH006334"; VariantName = "[No Variations]"
Add component (AddParameter): Name = "So_Chan"; Value = "2"; VariantName = "[No Variations]"
Add component (AddParameter): Name = "Ten_Linh_Kien"; Value = "Tr? 0603 1% 1k"; VariantName = "[No Variations]"
Added Component: Designator=R12(tro smd 0603)
Add component (AddParameter): Name = "Chung_Loai"; Value = "Dán"; VariantName = "[No Variations]"
Add component (AddParameter): Name = "Don_Vi"; Value = "Con"; VariantName = "[No Variations]"
Add component (AddParameter): Name = "Kieu_Chan"; Value = ""; VariantName = "[No Variations]"
Add component (AddParameter): Name = "Ma_Hang"; Value = "MH006334"; VariantName = "[No Variations]"
Add component (AddParameter): Name = "So_Chan"; Value = "2"; VariantName = "[No Variations]"
Add component (AddParameter): Name = "Ten_Linh_Kien"; Value = "Tr? 0603 1% 1k"; VariantName = "[No Variations]"
Added Component: Designator=R13(tro smd 0603)
Add component (AddParameter): Name = "Chung_Loai"; Value = "Dán"; VariantName = "[No Variations]"
Add component (AddParameter): Name = "Don_Vi"; Value = "Con"; VariantName = "[No Variations]"
Add component (AddParameter): Name = "Kieu_Chan"; Value = ""; VariantName = "[No Variations]"
Add component (AddParameter): Name = "Ma_Hang"; Value = "MH006334"; VariantName = "[No Variations]"
Add component (AddParameter): Name = "So_Chan"; Value = "2"; VariantName = "[No Variations]"
Add component (AddParameter): Name = "Ten_Linh_Kien"; Value = "Tr? 0603 1% 1k"; VariantName = "[No Variations]"
Added Component: Designator=R14(tro smd 0603)
Add component (AddParameter): Name = "Chung_Loai"; Value = "Dán"; VariantName = "[No Variations]"
Add component (AddParameter): Name = "Don_Vi"; Value = "Con"; VariantName = "[No Variations]"
Add component (AddParameter): Name = "Kieu_Chan"; Value = ""; VariantName = "[No Variations]"
Add component (AddParameter): Name = "Ma_Hang"; Value = "MH006333"; VariantName = "[No Variations]"
Add component (AddParameter): Name = "So_Chan"; Value = "2"; VariantName = "[No Variations]"
Add component (AddParameter): Name = "Ten_Linh_Kien"; Value = "Tr? 0603 1% 10k"; VariantName = "[No Variations]"
Added Component: Designator=R15(tro smd 0603)
Add component (AddParameter): Name = "Chung_Loai"; Value = "Dán"; VariantName = "[No Variations]"
Add component (AddParameter): Name = "Don_Vi"; Value = "Con"; VariantName = "[No Variations]"
Add component (AddParameter): Name = "Kieu_Chan"; Value = ""; VariantName = "[No Variations]"
Add component (AddParameter): Name = "Ma_Hang"; Value = "MH006333"; VariantName = "[No Variations]"
Add component (AddParameter): Name = "So_Chan"; Value = "2"; VariantName = "[No Variations]"
Add component (AddParameter): Name = "Ten_Linh_Kien"; Value = "Tr? 0603 1% 10k"; VariantName = "[No Variations]"
Added Component: Designator=R16(tro smd 0603)
Add component (AddParameter): Name = "Chung_Loai"; Value = "Dán"; VariantName = "[No Variations]"
Add component (AddParameter): Name = "Don_Vi"; Value = "Con"; VariantName = "[No Variations]"
Add component (AddParameter): Name = "Kieu_Chan"; Value = ""; VariantName = "[No Variations]"
Add component (AddParameter): Name = "Ma_Hang"; Value = "MH006333"; VariantName = "[No Variations]"
Add component (AddParameter): Name = "So_Chan"; Value = "2"; VariantName = "[No Variations]"
Add component (AddParameter): Name = "Ten_Linh_Kien"; Value = "Tr? 0603 1% 10k"; VariantName = "[No Variations]"
Added Component: Designator=R17(tro smd 0603)
Add component (AddParameter): Name = "Chung_Loai"; Value = "Dán"; VariantName = "[No Variations]"
Add component (AddParameter): Name = "Don_Vi"; Value = "Con"; VariantName = "[No Variations]"
Add component (AddParameter): Name = "Kieu_Chan"; Value = ""; VariantName = "[No Variations]"
Add component (AddParameter): Name = "Ma_Hang"; Value = "MH006333"; VariantName = "[No Variations]"
Add component (AddParameter): Name = "So_Chan"; Value = "2"; VariantName = "[No Variations]"
Add component (AddParameter): Name = "Ten_Linh_Kien"; Value = "Tr? 0603 1% 10k"; VariantName = "[No Variations]"
Added Component: Designator=R24(tro smd 0603)
Add component (AddParameter): Name = "Chung_Loai"; Value = "Dán"; VariantName = "[No Variations]"
Add component (AddParameter): Name = "Don_Vi"; Value = "Con"; VariantName = "[No Variations]"
Add component (AddParameter): Name = "Kieu_Chan"; Value = ""; VariantName = "[No Variations]"
Add component (AddParameter): Name = "Ma_Hang"; Value = "MH006334"; VariantName = "[No Variations]"
Add component (AddParameter): Name = "So_Chan"; Value = "2"; VariantName = "[No Variations]"
Add component (AddParameter): Name = "Ten_Linh_Kien"; Value = "Tr? 0603 1% 1k"; VariantName = "[No Variations]"
Added Component: Designator=R25(tro smd 0603)
Add component (AddParameter): Name = "Chung_Loai"; Value = "Dán"; VariantName = "[No Variations]"
Add component (AddParameter): Name = "Don_Vi"; Value = "Con"; VariantName = "[No Variations]"
Add component (AddParameter): Name = "Kieu_Chan"; Value = ""; VariantName = "[No Variations]"
Add component (AddParameter): Name = "Ma_Hang"; Value = "MH006334"; VariantName = "[No Variations]"
Add component (AddParameter): Name = "So_Chan"; Value = "2"; VariantName = "[No Variations]"
Add component (AddParameter): Name = "Ten_Linh_Kien"; Value = "Tr? 0603 1% 1k"; VariantName = "[No Variations]"
Added Component: Designator=R26(tro smd 0603)
Add component (AddParameter): Name = "Chung_Loai"; Value = "Dán"; VariantName = "[No Variations]"
Add component (AddParameter): Name = "Don_Vi"; Value = "Con"; VariantName = "[No Variations]"
Add component (AddParameter): Name = "Kieu_Chan"; Value = ""; VariantName = "[No Variations]"
Add component (AddParameter): Name = "Ma_Hang"; Value = "MH006315"; VariantName = "[No Variations]"
Add component (AddParameter): Name = "So_Chan"; Value = "2"; VariantName = "[No Variations]"
Add component (AddParameter): Name = "Ten_Linh_Kien"; Value = "Tr? 0603 5% 100R"; VariantName = "[No Variations]"
Added Component: Designator=R27(tro smd 0603)
Add component (AddParameter): Name = "Chung_Loai"; Value = "Dán"; VariantName = "[No Variations]"
Add component (AddParameter): Name = "Don_Vi"; Value = "Con"; VariantName = "[No Variations]"
Add component (AddParameter): Name = "Kieu_Chan"; Value = ""; VariantName = "[No Variations]"
Add component (AddParameter): Name = "Ma_Hang"; Value = "MH006334"; VariantName = "[No Variations]"
Add component (AddParameter): Name = "So_Chan"; Value = "2"; VariantName = "[No Variations]"
Add component (AddParameter): Name = "Ten_Linh_Kien"; Value = "Tr? 0603 1% 1k"; VariantName = "[No Variations]"
Added Component: Designator=R30(tro smd 0603)
Add component (AddParameter): Name = "Chung_Loai"; Value = "Dán"; VariantName = "[No Variations]"
Add component (AddParameter): Name = "Don_Vi"; Value = "Con"; VariantName = "[No Variations]"
Add component (AddParameter): Name = "Kieu_Chan"; Value = ""; VariantName = "[No Variations]"
Add component (AddParameter): Name = "Ma_Hang"; Value = "MH006334"; VariantName = "[No Variations]"
Add component (AddParameter): Name = "So_Chan"; Value = "2"; VariantName = "[No Variations]"
Add component (AddParameter): Name = "Ten_Linh_Kien"; Value = "Tr? 0603 1% 1k"; VariantName = "[No Variations]"
Added Component: Designator=R31(tro smd 0603)
Add component (AddParameter): Name = "Chung_Loai"; Value = "Dán"; VariantName = "[No Variations]"
Add component (AddParameter): Name = "Don_Vi"; Value = "Con"; VariantName = "[No Variations]"
Add component (AddParameter): Name = "Kieu_Chan"; Value = ""; VariantName = "[No Variations]"
Add component (AddParameter): Name = "Ma_Hang"; Value = "MH006334"; VariantName = "[No Variations]"
Add component (AddParameter): Name = "So_Chan"; Value = "2"; VariantName = "[No Variations]"
Add component (AddParameter): Name = "Ten_Linh_Kien"; Value = "Tr? 0603 1% 1k"; VariantName = "[No Variations]"
Added Component: Designator=R32(tro smd 0603)
Add component (AddParameter): Name = "Chung_Loai"; Value = "Dán"; VariantName = "[No Variations]"
Add component (AddParameter): Name = "Don_Vi"; Value = "Con"; VariantName = "[No Variations]"
Add component (AddParameter): Name = "Kieu_Chan"; Value = ""; VariantName = "[No Variations]"
Add component (AddParameter): Name = "Ma_Hang"; Value = "MH006333"; VariantName = "[No Variations]"
Add component (AddParameter): Name = "So_Chan"; Value = "2"; VariantName = "[No Variations]"
Add component (AddParameter): Name = "Ten_Linh_Kien"; Value = "Tr? 0603 1% 10k"; VariantName = "[No Variations]"
Added Component: Designator=R33(tro smd 0603)
Add component (AddParameter): Name = "Chung_Loai"; Value = "Dán"; VariantName = "[No Variations]"
Add component (AddParameter): Name = "Don_Vi"; Value = "Con"; VariantName = "[No Variations]"
Add component (AddParameter): Name = "Kieu_Chan"; Value = ""; VariantName = "[No Variations]"
Add component (AddParameter): Name = "Ma_Hang"; Value = "MH006333"; VariantName = "[No Variations]"
Add component (AddParameter): Name = "So_Chan"; Value = "2"; VariantName = "[No Variations]"
Add component (AddParameter): Name = "Ten_Linh_Kien"; Value = "Tr? 0603 1% 10k"; VariantName = "[No Variations]"
Added Component: Designator=R34(tro smd 0603)
Add component (AddParameter): Name = "Chung_Loai"; Value = "Dán"; VariantName = "[No Variations]"
Add component (AddParameter): Name = "Don_Vi"; Value = "Con"; VariantName = "[No Variations]"
Add component (AddParameter): Name = "Kieu_Chan"; Value = ""; VariantName = "[No Variations]"
Add component (AddParameter): Name = "Ma_Hang"; Value = "MH006333"; VariantName = "[No Variations]"
Add component (AddParameter): Name = "So_Chan"; Value = "2"; VariantName = "[No Variations]"
Add component (AddParameter): Name = "Ten_Linh_Kien"; Value = "Tr? 0603 1% 10k"; VariantName = "[No Variations]"
Added Component: Designator=R35(tro smd 0603)
Add component (AddParameter): Name = "Chung_Loai"; Value = "Dán"; VariantName = "[No Variations]"
Add component (AddParameter): Name = "Don_Vi"; Value = "Con"; VariantName = "[No Variations]"
Add component (AddParameter): Name = "Kieu_Chan"; Value = ""; VariantName = "[No Variations]"
Add component (AddParameter): Name = "Ma_Hang"; Value = "MH006333"; VariantName = "[No Variations]"
Add component (AddParameter): Name = "So_Chan"; Value = "2"; VariantName = "[No Variations]"
Add component (AddParameter): Name = "Ten_Linh_Kien"; Value = "Tr? 0603 1% 10k"; VariantName = "[No Variations]"
Added Component: Designator=R36(tro smd 0603)
Add component (AddParameter): Name = "Chung_Loai"; Value = "Dán"; VariantName = "[No Variations]"
Add component (AddParameter): Name = "Don_Vi"; Value = "Con"; VariantName = "[No Variations]"
Add component (AddParameter): Name = "Kieu_Chan"; Value = ""; VariantName = "[No Variations]"
Add component (AddParameter): Name = "Ma_Hang"; Value = "MH006334"; VariantName = "[No Variations]"
Add component (AddParameter): Name = "So_Chan"; Value = "2"; VariantName = "[No Variations]"
Add component (AddParameter): Name = "Ten_Linh_Kien"; Value = "Tr? 0603 1% 1k"; VariantName = "[No Variations]"
Added Component: Designator=R37(tro smd 0603)
Add component (AddParameter): Name = "Chung_Loai"; Value = "Dán"; VariantName = "[No Variations]"
Add component (AddParameter): Name = "Don_Vi"; Value = "Con"; VariantName = "[No Variations]"
Add component (AddParameter): Name = "Kieu_Chan"; Value = ""; VariantName = "[No Variations]"
Add component (AddParameter): Name = "Ma_Hang"; Value = "MH006334"; VariantName = "[No Variations]"
Add component (AddParameter): Name = "So_Chan"; Value = "2"; VariantName = "[No Variations]"
Add component (AddParameter): Name = "Ten_Linh_Kien"; Value = "Tr? 0603 1% 1k"; VariantName = "[No Variations]"
Added Component: Designator=R38(tro smd 0603)
Add component (AddParameter): Name = "Chung_Loai"; Value = "Dán"; VariantName = "[No Variations]"
Add component (AddParameter): Name = "Don_Vi"; Value = "Con"; VariantName = "[No Variations]"
Add component (AddParameter): Name = "Kieu_Chan"; Value = ""; VariantName = "[No Variations]"
Add component (AddParameter): Name = "Ma_Hang"; Value = "MH006334"; VariantName = "[No Variations]"
Add component (AddParameter): Name = "So_Chan"; Value = "2"; VariantName = "[No Variations]"
Add component (AddParameter): Name = "Ten_Linh_Kien"; Value = "Tr? 0603 1% 1k"; VariantName = "[No Variations]"
Added Component: Designator=R39(tro smd 0603)
Add component (AddParameter): Name = "Chung_Loai"; Value = "Dán"; VariantName = "[No Variations]"
Add component (AddParameter): Name = "Don_Vi"; Value = "Con"; VariantName = "[No Variations]"
Add component (AddParameter): Name = "Kieu_Chan"; Value = ""; VariantName = "[No Variations]"
Add component (AddParameter): Name = "Ma_Hang"; Value = "MH006334"; VariantName = "[No Variations]"
Add component (AddParameter): Name = "So_Chan"; Value = "2"; VariantName = "[No Variations]"
Add component (AddParameter): Name = "Ten_Linh_Kien"; Value = "Tr? 0603 1% 1k"; VariantName = "[No Variations]"
Added Component: Designator=R40(tro smd 0603)
Add component (AddParameter): Name = "Chung_Loai"; Value = "Dán"; VariantName = "[No Variations]"
Add component (AddParameter): Name = "Don_Vi"; Value = "Con"; VariantName = "[No Variations]"
Add component (AddParameter): Name = "Kieu_Chan"; Value = ""; VariantName = "[No Variations]"
Add component (AddParameter): Name = "Ma_Hang"; Value = "MH006334"; VariantName = "[No Variations]"
Add component (AddParameter): Name = "So_Chan"; Value = "2"; VariantName = "[No Variations]"
Add component (AddParameter): Name = "Ten_Linh_Kien"; Value = "Tr? 0603 1% 1k"; VariantName = "[No Variations]"
Added Component: Designator=R41(tro smd 0603)
Add component (AddParameter): Name = "Chung_Loai"; Value = "Dán"; VariantName = "[No Variations]"
Add component (AddParameter): Name = "Don_Vi"; Value = "Con"; VariantName = "[No Variations]"
Add component (AddParameter): Name = "Kieu_Chan"; Value = ""; VariantName = "[No Variations]"
Add component (AddParameter): Name = "Ma_Hang"; Value = "MH006334"; VariantName = "[No Variations]"
Add component (AddParameter): Name = "So_Chan"; Value = "2"; VariantName = "[No Variations]"
Add component (AddParameter): Name = "Ten_Linh_Kien"; Value = "Tr? 0603 1% 1k"; VariantName = "[No Variations]"
Added Component: Designator=R42(tro smd 0603)
Add component (AddParameter): Name = "Chung_Loai"; Value = "Dán"; VariantName = "[No Variations]"
Add component (AddParameter): Name = "Don_Vi"; Value = "Con"; VariantName = "[No Variations]"
Add component (AddParameter): Name = "Kieu_Chan"; Value = ""; VariantName = "[No Variations]"
Add component (AddParameter): Name = "Ma_Hang"; Value = "MH006334"; VariantName = "[No Variations]"
Add component (AddParameter): Name = "So_Chan"; Value = "2"; VariantName = "[No Variations]"
Add component (AddParameter): Name = "Ten_Linh_Kien"; Value = "Tr? 0603 1% 1k"; VariantName = "[No Variations]"
Added Component: Designator=R43(tro smd 0603)
Add component (AddParameter): Name = "Chung_Loai"; Value = "Dán"; VariantName = "[No Variations]"
Add component (AddParameter): Name = "Don_Vi"; Value = "Con"; VariantName = "[No Variations]"
Add component (AddParameter): Name = "Kieu_Chan"; Value = ""; VariantName = "[No Variations]"
Add component (AddParameter): Name = "Ma_Hang"; Value = "MH006334"; VariantName = "[No Variations]"
Add component (AddParameter): Name = "So_Chan"; Value = "2"; VariantName = "[No Variations]"
Add component (AddParameter): Name = "Ten_Linh_Kien"; Value = "Tr? 0603 1% 1k"; VariantName = "[No Variations]"
Added Component: Designator=R44(tro smd 0603)
Add component (AddParameter): Name = "Chung_Loai"; Value = "Dán"; VariantName = "[No Variations]"
Add component (AddParameter): Name = "Don_Vi"; Value = "Con"; VariantName = "[No Variations]"
Add component (AddParameter): Name = "Kieu_Chan"; Value = ""; VariantName = "[No Variations]"
Add component (AddParameter): Name = "Ma_Hang"; Value = "MH006334"; VariantName = "[No Variations]"
Add component (AddParameter): Name = "So_Chan"; Value = "2"; VariantName = "[No Variations]"
Add component (AddParameter): Name = "Ten_Linh_Kien"; Value = "Tr? 0603 1% 1k"; VariantName = "[No Variations]"
Added Component: Designator=R45(tro smd 0603)
Add component (AddParameter): Name = "Chung_Loai"; Value = "Dán"; VariantName = "[No Variations]"
Add component (AddParameter): Name = "Don_Vi"; Value = "Con"; VariantName = "[No Variations]"
Add component (AddParameter): Name = "Kieu_Chan"; Value = ""; VariantName = "[No Variations]"
Add component (AddParameter): Name = "Ma_Hang"; Value = "MH006334"; VariantName = "[No Variations]"
Add component (AddParameter): Name = "So_Chan"; Value = "2"; VariantName = "[No Variations]"
Add component (AddParameter): Name = "Ten_Linh_Kien"; Value = "Tr? 0603 1% 1k"; VariantName = "[No Variations]"
Added Component: Designator=R46(tro smd 0603)
Add component (AddParameter): Name = "Chung_Loai"; Value = "Dán"; VariantName = "[No Variations]"
Add component (AddParameter): Name = "Don_Vi"; Value = "Con"; VariantName = "[No Variations]"
Add component (AddParameter): Name = "Kieu_Chan"; Value = ""; VariantName = "[No Variations]"
Add component (AddParameter): Name = "Ma_Hang"; Value = "MH006334"; VariantName = "[No Variations]"
Add component (AddParameter): Name = "So_Chan"; Value = "2"; VariantName = "[No Variations]"
Add component (AddParameter): Name = "Ten_Linh_Kien"; Value = "Tr? 0603 1% 1k"; VariantName = "[No Variations]"
Added Component: Designator=R47(tro smd 0603)
Add component (AddParameter): Name = "Chung_Loai"; Value = "Dán"; VariantName = "[No Variations]"
Add component (AddParameter): Name = "Don_Vi"; Value = "Con"; VariantName = "[No Variations]"
Add component (AddParameter): Name = "Kieu_Chan"; Value = ""; VariantName = "[No Variations]"
Add component (AddParameter): Name = "Ma_Hang"; Value = "MH006334"; VariantName = "[No Variations]"
Add component (AddParameter): Name = "So_Chan"; Value = "2"; VariantName = "[No Variations]"
Add component (AddParameter): Name = "Ten_Linh_Kien"; Value = "Tr? 0603 1% 1k"; VariantName = "[No Variations]"
Added Component: Designator=R48(tro smd 0603)
Add component (AddParameter): Name = "Chung_Loai"; Value = "Dán"; VariantName = "[No Variations]"
Add component (AddParameter): Name = "Don_Vi"; Value = "Con"; VariantName = "[No Variations]"
Add component (AddParameter): Name = "Kieu_Chan"; Value = ""; VariantName = "[No Variations]"
Add component (AddParameter): Name = "Ma_Hang"; Value = "MH006334"; VariantName = "[No Variations]"
Add component (AddParameter): Name = "So_Chan"; Value = "2"; VariantName = "[No Variations]"
Add component (AddParameter): Name = "Ten_Linh_Kien"; Value = "Tr? 0603 1% 1k"; VariantName = "[No Variations]"
Added Component: Designator=R49(tro smd 0603)
Add component (AddParameter): Name = "Chung_Loai"; Value = "Dán"; VariantName = "[No Variations]"
Add component (AddParameter): Name = "Don_Vi"; Value = "Con"; VariantName = "[No Variations]"
Add component (AddParameter): Name = "Kieu_Chan"; Value = ""; VariantName = "[No Variations]"
Add component (AddParameter): Name = "Ma_Hang"; Value = "MH006334"; VariantName = "[No Variations]"
Add component (AddParameter): Name = "So_Chan"; Value = "2"; VariantName = "[No Variations]"
Add component (AddParameter): Name = "Ten_Linh_Kien"; Value = "Tr? 0603 1% 1k"; VariantName = "[No Variations]"
Added Component: Designator=R50(tro smd 0603)
Add component (AddParameter): Name = "Chung_Loai"; Value = "Dán"; VariantName = "[No Variations]"
Add component (AddParameter): Name = "Don_Vi"; Value = "Con"; VariantName = "[No Variations]"
Add component (AddParameter): Name = "Kieu_Chan"; Value = ""; VariantName = "[No Variations]"
Add component (AddParameter): Name = "Ma_Hang"; Value = "MH006334"; VariantName = "[No Variations]"
Add component (AddParameter): Name = "So_Chan"; Value = "2"; VariantName = "[No Variations]"
Add component (AddParameter): Name = "Ten_Linh_Kien"; Value = "Tr? 0603 1% 1k"; VariantName = "[No Variations]"
Added Component: Designator=R51(tro smd 0603)
Add component (AddParameter): Name = "Chung_Loai"; Value = "Dán"; VariantName = "[No Variations]"
Add component (AddParameter): Name = "Don_Vi"; Value = "Con"; VariantName = "[No Variations]"
Add component (AddParameter): Name = "Kieu_Chan"; Value = ""; VariantName = "[No Variations]"
Add component (AddParameter): Name = "Ma_Hang"; Value = "MH006334"; VariantName = "[No Variations]"
Add component (AddParameter): Name = "So_Chan"; Value = "2"; VariantName = "[No Variations]"
Add component (AddParameter): Name = "Ten_Linh_Kien"; Value = "Tr? 0603 1% 1k"; VariantName = "[No Variations]"
Added Component: Designator=U1(SOP 20)
Add component (AddParameter): Name = "Chung_Loai"; Value = "Dán"; VariantName = "[No Variations]"
Add component (AddParameter): Name = "Don_Vi"; Value = "Con"; VariantName = "[No Variations]"
Add component (AddParameter): Name = "Ghi_Chu"; Value = ""; VariantName = "[No Variations]"
Add component (AddParameter): Name = "Kieu_Chan"; Value = ""; VariantName = "[No Variations]"
Add component (AddParameter): Name = "Ma_Hang"; Value = "MH003571"; VariantName = "[No Variations]"
Add component (AddParameter): Name = "Ten_Linh_Kien"; Value = "74HC245DW SSOP20 5.2MM"; VariantName = "[No Variations]"
Added Component: Designator=USB2(USB A CN DIP)
Add component (AddParameter): Name = "Ma_Hang"; Value = "MH000941"; VariantName = "[No Variations]"
Add component (AddParameter): Name = "Ten"; Value = "USB A Cái DIP"; VariantName = "[No Variations]"
Added Component: Designator=VR1(Bien Tro Tam Giac Dung)
Add component (AddParameter): Name = "Chung_Loai"; Value = "C?m"; VariantName = "[No Variations]"
Add component (AddParameter): Name = "Don_Vi"; Value = "Con"; VariantName = "[No Variations]"
Add component (AddParameter): Name = "Ghi_Chu"; Value = ""; VariantName = "[No Variations]"
Add component (AddParameter): Name = "Kieu_Chan"; Value = ""; VariantName = "[No Variations]"
Add component (AddParameter): Name = "Ma_Hang"; Value = "MH003710"; VariantName = "[No Variations]"
Add component (AddParameter): Name = "Ten_Linh_Kien"; Value = "Bi?n Tr? Tam Giác 101-100R RM065"; VariantName = "[No Variations]"
Added Component: Designator=Y2(Thach Anh 2 chan SMD)
Add component (AddParameter): Name = "Value"; Value = "4Mhz"; VariantName = "[No Variations]"
Added Pin To Net: NetName=GND Pin=*2-8
Added Pin To Net: NetName=SCL_LCD Pin=*2-14
Added Pin To Net: NetName=SDA_LCD Pin=*2-15
Added Pin To Net: NetName=GND Pin=*3-1
Added Pin To Net: NetName=RXD_MCU Pin=*3-2
Added Pin To Net: NetName=RXD Pin=*3-3
Added Pin To Net: NetName=+3.3 Pin=*3-4
Added Pin To Net: NetName=+3.3 Pin=*3-16
Added Pin To Net: NetName=GND Pin=*4-3
Added Pin To Net: NetName=GND Pin=*5-11
Added Pin To Net: NetName=GND Pin=C5-2
Added Pin To Net: NetName=+3.3 Pin=C6-1
Added Pin To Net: NetName=GND Pin=C6-2
Added Pin To Net: NetName=+3.3 Pin=C13-1
Added Pin To Net: NetName=GND Pin=C13-2
Added Pin To Net: NetName=+3.3 Pin=C14-1
Added Pin To Net: NetName=GND Pin=C14-2
Added Pin To Net: NetName=GND Pin=C15-2
Added Pin To Net: NetName=GND Pin=C16-2
Added Pin To Net: NetName=+3.3 Pin=C24-1
Added Pin To Net: NetName=GND Pin=C24-2
Added Pin To Net: NetName=GND Pin=C25-2
Added Pin To Net: NetName=GND Pin=C26-1
Added Pin To Net: NetName=Channel1 Pin=C?-1
Added Pin To Net: NetName=GND Pin=C?-2
Added Pin To Net: NetName=GND Pin=IC2-5
Added Pin To Net: NetName=GND Pin=J4-1
Added Pin To Net: NetName=GND Pin=J5-1
Added Pin To Net: NetName=GND Pin=J6-1
Added Pin To Net: NetName=GND Pin=J7-1
Added Pin To Net: NetName=Channel1 Pin=J7-2
Added Pin To Net: NetName=GND Pin=JP1-1
Added Pin To Net: NetName=GND Pin=L1-2
Added Pin To Net: NetName=GND Pin=L2-2
Added Pin To Net: NetName=CS_SDCARD Pin=P1-2
Added Pin To Net: NetName=MOSI_SDCARD Pin=P1-3
Added Pin To Net: NetName=+3.3 Pin=P1-4
Added Pin To Net: NetName=SCK_SDCARD Pin=P1-5
Added Pin To Net: NetName=GND Pin=P1-6
Added Pin To Net: NetName=GND Pin=P1-10
Added Pin To Net: NetName=GND Pin=P1-10
Added Pin To Net: NetName=GND Pin=P1-10
Added Pin To Net: NetName=GND Pin=P1-10
Added Pin To Net: NetName=SDA_LCD Pin=R6-1
Added Pin To Net: NetName=SCL_LCD Pin=R7-1
Added Pin To Net: NetName=GND Pin=R8-1
Added Pin To Net: NetName=GND Pin=R9-1
Added Pin To Net: NetName=GND Pin=R10-1
Added Pin To Net: NetName=CS_SDCARD Pin=R14-1
Added Pin To Net: NetName=+3.3 Pin=R14-2
Added Pin To Net: NetName=MISO_SDCARD Pin=R15-1
Added Pin To Net: NetName=+3.3 Pin=R15-2
Added Pin To Net: NetName=+3.3 Pin=R16-2
Added Pin To Net: NetName=MISO_SDCARD Pin=R17-2
Added Pin To Net: NetName=RXD_MCU Pin=R24-1
Added Pin To Net: NetName=+3.3 Pin=R24-2
Added Pin To Net: NetName=RXD Pin=R25-1
Added Pin To Net: NetName=+3.3 Pin=R25-2
Added Pin To Net: NetName=+3.3 Pin=R26-2
Added Pin To Net: NetName=Channel3 Pin=R30-1
Added Pin To Net: NetName=Channel1 Pin=R31-2
Added Pin To Net: NetName=GND Pin=R32-1
Added Pin To Net: NetName=GND Pin=R33-1
Added Pin To Net: NetName=GND Pin=R34-1
Added Pin To Net: NetName=GND Pin=R35-1
Added Pin To Net: NetName=Channel2 Pin=R36-2
Added Pin To Net: NetName=Channel2 Pin=R37-1
Added Pin To Net: NetName=GND Pin=R37-2
Added Pin To Net: NetName=GND Pin=R42-2
Added Pin To Net: NetName=+3.3 Pin=U1-1
Added Pin To Net: NetName=GND Pin=U1-10
Added Pin To Net: NetName=Channel8 Pin=U1-11
Added Pin To Net: NetName=Channel7 Pin=U1-12
Added Pin To Net: NetName=Channel6 Pin=U1-13
Added Pin To Net: NetName=Channel5 Pin=U1-14
Added Pin To Net: NetName=Channel4 Pin=U1-15
Added Pin To Net: NetName=GND Pin=U1-19
Added Pin To Net: NetName=+3.3 Pin=U1-20
Added Pin To Net: NetName=GND Pin=USB2-4
Added Pin To Net: NetName=GND Pin=USB2-4
Added Pin To Net: NetName=GND Pin=USB2-4
Added Pin To Net: NetName=GND Pin=VR1-3
Added Pin To Net: NetName=+5_CH340G Pin=R26-1
Added Pin To Net: NetName=+5_CH340G Pin=R27-2
Added Pin To Net: NetName=+5_CH340G Pin=USB2-1
Added Net: Name=+5_CH340G
Added Pin To Net: NetName=1IN+ Pin=*5-3
Added Pin To Net: NetName=1IN+ Pin=R40-2
Added Pin To Net: NetName=1IN+ Pin=R41-1
Added Net: Name=1IN+
Added Pin To Net: NetName=1IN- Pin=*5-2
Added Pin To Net: NetName=1IN- Pin=R43-2
Added Pin To Net: NetName=1IN- Pin=R44-1
Added Net: Name=1IN-
Added Pin To Net: NetName=1OUT Pin=*5-1
Added Pin To Net: NetName=1OUT Pin=R30-2
Added Pin To Net: NetName=1OUT Pin=R44-2
Added Net: Name=1OUT
Added Pin To Net: NetName=2IN+ Pin=*5-5
Added Pin To Net: NetName=2IN+ Pin=R38-2
Added Pin To Net: NetName=2IN+ Pin=R47-2
Added Net: Name=2IN+
Added Pin To Net: NetName=2IN- Pin=*5-6
Added Pin To Net: NetName=2IN- Pin=R50-2
Added Pin To Net: NetName=2IN- Pin=R51-1
Added Net: Name=2IN-
Added Pin To Net: NetName=2OUT Pin=*5-7
Added Pin To Net: NetName=2OUT Pin=R36-1
Added Pin To Net: NetName=2OUT Pin=R51-2
Added Net: Name=2OUT
Added Pin To Net: NetName=BL Pin=*2-7
Added Pin To Net: NetName=BL Pin=R11-1
Added Pin To Net: NetName=BL Pin=R13-1
Added Net: Name=BL
Added Pin To Net: NetName=CARD_DETECT Pin=P1-9
Added Pin To Net: NetName=CARD_DETECT Pin=R16-1
Added Net: Name=CARD_DETECT
Added Pin To Net: NetName=D4 Pin=*2-9
Added Pin To Net: NetName=D4 Pin=JP1-11
Added Net: Name=D4
Added Pin To Net: NetName=D5 Pin=*2-10
Added Pin To Net: NetName=D5 Pin=JP1-12
Added Net: Name=D5
Added Pin To Net: NetName=D6 Pin=*2-11
Added Pin To Net: NetName=D6 Pin=JP1-13
Added Net: Name=D6
Added Pin To Net: NetName=D7 Pin=*2-12
Added Pin To Net: NetName=D7 Pin=JP1-14
Added Net: Name=D7
Added Pin To Net: NetName=EN Pin=*2-6
Added Pin To Net: NetName=EN Pin=JP1-6
Added Net: Name=EN
Added Pin To Net: NetName=Net*2_1 Pin=*2-1
Added Pin To Net: NetName=Net*2_1 Pin=R5-1
Added Pin To Net: NetName=Net*2_1 Pin=R10-2
Added Net: Name=Net*2_1
Added Pin To Net: NetName=Net*2_2 Pin=*2-2
Added Pin To Net: NetName=Net*2_2 Pin=R4-1
Added Pin To Net: NetName=Net*2_2 Pin=R9-2
Added Net: Name=Net*2_2
Added Pin To Net: NetName=Net*2_3 Pin=*2-3
Added Pin To Net: NetName=Net*2_3 Pin=R3-1
Added Pin To Net: NetName=Net*2_3 Pin=R8-2
Added Net: Name=Net*2_3
Added Pin To Net: NetName=Net*3_7 Pin=*3-7
Added Pin To Net: NetName=Net*3_7 Pin=C15-1
Added Pin To Net: NetName=Net*3_7 Pin=Y2-2
Added Net: Name=Net*3_7
Added Pin To Net: NetName=Net*3_8 Pin=*3-8
Added Pin To Net: NetName=Net*3_8 Pin=C16-1
Added Pin To Net: NetName=Net*3_8 Pin=Y2-1
Added Net: Name=Net*3_8
Added Pin To Net: NetName=NetC26_2 Pin=C26-2
Added Pin To Net: NetName=NetC26_2 Pin=IC2-6
Added Net: Name=NetC26_2
Added Pin To Net: NetName=NetF1_1 Pin=F1-1
Added Pin To Net: NetName=NetF1_1 Pin=F1-1
Added Pin To Net: NetName=NetF1_1 Pin=J8-2
Added Net: Name=NetF1_1
Added Pin To Net: NetName=NetF1_2 Pin=F1-2
Added Pin To Net: NetName=NetF1_2 Pin=F1-2
Added Pin To Net: NetName=NetF1_2 Pin=IC2-1
Added Pin To Net: NetName=NetF1_2 Pin=IC2-2
Added Net: Name=NetF1_2
Added Pin To Net: NetName=NetIC2_3 Pin=IC2-3
Added Pin To Net: NetName=NetIC2_3 Pin=IC2-4
Added Pin To Net: NetName=NetIC2_3 Pin=J8-1
Added Net: Name=NetIC2_3
Added Pin To Net: NetName=NetIC2_7 Pin=IC2-7
Added Pin To Net: NetName=NetIC2_7 Pin=R39-1
Added Pin To Net: NetName=NetIC2_7 Pin=R43-1
Added Net: Name=NetIC2_7
Added Pin To Net: NetName=NetJ2_2 Pin=J2-2
Added Pin To Net: NetName=NetJ2_2 Pin=R32-2
Added Pin To Net: NetName=NetJ2_2 Pin=U1-5
Added Net: Name=NetJ2_2
Added Pin To Net: NetName=NetJ3_2 Pin=J3-2
Added Pin To Net: NetName=NetJ3_2 Pin=R33-2
Added Pin To Net: NetName=NetJ3_2 Pin=U1-6
Added Net: Name=NetJ3_2
Added Pin To Net: NetName=NetJ4_2 Pin=J4-2
Added Pin To Net: NetName=NetJ4_2 Pin=U1-7
Added Net: Name=NetJ4_2
Added Pin To Net: NetName=NetJ5_2 Pin=J5-2
Added Pin To Net: NetName=NetJ5_2 Pin=R34-2
Added Pin To Net: NetName=NetJ5_2 Pin=U1-8
Added Net: Name=NetJ5_2
Added Pin To Net: NetName=NetJ6_2 Pin=J6-2
Added Pin To Net: NetName=NetJ6_2 Pin=R35-2
Added Pin To Net: NetName=NetJ6_2 Pin=U1-9
Added Net: Name=NetJ6_2
Added Pin To Net: NetName=NetJ9_1 Pin=J9-1
Added Pin To Net: NetName=NetJ9_1 Pin=R48-1
Added Net: Name=NetJ9_1
Added Pin To Net: NetName=NetJ9_2 Pin=J9-2
Added Pin To Net: NetName=NetJ9_2 Pin=R45-1
Added Net: Name=NetJ9_2
Added Pin To Net: NetName=NetJP1_3 Pin=JP1-3
Added Pin To Net: NetName=NetJP1_3 Pin=VR1-2
Added Net: Name=NetJP1_3
Added Pin To Net: NetName=NetJP1_16 Pin=JP1-16
Added Net: Name=NetJP1_16
Added Pin To Net: NetName=NetL1_1 Pin=L1-1
Added Pin To Net: NetName=NetL1_1 Pin=R12-1
Added Net: Name=NetL1_1
Added Pin To Net: NetName=NetL2_1 Pin=L2-1
Added Pin To Net: NetName=NetL2_1 Pin=R27-1
Added Net: Name=NetL2_1
Added Pin To Net: NetName=NetP1_7 Pin=P1-7
Added Pin To Net: NetName=NetP1_7 Pin=R17-1
Added Net: Name=NetP1_7
Added Pin To Net: NetName=NetQ1_1 Pin=R13-2
Added Net: Name=NetQ1_1
Added Pin To Net: NetName=NetR39_2 Pin=R39-2
Added Pin To Net: NetName=NetR39_2 Pin=R40-1
Added Net: Name=NetR39_2
Added Pin To Net: NetName=NetR41_2 Pin=R41-2
Added Pin To Net: NetName=NetR41_2 Pin=R42-1
Added Net: Name=NetR41_2
Added Pin To Net: NetName=NetR45_2 Pin=R45-2
Added Pin To Net: NetName=NetR45_2 Pin=R46-1
Added Net: Name=NetR45_2
Added Pin To Net: NetName=NetR46_2 Pin=R46-2
Added Pin To Net: NetName=NetR46_2 Pin=R47-1
Added Net: Name=NetR46_2
Added Pin To Net: NetName=NetR48_2 Pin=R48-2
Added Pin To Net: NetName=NetR48_2 Pin=R49-1
Added Net: Name=NetR48_2
Added Pin To Net: NetName=NetR49_2 Pin=R49-2
Added Pin To Net: NetName=NetR49_2 Pin=R50-1
Added Net: Name=NetR49_2
Added Pin To Net: NetName=REF Pin=*4-2
Added Pin To Net: NetName=REF Pin=R38-1
Added Net: Name=REF
Added Pin To Net: NetName=RS Pin=*2-4
Added Pin To Net: NetName=RS Pin=JP1-4
Added Net: Name=RS
Added Pin To Net: NetName=RW Pin=*2-5
Added Pin To Net: NetName=RW Pin=JP1-5
Added Net: Name=RW
Added Pin To Net: NetName=UD+ Pin=*3-5
Added Pin To Net: NetName=UD+ Pin=USB2-3
Added Net: Name=UD+
Added Pin To Net: NetName=UD- Pin=*3-6
Added Pin To Net: NetName=UD- Pin=USB2-2
Added Net: Name=UD-
Added Member To Class: ClassName=lcd2004 Member=Component *2 PCF8574
Added Member To Class: ClassName=uart_to_usb Member=Component *3 CH340G
Added Member To Class: ClassName=8_channels Member=Component *4 MC1403
Added Member To Class: ClassName=8_channels Member=Component *5 LM324
Added Member To Class: ClassName=lcd2004 Member=Component C5 104
Added Member To Class: ClassName=sd_card Member=Component C6 104
Added Member To Class: ClassName=uart_to_usb Member=Component C13 104
Added Member To Class: ClassName=uart_to_usb Member=Component C14 104
Added Member To Class: ClassName=uart_to_usb Member=Component C15 22pF
Added Member To Class: ClassName=uart_to_usb Member=Component C16 22pF
Added Member To Class: ClassName=8_channels Member=Component C24 104
Added Member To Class: ClassName=8_channels Member=Component C25 104
Added Member To Class: ClassName=8_channels Member=Component C26 0603
Added Member To Class: ClassName=8_channels Member=Component C? 104
Added Member To Class: ClassName=8_channels Member=Component F1 5A
Added Member To Class: ClassName=8_channels Member=Component IC2 ACS712 5A
Added Member To Class: ClassName=8_channels Member=Component J2 CONN HEADER VERT 2POS 2.5MM
Added Member To Class: ClassName=8_channels Member=Component J3 CONN HEADER VERT 2POS 2.5MM
Added Member To Class: ClassName=8_channels Member=Component J4 CONN HEADER VERT 2POS 2.5MM
Added Member To Class: ClassName=8_channels Member=Component J6 CONN HEADER VERT 2POS 2.5MM
Added Member To Class: ClassName=8_channels Member=Component J7 CONN HEADER VERT 2POS 2.5MM
Added Member To Class: ClassName=8_channels Member=Component J8 CONN HEADER VERT 2POS 2.5MM
Added Member To Class: ClassName=8_channels Member=Component J9 CONN HEADER VERT 2POS 2.5MM
Added Member To Class: ClassName=lcd2004 Member=Component JP1 JP 1x16 2.54
Added Member To Class: ClassName=lcd2004 Member=Component L1 LED 0805
Added Member To Class: ClassName=uart_to_usb Member=Component L2 LED 0805
Added Member To Class: ClassName=sd_card Member=Component P1 Micro SD card
Added Member To Class: ClassName=lcd2004 Member=Component R3 10k
Added Member To Class: ClassName=lcd2004 Member=Component R4 10k
Added Member To Class: ClassName=lcd2004 Member=Component R5 10k
Added Member To Class: ClassName=lcd2004 Member=Component R6 10k
Added Member To Class: ClassName=lcd2004 Member=Component R7 10k
Added Member To Class: ClassName=lcd2004 Member=Component R8 10k
Added Member To Class: ClassName=lcd2004 Member=Component R9 10k
Added Member To Class: ClassName=lcd2004 Member=Component R10 10k
Added Member To Class: ClassName=lcd2004 Member=Component R11 4.7k
Added Member To Class: ClassName=lcd2004 Member=Component R12 1k
Added Member To Class: ClassName=lcd2004 Member=Component R13 4.7k
Added Member To Class: ClassName=sd_card Member=Component R14 10k
Added Member To Class: ClassName=sd_card Member=Component R15 10k
Added Member To Class: ClassName=sd_card Member=Component R16 10k
Added Member To Class: ClassName=sd_card Member=Component R17 27R
Added Member To Class: ClassName=uart_to_usb Member=Component R24 1k
Added Member To Class: ClassName=uart_to_usb Member=Component R25 1k
Added Member To Class: ClassName=uart_to_usb Member=Component R26 100R
Added Member To Class: ClassName=uart_to_usb Member=Component R27 1k
Added Member To Class: ClassName=8_channels Member=Component R30 10k
Added Member To Class: ClassName=8_channels Member=Component R31 10k
Added Member To Class: ClassName=8_channels Member=Component R32 10k
Added Member To Class: ClassName=8_channels Member=Component R33 10k
Added Member To Class: ClassName=8_channels Member=Component R34 10k
Added Member To Class: ClassName=8_channels Member=Component R35 10k
Added Member To Class: ClassName=8_channels Member=Component R36 10k
Added Member To Class: ClassName=8_channels Member=Component R37 10k
Added Member To Class: ClassName=8_channels Member=Component R38 15k
Added Member To Class: ClassName=8_channels Member=Component R39 15k
Added Member To Class: ClassName=8_channels Member=Component R40 2k
Added Member To Class: ClassName=8_channels Member=Component R41 82k
Added Member To Class: ClassName=8_channels Member=Component R42 1k
Added Member To Class: ClassName=8_channels Member=Component R43 1k
Added Member To Class: ClassName=8_channels Member=Component R44 1k
Added Member To Class: ClassName=8_channels Member=Component R45 1M2
Added Member To Class: ClassName=8_channels Member=Component R46 1M2
Added Member To Class: ClassName=8_channels Member=Component R47 2k2
Added Member To Class: ClassName=8_channels Member=Component R48 1M2
Added Member To Class: ClassName=8_channels Member=Component R49 1M2
Added Member To Class: ClassName=8_channels Member=Component R50 2k2
Added Member To Class: ClassName=8_channels Member=Component R51 15k
Added Member To Class: ClassName=8_channels Member=Component U1 74HC245 SMD
Added Member To Class: ClassName=uart_to_usb Member=Component USB2 USB A CN DIP
Added Member To Class: ClassName=lcd2004 Member=Component VR1 100R
Added Member To Class: ClassName=uart_to_usb Member=Component Y2 12Mhz
