Removed Member From Class: ClassName=button Member=C18
Removed Member From Class: ClassName=sd_card Member=C18
Removed Member From Class: ClassName=uart_to_usb Member=C19
Removed Member From Class: ClassName=uart_to_usb Member=C20
Removed Member From Class: ClassName=uart_to_usb Member=C21
Removed Member From Class: ClassName=uart_to_usb Member=C22
Removed Member From Class: ClassName=button Member=C23
Removed Member From Class: ClassName=lcd2004 Member=C23
Removed Member From Class: ClassName=lcd2004 Member=R18
Removed Member From Class: ClassName=lcd2004 Member=R19
Removed Member From Class: ClassName=lcd2004 Member=R20
Removed Member From Class: ClassName=lcd2004 Member=R21
Removed Member From Class: ClassName=lcd2004 Member=R22
Removed Member From Class: ClassName=lcd2004 Member=R23
Removed Member From Class: ClassName=lcd2004 Member=R28
Removed Member From Class: ClassName=lcd2004 Member=R29
Added Component: Designator=Q1(sot23-3)
Add component (AddParameter): Name = "Description SEL"; Value = "NPN  1.5A 40V"; VariantName = "[No Variations]"
Add component (AddParameter): Name = "Footprint Type"; Value = "SMD"; VariantName = "[No Variations]"
Add component (AddParameter): Name = "Manufacturer"; Value = "onsemi"; VariantName = "[No Variations]"
Add component (AddParameter): Name = "Packaging"; Value = "SOT23-3"; VariantName = "[No Variations]"
Add component (AddParameter): Name = "Part Code"; Value = "S1555-000014"; VariantName = "[No Variations]"
Add component (AddParameter): Name = "Part Number"; Value = "SS8050"; VariantName = "[No Variations]"
Add component (AddParameter): Name = "Point"; Value = "3"; VariantName = "[No Variations]"
Add component (AddParameter): Name = "Price"; Value = ""; VariantName = "[No Variations]"
Add component (AddParameter): Name = "Supplier 1"; Value = ""; VariantName = "[No Variations]"
Add component (AddParameter): Name = "Supplier Part Number 1"; Value = ""; VariantName = "[No Variations]"
Add component (AddParameter): Name = "Value"; Value = "1.5A 40V"; VariantName = "[No Variations]"
Added Pin To Net: NetName=NetQ1_1 Pin=Q1-1
Added Pin To Net: NetName=GND Pin=Q1-2
Added Pin To Net: NetName=NetJP1_16 Pin=Q1-3
Added Member To Class: ClassName=lcd2004 Member=Component C5 104
Added Member To Class: ClassName=sd_card Member=Component C6 104
Added Member To Class: ClassName=button Member=Component C7 0603
Added Member To Class: ClassName=button Member=Component C8 0603
Added Member To Class: ClassName=button Member=Component C9 0603
Added Member To Class: ClassName=button Member=Component C10 0603
Added Member To Class: ClassName=button Member=Component C11 0603
Added Member To Class: ClassName=button Member=Component C12 0603
Added Member To Class: ClassName=uart_to_usb Member=Component C13 104
Added Member To Class: ClassName=uart_to_usb Member=Component C14 104
Added Member To Class: ClassName=uart_to_usb Member=Component C15 22pF
Added Member To Class: ClassName=uart_to_usb Member=Component C16 22pF
Added Member To Class: ClassName=mcu Member=Component C17 0603
Added Member To Class: ClassName=mcu Member=Component J1 Header_4
Added Member To Class: ClassName=8_channels Member=Component J4 CONN HEADER VERT 2POS 2.5MM
Added Member To Class: ClassName=8_channels Member=Component J5 CONN HEADER VERT 2POS 2.5MM
Added Member To Class: ClassName=lcd2004 Member=Component Q1 SS8050
Added Member To Class: ClassName=lcd2004 Member=Component R3 10k
Added Member To Class: ClassName=lcd2004 Member=Component R4 10k
Added Member To Class: ClassName=lcd2004 Member=Component R5 10k
Added Member To Class: ClassName=lcd2004 Member=Component R6 10k
Added Member To Class: ClassName=lcd2004 Member=Component R7 10k
Added Member To Class: ClassName=lcd2004 Member=Component R8 10k
Added Member To Class: ClassName=lcd2004 Member=Component R9 10k
Added Member To Class: ClassName=lcd2004 Member=Component R10 10k
