Removed Member From Class: ClassName=button Member=C18
Removed Member From Class: ClassName=sd_card Member=C18
Removed Member From Class: ClassName=uart_to_usb Member=C19
Removed Member From Class: ClassName=uart_to_usb Member=C20
Removed Member From Class: ClassName=uart_to_usb Member=C21
Removed Member From Class: ClassName=uart_to_usb Member=C22
Removed Member From Class: ClassName=button Member=C23
Removed Member From Class: ClassName=lcd2004 Member=C23
Removed Member From Class: ClassName=lcd2004 Member=R18
Removed Member From Class: ClassName=lcd2004 Member=R19
Removed Member From Class: ClassName=lcd2004 Member=R20
Removed Member From Class: ClassName=lcd2004 Member=R21
Removed Member From Class: ClassName=lcd2004 Member=R22
Removed Member From Class: ClassName=lcd2004 Member=R23
Removed Member From Class: ClassName=lcd2004 Member=R28
Removed Member From Class: ClassName=lcd2004 Member=R29
Added Pin To Net: NetName=+5 Pin=*2-16
Added Pin To Net: NetName=+5 Pin=*4-1
Added Pin To Net: NetName=+5 Pin=*5-4
Added Pin To Net: NetName=+5 Pin=AMS1-3
Added Pin To Net: NetName=+5 Pin=C1-1
Added Pin To Net: NetName=+5 Pin=C2-1
Added Pin To Net: NetName=+5 Pin=C5-1
Added Pin To Net: NetName=+5 Pin=C25-1
Added Pin To Net: NetName=+5 Pin=IC2-8
Added Pin To Net: NetName=+5 Pin=JP1-2
Added Pin To Net: NetName=+5 Pin=JP1-15
Added Pin To Net: NetName=+5 Pin=R3-2
Added Pin To Net: NetName=+5 Pin=R4-2
Added Pin To Net: NetName=+5 Pin=R5-2
Added Pin To Net: NetName=+5 Pin=R6-2
Added Pin To Net: NetName=+5 Pin=R7-2
Added Pin To Net: NetName=+5 Pin=R11-2
Added Pin To Net: NetName=+5 Pin=R12-2
Added Pin To Net: NetName=+5 Pin=R31-1
Added Pin To Net: NetName=+5 Pin=USB1-1
Added Pin To Net: NetName=+5 Pin=VR1-1
Added Member To Class: ClassName=lcd2004 Member=Component C5 104
Added Member To Class: ClassName=sd_card Member=Component C6 104
Added Member To Class: ClassName=button Member=Component C7 0603
Added Member To Class: ClassName=button Member=Component C8 0603
Added Member To Class: ClassName=button Member=Component C9 0603
Added Member To Class: ClassName=button Member=Component C10 0603
Added Member To Class: ClassName=button Member=Component C11 0603
Added Member To Class: ClassName=button Member=Component C12 0603
Added Member To Class: ClassName=uart_to_usb Member=Component C13 104
Added Member To Class: ClassName=uart_to_usb Member=Component C14 104
Added Member To Class: ClassName=uart_to_usb Member=Component C15 22pF
Added Member To Class: ClassName=uart_to_usb Member=Component C16 22pF
Added Member To Class: ClassName=mcu Member=Component C17 0603
Added Member To Class: ClassName=mcu Member=Component J1 Header_4
Added Member To Class: ClassName=8_channels Member=Component J4 CONN HEADER VERT 2POS 2.5MM
Added Member To Class: ClassName=8_channels Member=Component J5 CONN HEADER VERT 2POS 2.5MM
Added Member To Class: ClassName=lcd2004 Member=Component R3 10k
Added Member To Class: ClassName=lcd2004 Member=Component R4 10k
Added Member To Class: ClassName=lcd2004 Member=Component R5 10k
Added Member To Class: ClassName=lcd2004 Member=Component R6 10k
Added Member To Class: ClassName=lcd2004 Member=Component R7 10k
Added Member To Class: ClassName=lcd2004 Member=Component R8 10k
Added Member To Class: ClassName=lcd2004 Member=Component R9 10k
Added Member To Class: ClassName=lcd2004 Member=Component R10 10k
