Removed Pin From Net: NetName=+5 Pin=*2-16
Removed Pin From Net: NetName=+5 Pin=C5-1
Removed Pin From Net: NetName=+5 Pin=JP1-2
Removed Pin From Net: NetName=+5 Pin=JP1-15
Removed Pin From Net: NetName=+5 Pin=R3-2
Removed Pin From Net: NetName=+5 Pin=R4-2
Removed Pin From Net: NetName=+5 Pin=R5-2
Removed Pin From Net: NetName=+5 Pin=R6-2
Removed Pin From Net: NetName=+5 Pin=R7-2
Removed Pin From Net: NetName=+5 Pin=R11-2
Removed Pin From Net: NetName=+5 Pin=R12-2
Removed Pin From Net: NetName=+5 Pin=VR1-1
Added Pin To Net: NetName=+3.3 Pin=*2-16
Added Pin To Net: NetName=+3.3 Pin=C5-1
Added Pin To Net: NetName=+3.3 Pin=JP1-2
Added Pin To Net: NetName=+3.3 Pin=JP1-15
Added Pin To Net: NetName=+3.3 Pin=R3-2
Added Pin To Net: NetName=+3.3 Pin=R4-2
Added Pin To Net: NetName=+3.3 Pin=R5-2
Added Pin To Net: NetName=+3.3 Pin=R6-2
Added Pin To Net: NetName=+3.3 Pin=R7-2
Added Pin To Net: NetName=+3.3 Pin=R11-2
Added Pin To Net: NetName=+3.3 Pin=R12-2
Added Pin To Net: NetName=+3.3 Pin=VR1-1
