Removed Pin From Net: NetName=Channel1 Pin=C25-1
Removed Pin From Net: NetName=GND Pin=C25-2
Removed Pin From Net: NetName=Net*4_7 Pin=R25-1
Removed Pin From Net: NetName=+3.3 Pin=R25-2
Removed Pin From Net: NetName=+5 Pin=R27-1
Removed Pin From Net: NetName=2OUT Pin=R40-1
Removed Pin From Net: NetName=GND Pin=R41-2
Removed Member From Class: ClassName=8_channels Member=C25
Removed Member From Class: ClassName=mcu Member=R25
Removed Member From Class: ClassName=8_channels Member=R40
Removed Member From Class: ClassName=8_channels Member=R41
Change Component Comment : Designator=R43 Old Comment=1M2 New Comment=1M
Change Component Comment : Designator=R44 Old Comment=1M2 New Comment=1M
Change Component Comment : Designator=R46 Old Comment=1M2 New Comment=1M
Change Component Comment : Designator=R47 Old Comment=1M2 New Comment=1M
Change Component Comment : Designator=R45 Old Comment=2k2 New Comment=2k
Change Component Comment : Designator=R48 Old Comment=2k2 New Comment=2k
Change Component Comment : Designator=R42 Old Comment=15k New Comment=4.7k
Change Component Comment : Designator=R49 Old Comment=15k New Comment=4.7k
Change component parameters: Designator = "C22" ("C22"); Footprint = "C_0603"; UniqueID = "\LPSJFGDE\SPXEZJOL" ("\LPSJFGDE\SPXEZJOL")
Change component parameters (AddParameter): Name = "Description SEL"; Value = "CAP CER 0.1UF 25V X8R 0603"; VariantName = "[No Variations]"
Change component parameters (AddParameter): Name = "Footprint Type"; Value = "SMD"; VariantName = "[No Variations]"
Change component parameters (AddParameter): Name = "Manufacturer"; Value = "Murata Electronics"; VariantName = "[No Variations]"
Change component parameters (AddParameter): Name = "Packaging"; Value = ""; VariantName = "[No Variations]"
Change component parameters (AddParameter): Name = "Part Code"; Value = "S1200-000077"; VariantName = "[No Variations]"
Change component parameters (AddParameter): Name = "Part Number"; Value = "GCM188R91E104KA37J"; VariantName = "[No Variations]"
Change component parameters (AddParameter): Name = "Point"; Value = "2"; VariantName = "[No Variations]"
Change component parameters (AddParameter): Name = "Price"; Value = ""; VariantName = "[No Variations]"
Change component parameters (AddParameter): Name = "Supplier 1"; Value = ""; VariantName = "[No Variations]"
Change component parameters (AddParameter): Name = "Supplier Part Number 1"; Value = ""; VariantName = "[No Variations]"
Change component parameters (AddParameter): Name = "Value"; Value = "0.01uF"; VariantName = "[No Variations]"
Added Component: Designator=R?(tro vach 1/2w)
Add component (AddParameter): Name = "Chung_Loai"; Value = "C?m"; VariantName = "[No Variations]"
Add component (AddParameter): Name = "Don_Vi"; Value = "Con"; VariantName = "[No Variations]"
Add component (AddParameter): Name = "Kieu_Chan"; Value = ""; VariantName = "[No Variations]"
Add component (AddParameter): Name = "Ma_Hang"; Value = "MH006031"; VariantName = "[No Variations]"
Add component (AddParameter): Name = "So_Chan"; Value = "2"; VariantName = "[No Variations]"
Add component (AddParameter): Name = "Ten_Linh_Kien"; Value = "Tr? 5% 1/2w 0.22R"; VariantName = "[No Variations]"
Added Pin To Net: NetName=2OUT Pin=*4-11
Added Pin To Net: NetName=+3.3 Pin=R27-1
Added Member To Class: ClassName=8_channels Member=Component R? 0.22R
