Removed Pin From Net: NetName=+5 Pin=*6-1
Removed Pin From Net: NetName=2.5 Pin=*6-2
Removed Pin From Net: NetName=GND Pin=*6-3
Removed Pin From Net: NetName=GND Pin=*8-2
Removed Pin From Net: NetName=Channel4 Pin=*8-3
Removed Pin From Net: NetName=Channel4 Pin=*8-4
Removed Pin From Net: NetName=+3.3 Pin=*8-5
Removed Pin From Net: NetName=Net*9_1 Pin=*9-1
Removed Pin From Net: NetName=GND Pin=*9-2
Removed Pin From Net: NetName=Channel5 Pin=*9-3
Removed Pin From Net: NetName=Channel5 Pin=*9-4
Removed Pin From Net: NetName=+3.3 Pin=*9-5
Removed Pin From Net: NetName=Net*10_1 Pin=*10-1
Removed Pin From Net: NetName=GND Pin=*10-2
Removed Pin From Net: NetName=Channel6 Pin=*10-3
Removed Pin From Net: NetName=Channel6 Pin=*10-4
Removed Pin From Net: NetName=+3.3 Pin=*10-5
Removed Pin From Net: NetName=Net*11_1 Pin=*11-1
Removed Pin From Net: NetName=GND Pin=*11-2
Removed Pin From Net: NetName=Net*11_4 Pin=*11-4
Removed Pin From Net: NetName=+5 Pin=*11-5
Removed Pin From Net: NetName=GND Pin=*12-2
Removed Pin From Net: NetName=Channel7 Pin=*12-3
Removed Pin From Net: NetName=Channel7 Pin=*12-4
Removed Pin From Net: NetName=+3.3 Pin=*12-5
Removed Pin From Net: NetName=Net*13_1 Pin=*13-1
Removed Pin From Net: NetName=GND Pin=*13-2
Removed Pin From Net: NetName=Channel8 Pin=*13-3
Removed Pin From Net: NetName=Channel8 Pin=*13-4
Removed Pin From Net: NetName=+3.3 Pin=*13-5
Removed Pin From Net: NetName=NetADG3_2 Pin=ADG3-2
Removed Pin From Net: NetName=GND Pin=ADG3-3
Removed Pin From Net: NetName=NetADG3_4 Pin=ADG3-4
Removed Pin From Net: NetName=NetADG3_5 Pin=ADG3-5
Removed Pin From Net: NetName=NetADG3_6 Pin=ADG3-6
Removed Pin From Net: NetName=NetADG3_7 Pin=ADG3-7
Removed Pin From Net: NetName=Net*11_1 Pin=ADG3-8
Removed Pin From Net: NetName=NetADG3_9 Pin=ADG3-9
Removed Pin From Net: NetName=NetADG3_10 Pin=ADG3-10
Removed Pin From Net: NetName=NetADG3_11 Pin=ADG3-11
Removed Pin From Net: NetName=NetADG3_12 Pin=ADG3-12
Removed Pin From Net: NetName=+5 Pin=ADG3-13
Removed Pin From Net: NetName=GND Pin=ADG3-14
Removed Pin From Net: NetName=GND Pin=C29-1
Removed Pin From Net: NetName=+5 Pin=C29-2
Removed Pin From Net: NetName=2.5 Pin=C30-1
Removed Pin From Net: NetName=GND Pin=C31-2
Removed Pin From Net: NetName=+5 Pin=C32-1
Removed Pin From Net: NetName=GND Pin=C32-2
Removed Pin From Net: NetName=GND Pin=C33-1
Removed Pin From Net: NetName=+3.3 Pin=C33-2
Removed Pin From Net: NetName=NetH1_2 Pin=H1-2
Removed Pin From Net: NetName=GND Pin=H3-1
Removed Pin From Net: NetName=NetH1_2 Pin=IC1-1
Removed Pin From Net: NetName=NetH1_2 Pin=IC1-2
Removed Pin From Net: NetName=Net*5_44 Pin=R26-1
Removed Pin From Net: NetName=GND Pin=R26-2
Removed Pin From Net: NetName=NetIC1_7 Pin=R27-1
Removed Pin From Net: NetName=Channel3 Pin=R27-2
Removed Pin From Net: NetName=GND Pin=R28-1
Removed Pin From Net: NetName=Channel3 Pin=R28-2
Removed Pin From Net: NetName=+3.3 Pin=R45-2
Removed Pin From Net: NetName=NetH3_2 Pin=R60-1
Removed Pin From Net: NetName=GND Pin=R60-2
Removed Pin From Net: NetName=GND Pin=R61-2
Removed Pin From Net: NetName=GND Pin=R62-2
Removed Pin From Net: NetName=GND Pin=R63-2
Removed Pin From Net: NetName=GND Pin=R64-2
Removed Pin From Net: NetName=Net*9_1 Pin=R70-1
Removed Pin From Net: NetName=+3.3 Pin=R70-2
Removed Pin From Net: NetName=NetR73_1 Pin=R73-1
Removed Pin From Net: NetName=Net*9_1 Pin=R73-2
Removed Pin From Net: NetName=Net*10_1 Pin=R76-1
Removed Pin From Net: NetName=+3.3 Pin=R76-2
Removed Pin From Net: NetName=Net*11_1 Pin=R77-2
Removed Pin From Net: NetName=Net*10_1 Pin=R78-2
Removed Pin From Net: NetName=2.5 Pin=R79-1
Removed Pin From Net: NetName=NetADG3_4 Pin=R80-2
Removed Pin From Net: NetName=NetADG3_2 Pin=R81-1
Removed Pin From Net: NetName=+5 Pin=R81-2
Removed Pin From Net: NetName=2.5 Pin=R82-1
Removed Pin From Net: NetName=NetADG3_5 Pin=R83-2
Removed Pin From Net: NetName=Net*11_4 Pin=R84-1
Removed Pin From Net: NetName=Channel2 Pin=R84-2
Removed Pin From Net: NetName=2.5 Pin=R85-1
Removed Pin From Net: NetName=NetADG3_6 Pin=R86-2
Removed Pin From Net: NetName=GND Pin=R87-1
Removed Pin From Net: NetName=Channel2 Pin=R87-2
Removed Pin From Net: NetName=2.5 Pin=R88-1
Removed Pin From Net: NetName=NetADG3_7 Pin=R89-2
Removed Pin From Net: NetName=+3.3 Pin=R90-2
Removed Pin From Net: NetName=2.5 Pin=R91-1
Removed Pin From Net: NetName=NetADG3_12 Pin=R92-2
Removed Pin From Net: NetName=2.5 Pin=R94-2
Removed Pin From Net: NetName=NetADG3_11 Pin=R95-2
Removed Pin From Net: NetName=2.5 Pin=R96-2
Removed Pin From Net: NetName=NetADG3_10 Pin=R97-1
Removed Pin From Net: NetName=NetADG4_9 Pin=R98-1
Removed Pin From Net: NetName=2.5 Pin=R100-2
Removed Pin From Net: NetName=NetADG3_9 Pin=R101-1
Removed Pin From Net: NetName=NetADG4_10 Pin=R102-1
Removed Pin From Net: NetName=NetADG4_11 Pin=R104-1
Removed Pin From Net: NetName=GND Pin=R106-2
Removed Pin From Net: NetName=NetADG4_12 Pin=R107-1
Removed Pin From Net: NetName=Net*11_4 Pin=R108-2
Removed Pin From Net: NetName=Net*13_1 Pin=R109-1
Removed Pin From Net: NetName=+3.3 Pin=R109-2
Removed Pin From Net: NetName=+5 Pin=R110-2
Removed Pin From Net: NetName=NetADG4_7 Pin=R111-1
Removed Pin From Net: NetName=Net*11_4 Pin=R112-2
Removed Pin From Net: NetName=Net*13_1 Pin=R113-2
Removed Pin From Net: NetName=NetADG4_6 Pin=R114-2
Removed Pin From Net: NetName=Net*11_4 Pin=R115-2
Removed Pin From Net: NetName=NetADG4_5 Pin=R116-2
Removed Pin From Net: NetName=Net*11_4 Pin=R117-1
Removed Pin From Net: NetName=NetADG4_4 Pin=R118-2
Removed Pin From Net: NetName=Net*11_4 Pin=R119-1
Removed Pin From Net: NetName=2.5 Pin=R?-2
Removed Pin From Net: NetName=NetH3_2 Pin=U1-5
Removed Pin From Net: NetName=NetR73_1 Pin=U1-14
Removed Member From Class: ClassName=8_channels Member=*6
Removed Member From Class: ClassName=8_channels Member=*8
Removed Member From Class: ClassName=8_channels Member=*9
Removed Member From Class: ClassName=8_channels Member=*10
Removed Member From Class: ClassName=8_channels Member=*11
Removed Member From Class: ClassName=channel_1 Member=*?
Removed Member From Class: ClassName=channel_1 Member=*
Removed Member From Class: ClassName=channel_1 Member=ADG?
Removed Member From Class: ClassName=8_channels Member=C29
Removed Member From Class: ClassName=8_channels Member=C30
Removed Member From Class: ClassName=8_channels Member=C31
Removed Member From Class: ClassName=8_channels Member=C32
Removed Member From Class: ClassName=8_channels Member=C33
Removed Member From Class: ClassName=channel_1 Member=C?
Removed Member From Class: ClassName=8_channels Member=H1
Removed Member From Class: ClassName=8_channels Member=H3
Removed Member From Class: ClassName=8_channels Member=H4
Removed Member From Class: ClassName=8_channels Member=H5
Removed Member From Class: ClassName=8_channels Member=H6
Removed Member From Class: ClassName=8_channels Member=H7
Removed Member From Class: ClassName=8_channels Member=H8
Removed Member From Class: ClassName=channel_1 Member=H?
Removed Member From Class: ClassName=8_channels Member=IC1
Removed Member From Class: ClassName=8_channels Member=R27
Removed Member From Class: ClassName=8_channels Member=R28
Removed Member From Class: ClassName=8_channels Member=R45
Removed Member From Class: ClassName=8_channels Member=R50
Removed Member From Class: ClassName=8_channels Member=R60
Removed Member From Class: ClassName=8_channels Member=R61
Removed Member From Class: ClassName=8_channels Member=R62
Removed Member From Class: ClassName=8_channels Member=R63
Removed Member From Class: ClassName=8_channels Member=R64
Removed Member From Class: ClassName=8_channels Member=R70
Removed Member From Class: ClassName=8_channels Member=R73
Removed Member From Class: ClassName=8_channels Member=R112
Removed Member From Class: ClassName=8_channels Member=R113
Removed Member From Class: ClassName=8_channels Member=R114
Removed Member From Class: ClassName=8_channels Member=R115
Removed Member From Class: ClassName=8_channels Member=R116
Removed Member From Class: ClassName=8_channels Member=R117
Removed Member From Class: ClassName=8_channels Member=R118
Removed Member From Class: ClassName=8_channels Member=R119
Removed Member From Class: ClassName=mcu Member=R?
Removed Member From Class: ClassName=pga Member=R?
Removed Member From Class: ClassName=power_supply Member=R?
Removed Member From Class: ClassName=real_time_clock Member=R?
Removed Member From Class: ClassName=uart_to_usb Member=R?
Removed Member From Class: ClassName=8_channels Member=U1
Change Component Footprint: Designator=*6 Old Footprint=SOT23 - 3 New Footprint=SOP14
Change Component Footprint: Designator=*8 Old Footprint=SOT23-5 New Footprint=dip8
Change Component Footprint: Designator=*12 Old Footprint=SOT23-5 New Footprint=dip8
Change Component Footprint: Designator=R91 Old Footprint=tro smd 0603 New Footprint=tro smd 0805
Change Component Footprint: Designator=R94 Old Footprint=tro smd 0603 New Footprint=tro smd 0805
Change Component Footprint: Designator=R107 Old Footprint=tro smd 0603 New Footprint=tro smd 0805
Change Component Footprint: Designator=R108 Old Footprint=tro smd 0603 New Footprint=tro smd 0805
Change Component Footprint: Designator=R110 Old Footprint=tro smd 0603 New Footprint=tro smd 0805
Change Component Footprint: Designator=R111 Old Footprint=tro smd 0603 New Footprint=tro smd 0805
Change Component Footprint: Designator=R112 Old Footprint=tro smd 0603 New Footprint=tro smd 0805
Change Component Footprint: Designator=R114 Old Footprint=tro smd 0603 New Footprint=tro smd 0805
Change Component Footprint: Designator=R115 Old Footprint=tro smd 0603 New Footprint=tro smd 0805
Change Component Footprint: Designator=R116 Old Footprint=tro smd 0603 New Footprint=tro smd 0805
Change Component Footprint: Designator=R117 Old Footprint=tro smd 0603 New Footprint=tro smd 0805
Change Component Footprint: Designator=R118 Old Footprint=tro smd 0603 New Footprint=tro smd 0805
Change Component Footprint: Designator=R119 Old Footprint=tro smd 0603 New Footprint=tro smd 0805
Change Component Footprint: Designator=R76 Old Footprint=tro smd 2512 New Footprint=tro smd 0603
Change Component Footprint: Designator=R77 Old Footprint=tro smd 2512 New Footprint=tro smd 0603
Change Component Footprint: Designator=R78 Old Footprint=tro smd 2512 New Footprint=tro smd 0603
Change Component Footprint: Designator=R90 Old Footprint=tro smd 2512 New Footprint=tro smd 0603
Change Component Footprint: Designator=R93 Old Footprint=tro smd 2512 New Footprint=tro smd 0603
Change Component Footprint: Designator=R106 Old Footprint=tro smd 2512 New Footprint=tro smd 0805
Change Component Footprint: Designator=R109 Old Footprint=tro smd 2512 New Footprint=tro smd 0805
Change Component Footprint: Designator=R113 Old Footprint=tro smd 2512 New Footprint=tro smd 0805
Change Component Comment : Designator=C29 Old Comment=0.1uF New Comment=1nF
Change Component Comment : Designator=R81 Old Comment=1k New Comment=2k
Change Component Comment : Designator=R103 Old Comment=1k New Comment=10k
Change Component Comment : Designator=R110 Old Comment=1k New Comment=10k
Change Component Comment : Designator=R83 Old Comment=1k New Comment=20k
Change Component Comment : Designator=C31 Old Comment=1nF New Comment=104
Change Component Comment : Designator=C30 Old Comment=1uF New Comment=0.1uF
Change Component Comment : Designator=R105 Old Comment=3k New Comment=3.3k
Change Component Comment : Designator=R84 Old Comment=5.1k New Comment=16k
Change Component Comment : Designator=R109 Old Comment=10k New Comment=1k
Change Component Comment : Designator=R87 Old Comment=10k New Comment=4.7k
Change Component Comment : Designator=R93 Old Comment=10k New Comment=18k
Change Component Comment : Designator=R78 Old Comment=10k New Comment=30k
Change Component Comment : Designator=R76 Old Comment=10k New Comment=62k
Change Component Comment : Designator=R90 Old Comment=10k New Comment=160k
Change Component Comment : Designator=R79 Old Comment=12k New Comment=10k
Change Component Comment : Designator=R98 Old Comment=12k New Comment=30k
Change Component Comment : Designator=R112 Old Comment=18k New Comment=5.1k
Change Component Comment : Designator=R92 Old Comment=18k New Comment=62k
Change Component Comment : Designator=R115 Old Comment=24k New Comment=1k
Change Component Comment : Designator=R102 Old Comment=24k New Comment=16k
Change Component Comment : Designator=R104 Old Comment=47k New Comment=4.7k
Change Component Comment : Designator=R85 Old Comment=47k New Comment=10k
Change Component Comment : Designator=R107 Old Comment=62k New Comment=1k
Change Component Comment : Designator=R88 Old Comment=62k New Comment=3.3k
Change Component Comment : Designator=R111 Old Comment=82k New Comment=1k
Change Component Comment : Designator=R91 Old Comment=82k New Comment=5.1k
Change Component Comment : Designator=R106 Old Comment=100k New Comment=1k
Change Component Comment : Designator=R114 Old Comment=100k New Comment=1k
Change Component Comment : Designator=R116 Old Comment=100k New Comment=1k
Change Component Comment : Designator=R117 Old Comment=100k New Comment=1k
Change Component Comment : Designator=R94 Old Comment=100k New Comment=10k
Change Component Comment : Designator=R97 Old Comment=100k New Comment=10k
Change Component Comment : Designator=R77 Old Comment=100k New Comment=18k
Change Component Comment : Designator=R96 Old Comment=100k New Comment=30k
Change Component Comment : Designator=R118 Old Comment=240k New Comment=10k
Change Component Comment : Designator=R100 Old Comment=240k New Comment=20k
Change Component Comment : Designator=R89 Old Comment=470R New Comment=1k
Change Component Comment : Designator=R99 Old Comment=470R New Comment=2k
Change Component Comment : Designator=R108 Old Comment=470R New Comment=10k
Change Component Comment : Designator=R80 Old Comment=470R New Comment=30k
Change Component Comment : Designator=*8 Old Comment=LMV321 New Comment=MC1403
Change Component Comment : Designator=*12 Old Comment=LMV321 New Comment=MC1403
Change Component Comment : Designator=*6 Old Comment=MCP1525 New Comment=74HC86
Change Component Designator: OldDesignator=* NewDesignator=*9
Change Component Designator: OldDesignator=* NewDesignator=*10
Change Component Designator: OldDesignator=*? NewDesignator=*11
Change Component Designator: OldDesignator=*? NewDesignator=*13
Change Component Designator: OldDesignator=ADG? NewDesignator=ADG1
Change Component Designator: OldDesignator=ADG? NewDesignator=ADG2
Change Component Designator: OldDesignator=ADG? NewDesignator=ADG3
Change Component Designator: OldDesignator=H? NewDesignator=H1
Change Component Designator: OldDesignator=H? NewDesignator=H2
Change Component Designator: OldDesignator=R? NewDesignator=R1
Change Component Designator: OldDesignator=R? NewDesignator=R2
Change Component Designator: OldDesignator=R? NewDesignator=R3
Change Component Designator: OldDesignator=R? NewDesignator=R4
Change Component Designator: OldDesignator=R? NewDesignator=R5
Change Component Designator: OldDesignator=R? NewDesignator=R6
Change Component Designator: OldDesignator=R? NewDesignator=R7
Change Component Designator: OldDesignator=R? NewDesignator=R9
Change Component Designator: OldDesignator=R? NewDesignator=R10
Change Component Designator: OldDesignator=R? NewDesignator=R11
Change Component Designator: OldDesignator=R? NewDesignator=R12
Change Component Designator: OldDesignator=R? NewDesignator=R13
Change Component Designator: OldDesignator=R? NewDesignator=R14
Change Component Designator: OldDesignator=R? NewDesignator=R15
Change Component Designator: OldDesignator=R? NewDesignator=R16
Change Component Designator: OldDesignator=R? NewDesignator=R17
Change Component Designator: OldDesignator=R? NewDesignator=R18
Change Component Designator: OldDesignator=R? NewDesignator=R19
Change Component Designator: OldDesignator=R? NewDesignator=R20
Change Component Designator: OldDesignator=R? NewDesignator=R21
Change Component Designator: OldDesignator=R? NewDesignator=R22
Change Component Designator: OldDesignator=R? NewDesignator=R23
Change Component Designator: OldDesignator=R? NewDesignator=R24
Change Component Designator: OldDesignator=R? NewDesignator=R25
Change Component Designator: OldDesignator=R? NewDesignator=R26
Change Component Designator: OldDesignator=R? NewDesignator=R27
Change Component Designator: OldDesignator=R? NewDesignator=R28
Change Component Designator: OldDesignator=R? NewDesignator=R29
Change Component Designator: OldDesignator=R? NewDesignator=R31
Change Component Designator: OldDesignator=R? NewDesignator=R33
Change Component Designator: OldDesignator=R? NewDesignator=R34
Change Component Designator: OldDesignator=R? NewDesignator=R36
Change Component Designator: OldDesignator=R? NewDesignator=R37
Change Component Designator: OldDesignator=R? NewDesignator=R38
Change Component Designator: OldDesignator=R? NewDesignator=R39
Change Component Designator: OldDesignator=R? NewDesignator=R40
Change Component Designator: OldDesignator=R? NewDesignator=R41
Change Component Designator: OldDesignator=R? NewDesignator=R42
Change Component Designator: OldDesignator=R? NewDesignator=R43
Change Component Designator: OldDesignator=R? NewDesignator=R44
Change Component Designator: OldDesignator=R? NewDesignator=R45
Change Component Designator: OldDesignator=R? NewDesignator=R46
Change Component Designator: OldDesignator=R? NewDesignator=R47
Change Component Designator: OldDesignator=R? NewDesignator=R48
Change Component Designator: OldDesignator=R? NewDesignator=R49
Change Component Designator: OldDesignator=R? NewDesignator=R50
Change Component Designator: OldDesignator=R? NewDesignator=R51
Change Component Designator: OldDesignator=R? NewDesignator=R52
Change Component Designator: OldDesignator=R? NewDesignator=R53
Change Component Designator: OldDesignator=R? NewDesignator=R54
Change Component Designator: OldDesignator=R? NewDesignator=R55
Change Component Designator: OldDesignator=R? NewDesignator=R56
Change Component Designator: OldDesignator=R? NewDesignator=R57
Change Component Designator: OldDesignator=R? NewDesignator=R58
Change Component Designator: OldDesignator=R? NewDesignator=R59
Change Component Designator: OldDesignator=R? NewDesignator=R60
Change Component Designator: OldDesignator=R? NewDesignator=R61
Change Component Designator: OldDesignator=R? NewDesignator=R62
Change Component Designator: OldDesignator=R? NewDesignator=R63
Change Component Designator: OldDesignator=R? NewDesignator=R64
Change Component Designator: OldDesignator=R? NewDesignator=R65
Change Component Designator: OldDesignator=R? NewDesignator=R66
Change Component Designator: OldDesignator=R? NewDesignator=R67
Change Component Designator: OldDesignator=R? NewDesignator=R68
Change Component Designator: OldDesignator=R? NewDesignator=R69
Change Component Designator: OldDesignator=R? NewDesignator=R70
Change Component Designator: OldDesignator=R? NewDesignator=R71
Change Component Designator: OldDesignator=R? NewDesignator=R72
Change Component Designator: OldDesignator=R? NewDesignator=R73
Change Component Designator: OldDesignator=R? NewDesignator=R74
Change Component Designator: OldDesignator=R? NewDesignator=R82
Change Component Designator: OldDesignator=R? NewDesignator=R86
Change Component Designator: OldDesignator=R? NewDesignator=R95
Change Component Designator: OldDesignator=R? NewDesignator=R101
Change component parameters: Designator = "C31" ("C31"); Footprint = "tu 0603"; UniqueID = "\AKTWNIXO\ROGQOXPX" ("\AKTWNIXO\ROGQOXPX")
Change component parameters (AddParameter): Name = "Chung_Loai"; Value = "Dán"; VariantName = "[No Variations]"
Change component parameters (AddParameter): Name = "Don_Vi"; Value = "Con"; VariantName = "[No Variations]"
Change component parameters (AddParameter): Name = "Kieu_Chan"; Value = ""; VariantName = "[No Variations]"
Change component parameters (AddParameter): Name = "Ma_Hang"; Value = "MH004568"; VariantName = "[No Variations]"
Change component parameters (AddParameter): Name = "So_Chan"; Value = "2"; VariantName = "[No Variations]"
Change component parameters (AddParameter): Name = "Ten_Linh_Kien"; Value = "T? 0603 104-100nF 10% 50V"; VariantName = "[No Variations]"
Change component parameters: Designator = "R79" ("R79"); Footprint = "tro smd 0603"; UniqueID = "\IDINGPXW\NEQCTFPL" ("\IDINGPXW\NEQCTFPL")
Change component parameters (AddParameter): Name = "Chung_Loai"; Value = "Dán"; VariantName = "[No Variations]"
Change component parameters (AddParameter): Name = "Don_Vi"; Value = "Con"; VariantName = "[No Variations]"
Change component parameters (AddParameter): Name = "Kieu_Chan"; Value = ""; VariantName = "[No Variations]"
Change component parameters (AddParameter): Name = "Ma_Hang"; Value = "MH001941"; VariantName = "[No Variations]"
Change component parameters (AddParameter): Name = "So_Chan"; Value = "2"; VariantName = "[No Variations]"
Change component parameters (AddParameter): Name = "Ten_Linh_Kien"; Value = "Tr? 2512 5% 104-100k 1W"; VariantName = "[No Variations]"
Change component parameters: Designator = "R80" ("R80"); Footprint = "tro smd 0603"; UniqueID = "\IDINGPXW\MNQEXCED" ("\IDINGPXW\MNQEXCED")
Change component parameters (AddParameter): Name = "Chung_Loai"; Value = "Dán"; VariantName = "[No Variations]"
Change component parameters (AddParameter): Name = "Don_Vi"; Value = "Con"; VariantName = "[No Variations]"
Change component parameters (AddParameter): Name = "Kieu_Chan"; Value = ""; VariantName = "[No Variations]"
Change component parameters (AddParameter): Name = "Ma_Hang"; Value = "MH001941"; VariantName = "[No Variations]"
Change component parameters (AddParameter): Name = "So_Chan"; Value = "2"; VariantName = "[No Variations]"
Change component parameters (AddParameter): Name = "Ten_Linh_Kien"; Value = "Tr? 2512 5% 104-100k 1W"; VariantName = "[No Variations]"
Change component parameters: Designator = "R81" ("R81"); Footprint = "tro smd 0603"; UniqueID = "\IDINGPXW\REWCEQWA" ("\IDINGPXW\REWCEQWA")
Change component parameters (AddParameter): Name = "Chung_Loai"; Value = "Dán"; VariantName = "[No Variations]"
Change component parameters (AddParameter): Name = "Don_Vi"; Value = "Con"; VariantName = "[No Variations]"
Change component parameters (AddParameter): Name = "Kieu_Chan"; Value = ""; VariantName = "[No Variations]"
Change component parameters (AddParameter): Name = "Ma_Hang"; Value = "MH001941"; VariantName = "[No Variations]"
Change component parameters (AddParameter): Name = "So_Chan"; Value = "2"; VariantName = "[No Variations]"
Change component parameters (AddParameter): Name = "Ten_Linh_Kien"; Value = "Tr? 2512 5% 104-100k 1W"; VariantName = "[No Variations]"
Change component parameters: Designator = "R83" ("R83"); Footprint = "tro smd 0603"; UniqueID = "\IDINGPXW\LKTXPYFV" ("\IDINGPXW\LKTXPYFV")
Change component parameters (AddParameter): Name = "Chung_Loai"; Value = "Dán"; VariantName = "[No Variations]"
Change component parameters (AddParameter): Name = "Don_Vi"; Value = "Con"; VariantName = "[No Variations]"
Change component parameters (AddParameter): Name = "Kieu_Chan"; Value = ""; VariantName = "[No Variations]"
Change component parameters (AddParameter): Name = "Ma_Hang"; Value = "MH001941"; VariantName = "[No Variations]"
Change component parameters (AddParameter): Name = "So_Chan"; Value = "2"; VariantName = "[No Variations]"
Change component parameters (AddParameter): Name = "Ten_Linh_Kien"; Value = "Tr? 2512 5% 104-100k 1W"; VariantName = "[No Variations]"
Change component parameters: Designator = "R84" ("R84"); Footprint = "tro smd 0603"; UniqueID = "\IDINGPXW\VFCMWIEX" ("\IDINGPXW\VFCMWIEX")
Change component parameters (AddParameter): Name = "Chung_Loai"; Value = "Dán"; VariantName = "[No Variations]"
Change component parameters (AddParameter): Name = "Don_Vi"; Value = "Con"; VariantName = "[No Variations]"
Change component parameters (AddParameter): Name = "Kieu_Chan"; Value = ""; VariantName = "[No Variations]"
Change component parameters (AddParameter): Name = "Ma_Hang"; Value = "MH001941"; VariantName = "[No Variations]"
Change component parameters (AddParameter): Name = "So_Chan"; Value = "2"; VariantName = "[No Variations]"
Change component parameters (AddParameter): Name = "Ten_Linh_Kien"; Value = "Tr? 2512 5% 104-100k 1W"; VariantName = "[No Variations]"
Change component parameters: Designator = "R85" ("R85"); Footprint = "tro smd 0603"; UniqueID = "\IDINGPXW\YIJJAUVH" ("\IDINGPXW\YIJJAUVH")
Change component parameters (AddParameter): Name = "Chung_Loai"; Value = "Dán"; VariantName = "[No Variations]"
Change component parameters (AddParameter): Name = "Don_Vi"; Value = "Con"; VariantName = "[No Variations]"
Change component parameters (AddParameter): Name = "Kieu_Chan"; Value = ""; VariantName = "[No Variations]"
Change component parameters (AddParameter): Name = "Ma_Hang"; Value = "MH001941"; VariantName = "[No Variations]"
Change component parameters (AddParameter): Name = "So_Chan"; Value = "2"; VariantName = "[No Variations]"
Change component parameters (AddParameter): Name = "Ten_Linh_Kien"; Value = "Tr? 2512 5% 104-100k 1W"; VariantName = "[No Variations]"
Change component parameters: Designator = "R87" ("R87"); Footprint = "tro smd 0603"; UniqueID = "\IDINGPXW\EUNLYWFW" ("\IDINGPXW\EUNLYWFW")
Change component parameters (AddParameter): Name = "Chung_Loai"; Value = "Dán"; VariantName = "[No Variations]"
Change component parameters (AddParameter): Name = "Don_Vi"; Value = "Con"; VariantName = "[No Variations]"
Change component parameters (AddParameter): Name = "Kieu_Chan"; Value = ""; VariantName = "[No Variations]"
Change component parameters (AddParameter): Name = "Ma_Hang"; Value = "MH001941"; VariantName = "[No Variations]"
Change component parameters (AddParameter): Name = "So_Chan"; Value = "2"; VariantName = "[No Variations]"
Change component parameters (AddParameter): Name = "Ten_Linh_Kien"; Value = "Tr? 2512 5% 104-100k 1W"; VariantName = "[No Variations]"
Change component parameters: Designator = "R88" ("R88"); Footprint = "tro smd 0603"; UniqueID = "\IDINGPXW\DVGQTBVE" ("\IDINGPXW\DVGQTBVE")
Change component parameters (AddParameter): Name = "Chung_Loai"; Value = "Dán"; VariantName = "[No Variations]"
Change component parameters (AddParameter): Name = "Don_Vi"; Value = "Con"; VariantName = "[No Variations]"
Change component parameters (AddParameter): Name = "Kieu_Chan"; Value = ""; VariantName = "[No Variations]"
Change component parameters (AddParameter): Name = "Ma_Hang"; Value = "MH001941"; VariantName = "[No Variations]"
Change component parameters (AddParameter): Name = "So_Chan"; Value = "2"; VariantName = "[No Variations]"
Change component parameters (AddParameter): Name = "Ten_Linh_Kien"; Value = "Tr? 2512 5% 104-100k 1W"; VariantName = "[No Variations]"
Change component parameters: Designator = "R89" ("R89"); Footprint = "tro smd 0603"; UniqueID = "\IDINGPXW\MXONQNML" ("\IDINGPXW\MXONQNML")
Change component parameters (AddParameter): Name = "Chung_Loai"; Value = "Dán"; VariantName = "[No Variations]"
Change component parameters (AddParameter): Name = "Don_Vi"; Value = "Con"; VariantName = "[No Variations]"
Change component parameters (AddParameter): Name = "Kieu_Chan"; Value = ""; VariantName = "[No Variations]"
Change component parameters (AddParameter): Name = "Ma_Hang"; Value = "MH001941"; VariantName = "[No Variations]"
Change component parameters (AddParameter): Name = "So_Chan"; Value = "2"; VariantName = "[No Variations]"
Change component parameters (AddParameter): Name = "Ten_Linh_Kien"; Value = "Tr? 2512 5% 104-100k 1W"; VariantName = "[No Variations]"
Change component parameters: Designator = "R92" ("R92"); Footprint = "tro smd 0603"; UniqueID = "\IDINGPXW\YZSKHMJH" ("\IDINGPXW\YZSKHMJH")
Change component parameters (AddParameter): Name = "Chung_Loai"; Value = "Dán"; VariantName = "[No Variations]"
Change component parameters (AddParameter): Name = "Don_Vi"; Value = "Con"; VariantName = "[No Variations]"
Change component parameters (AddParameter): Name = "Kieu_Chan"; Value = ""; VariantName = "[No Variations]"
Change component parameters (AddParameter): Name = "Ma_Hang"; Value = "MH001941"; VariantName = "[No Variations]"
Change component parameters (AddParameter): Name = "So_Chan"; Value = "2"; VariantName = "[No Variations]"
Change component parameters (AddParameter): Name = "Ten_Linh_Kien"; Value = "Tr? 2512 5% 104-100k 1W"; VariantName = "[No Variations]"
Change component parameters: Designator = "R94" ("R94"); Footprint = "tro smd 0603"; UniqueID = "\IDINGPXW\YBTIWFBI" ("\IDINGPXW\YBTIWFBI")
Change component parameters (AddParameter): Name = "Chung_Loai"; Value = "Dán"; VariantName = "[No Variations]"
Change component parameters (AddParameter): Name = "Don_Vi"; Value = "Con"; VariantName = "[No Variations]"
Change component parameters (AddParameter): Name = "Kieu_Chan"; Value = ""; VariantName = "[No Variations]"
Change component parameters (AddParameter): Name = "Ma_Hang"; Value = "MH006333"; VariantName = "[No Variations]"
Change component parameters (AddParameter): Name = "So_Chan"; Value = "2"; VariantName = "[No Variations]"
Change component parameters (AddParameter): Name = "Ten_Linh_Kien"; Value = "Tr? 0603 1% 10k"; VariantName = "[No Variations]"
Change component parameters: Designator = "R98" ("R98"); Footprint = "tro smd 0603"; UniqueID = "\IDINGPXW\RGGOYWGS" ("\IDINGPXW\RGGOYWGS")
Change component parameters (AddParameter): Name = "Chung_Loai"; Value = "Dán"; VariantName = "[No Variations]"
Change component parameters (AddParameter): Name = "Don_Vi"; Value = "Con"; VariantName = "[No Variations]"
Change component parameters (AddParameter): Name = "Kieu_Chan"; Value = ""; VariantName = "[No Variations]"
Change component parameters (AddParameter): Name = "Ma_Hang"; Value = "MH001941"; VariantName = "[No Variations]"
Change component parameters (AddParameter): Name = "So_Chan"; Value = "2"; VariantName = "[No Variations]"
Change component parameters (AddParameter): Name = "Ten_Linh_Kien"; Value = "Tr? 2512 5% 104-100k 1W"; VariantName = "[No Variations]"
Change component parameters: Designator = "R99" ("R99"); Footprint = "tro smd 0603"; UniqueID = "\IDINGPXW\IOHSCXLV" ("\IDINGPXW\IOHSCXLV")
Change component parameters (AddParameter): Name = "Chung_Loai"; Value = "Dán"; VariantName = "[No Variations]"
Change component parameters (AddParameter): Name = "Don_Vi"; Value = "Con"; VariantName = "[No Variations]"
Change component parameters (AddParameter): Name = "Kieu_Chan"; Value = ""; VariantName = "[No Variations]"
Change component parameters (AddParameter): Name = "Ma_Hang"; Value = "MH001941"; VariantName = "[No Variations]"
Change component parameters (AddParameter): Name = "So_Chan"; Value = "2"; VariantName = "[No Variations]"
Change component parameters (AddParameter): Name = "Ten_Linh_Kien"; Value = "Tr? 2512 5% 104-100k 1W"; VariantName = "[No Variations]"
Change component parameters: Designator = "R102" ("R102"); Footprint = "tro smd 0603"; UniqueID = "\IDINGPXW\CCJYOXJC" ("\IDINGPXW\CCJYOXJC")
Change component parameters (AddParameter): Name = "Chung_Loai"; Value = "Dán"; VariantName = "[No Variations]"
Change component parameters (AddParameter): Name = "Don_Vi"; Value = "Con"; VariantName = "[No Variations]"
Change component parameters (AddParameter): Name = "Kieu_Chan"; Value = ""; VariantName = "[No Variations]"
Change component parameters (AddParameter): Name = "Ma_Hang"; Value = "MH001941"; VariantName = "[No Variations]"
Change component parameters (AddParameter): Name = "So_Chan"; Value = "2"; VariantName = "[No Variations]"
Change component parameters (AddParameter): Name = "Ten_Linh_Kien"; Value = "Tr? 2512 5% 104-100k 1W"; VariantName = "[No Variations]"
Change component parameters: Designator = "R103" ("R103"); Footprint = "tro smd 0603"; UniqueID = "\IDINGPXW\OJTXUZQE" ("\IDINGPXW\OJTXUZQE")
Change component parameters (AddParameter): Name = "Chung_Loai"; Value = "Dán"; VariantName = "[No Variations]"
Change component parameters (AddParameter): Name = "Don_Vi"; Value = "Con"; VariantName = "[No Variations]"
Change component parameters (AddParameter): Name = "Kieu_Chan"; Value = ""; VariantName = "[No Variations]"
Change component parameters (AddParameter): Name = "Ma_Hang"; Value = "MH001941"; VariantName = "[No Variations]"
Change component parameters (AddParameter): Name = "So_Chan"; Value = "2"; VariantName = "[No Variations]"
Change component parameters (AddParameter): Name = "Ten_Linh_Kien"; Value = "Tr? 2512 5% 104-100k 1W"; VariantName = "[No Variations]"
Change component parameters: Designator = "R104" ("R104"); Footprint = "tro smd 0603"; UniqueID = "\IDINGPXW\VRVYKLHR" ("\IDINGPXW\VRVYKLHR")
Change component parameters (AddParameter): Name = "Chung_Loai"; Value = "Dán"; VariantName = "[No Variations]"
Change component parameters (AddParameter): Name = "Don_Vi"; Value = "Con"; VariantName = "[No Variations]"
Change component parameters (AddParameter): Name = "Kieu_Chan"; Value = ""; VariantName = "[No Variations]"
Change component parameters (AddParameter): Name = "Ma_Hang"; Value = "MH001941"; VariantName = "[No Variations]"
Change component parameters (AddParameter): Name = "So_Chan"; Value = "2"; VariantName = "[No Variations]"
Change component parameters (AddParameter): Name = "Ten_Linh_Kien"; Value = "Tr? 2512 5% 104-100k 1W"; VariantName = "[No Variations]"
Change component parameters: Designator = "R105" ("R105"); Footprint = "tro smd 0603"; UniqueID = "\IDINGPXW\MDDMSVPB" ("\IDINGPXW\MDDMSVPB")
Change component parameters (AddParameter): Name = "Chung_Loai"; Value = "Dán"; VariantName = "[No Variations]"
Change component parameters (AddParameter): Name = "Don_Vi"; Value = "Con"; VariantName = "[No Variations]"
Change component parameters (AddParameter): Name = "Kieu_Chan"; Value = ""; VariantName = "[No Variations]"
Change component parameters (AddParameter): Name = "Ma_Hang"; Value = "MH001941"; VariantName = "[No Variations]"
Change component parameters (AddParameter): Name = "So_Chan"; Value = "2"; VariantName = "[No Variations]"
Change component parameters (AddParameter): Name = "Ten_Linh_Kien"; Value = "Tr? 2512 5% 104-100k 1W"; VariantName = "[No Variations]"
Change component parameters: Designator = "R106" ("R106"); Footprint = "tro smd 2512"; UniqueID = "\IDINGPXW\JXUKWKBD" ("\IDINGPXW\JXUKWKBD")
Change component parameters (AddParameter): Name = "Chung_Loai"; Value = "Dán"; VariantName = "[No Variations]"
Change component parameters (AddParameter): Name = "Don_Vi"; Value = "Con"; VariantName = "[No Variations]"
Change component parameters (AddParameter): Name = "Kieu_Chan"; Value = ""; VariantName = "[No Variations]"
Change component parameters (AddParameter): Name = "Ma_Hang"; Value = "MH006333"; VariantName = "[No Variations]"
Change component parameters (AddParameter): Name = "So_Chan"; Value = "2"; VariantName = "[No Variations]"
Change component parameters (AddParameter): Name = "Ten_Linh_Kien"; Value = "Tr? 0603 1% 10k"; VariantName = "[No Variations]"
Change component parameters: Designator = "R109" ("R109"); Footprint = "tro smd 2512"; UniqueID = "\IDINGPXW\VMVFSPMF" ("\IDINGPXW\VMVFSPMF")
Change component parameters (AddParameter): Name = "Chung_Loai"; Value = "Dán"; VariantName = "[No Variations]"
Change component parameters (AddParameter): Name = "Don_Vi"; Value = "Con"; VariantName = "[No Variations]"
Change component parameters (AddParameter): Name = "Kieu_Chan"; Value = ""; VariantName = "[No Variations]"
Change component parameters (AddParameter): Name = "Ma_Hang"; Value = "MH006333"; VariantName = "[No Variations]"
Change component parameters (AddParameter): Name = "So_Chan"; Value = "2"; VariantName = "[No Variations]"
Change component parameters (AddParameter): Name = "Ten_Linh_Kien"; Value = "Tr? 0603 1% 10k"; VariantName = "[No Variations]"
Change component parameters: Designator = "R113" ("R113"); Footprint = "tro smd 2512"; UniqueID = "\FPQWVTPV\IUMWFEBJ" ("\FPQWVTPV\IUMWFEBJ")
Change component parameters (AddParameter): Name = "Chung_Loai"; Value = "Dán"; VariantName = "[No Variations]"
Change component parameters (AddParameter): Name = "Don_Vi"; Value = "Con"; VariantName = "[No Variations]"
Change component parameters (AddParameter): Name = "Kieu_Chan"; Value = ""; VariantName = "[No Variations]"
Change component parameters (AddParameter): Name = "Ma_Hang"; Value = "MH006333"; VariantName = "[No Variations]"
Change component parameters (AddParameter): Name = "So_Chan"; Value = "2"; VariantName = "[No Variations]"
Change component parameters (AddParameter): Name = "Ten_Linh_Kien"; Value = "Tr? 0603 1% 10k"; VariantName = "[No Variations]"
Change component parameters: Designator = "R114" ("R114"); Footprint = "tro smd 0603"; UniqueID = "\AKTWNIXO\EUIDDXQD" ("\AKTWNIXO\EUIDDXQD")
Change component parameters (AddParameter): Name = "Chung_Loai"; Value = "Dán"; VariantName = "[No Variations]"
Change component parameters (AddParameter): Name = "Don_Vi"; Value = "Con"; VariantName = "[No Variations]"
Change component parameters (AddParameter): Name = "Kieu_Chan"; Value = ""; VariantName = "[No Variations]"
Change component parameters (AddParameter): Name = "Ma_Hang"; Value = "MH006333"; VariantName = "[No Variations]"
Change component parameters (AddParameter): Name = "So_Chan"; Value = "2"; VariantName = "[No Variations]"
Change component parameters (AddParameter): Name = "Ten_Linh_Kien"; Value = "Tr? 0603 1% 10k"; VariantName = "[No Variations]"
Change component parameters: Designator = "R116" ("R116"); Footprint = "tro smd 0603"; UniqueID = "\AKTWNIXO\WEDMAXIE" ("\AKTWNIXO\WEDMAXIE")
Change component parameters (AddParameter): Name = "Chung_Loai"; Value = "Dán"; VariantName = "[No Variations]"
Change component parameters (AddParameter): Name = "Don_Vi"; Value = "Con"; VariantName = "[No Variations]"
Change component parameters (AddParameter): Name = "Kieu_Chan"; Value = ""; VariantName = "[No Variations]"
Change component parameters (AddParameter): Name = "Ma_Hang"; Value = "MH006333"; VariantName = "[No Variations]"
Change component parameters (AddParameter): Name = "So_Chan"; Value = "2"; VariantName = "[No Variations]"
Change component parameters (AddParameter): Name = "Ten_Linh_Kien"; Value = "Tr? 0603 1% 10k"; VariantName = "[No Variations]"
Change component parameters: Designator = "R117" ("R117"); Footprint = "tro smd 0603"; UniqueID = "\AKTWNIXO\XFTDUKWV" ("\AKTWNIXO\XFTDUKWV")
Change component parameters (AddParameter): Name = "Chung_Loai"; Value = "Dán"; VariantName = "[No Variations]"
Change component parameters (AddParameter): Name = "Don_Vi"; Value = "Con"; VariantName = "[No Variations]"
Change component parameters (AddParameter): Name = "Kieu_Chan"; Value = ""; VariantName = "[No Variations]"
Change component parameters (AddParameter): Name = "Ma_Hang"; Value = "MH006333"; VariantName = "[No Variations]"
Change component parameters (AddParameter): Name = "So_Chan"; Value = "2"; VariantName = "[No Variations]"
Change component parameters (AddParameter): Name = "Ten_Linh_Kien"; Value = "Tr? 0603 1% 10k"; VariantName = "[No Variations]"
Change component parameters: Designator = "R118" ("R118"); Footprint = "tro smd 0603"; UniqueID = "\AKTWNIXO\HFVDNQYV" ("\AKTWNIXO\HFVDNQYV")
Change component parameters (AddParameter): Name = "Chung_Loai"; Value = "Dán"; VariantName = "[No Variations]"
Change component parameters (AddParameter): Name = "Don_Vi"; Value = "Con"; VariantName = "[No Variations]"
Change component parameters (AddParameter): Name = "Kieu_Chan"; Value = ""; VariantName = "[No Variations]"
Change component parameters (AddParameter): Name = "Ma_Hang"; Value = "MH006333"; VariantName = "[No Variations]"
Change component parameters (AddParameter): Name = "So_Chan"; Value = "2"; VariantName = "[No Variations]"
Change component parameters (AddParameter): Name = "Ten_Linh_Kien"; Value = "Tr? 0603 1% 10k"; VariantName = "[No Variations]"
Change component parameters: Designator = "R119" ("R119"); Footprint = "tro smd 0603"; UniqueID = "\AKTWNIXO\WFFZQUDQ" ("\AKTWNIXO\WFFZQUDQ")
Change component parameters (AddParameter): Name = "Chung_Loai"; Value = "Dán"; VariantName = "[No Variations]"
Change component parameters (AddParameter): Name = "Don_Vi"; Value = "Con"; VariantName = "[No Variations]"
Change component parameters (AddParameter): Name = "Kieu_Chan"; Value = ""; VariantName = "[No Variations]"
Change component parameters (AddParameter): Name = "Ma_Hang"; Value = "MH006333"; VariantName = "[No Variations]"
Change component parameters (AddParameter): Name = "So_Chan"; Value = "2"; VariantName = "[No Variations]"
Change component parameters (AddParameter): Name = "Ten_Linh_Kien"; Value = "Tr? 0603 1% 10k"; VariantName = "[No Variations]"
Added Component: Designator=*7(SOP14)
Added Component: Designator=*14(sot23)
Added Component: Designator=*15(sot23)
Added Component: Designator=*16(sot23)
Added Component: Designator=*17(sot23)
Added Component: Designator=*18(sot23)
Added Component: Designator=*19(sot23)
Added Component: Designator=*20(sot23)
Added Component: Designator=*21(sot23)
Added Component: Designator=*22(sot23)
Added Component: Designator=*23(sot23)
Added Component: Designator=*24(sot23)
Added Component: Designator=*25(sot23)
Added Component: Designator=R30(tro smd 0805)
Add component (AddParameter): Name = "Chung_Loai"; Value = "Dán"; VariantName = "[No Variations]"
Add component (AddParameter): Name = "Don_Vi"; Value = "Con"; VariantName = "[No Variations]"
Add component (AddParameter): Name = "Kieu_Chan"; Value = ""; VariantName = "[No Variations]"
Add component (AddParameter): Name = "Ma_Hang"; Value = "MH005239"; VariantName = "[No Variations]"
Add component (AddParameter): Name = "So_Chan"; Value = "2"; VariantName = "[No Variations]"
Add component (AddParameter): Name = "Ten_Linh_Kien"; Value = "Tr? 0805 5% 10k"; VariantName = "[No Variations]"
Added Component: Designator=R32(tro smd 0805)
Add component (AddParameter): Name = "Chung_Loai"; Value = "Dán"; VariantName = "[No Variations]"
Add component (AddParameter): Name = "Don_Vi"; Value = "Con"; VariantName = "[No Variations]"
Add component (AddParameter): Name = "Kieu_Chan"; Value = ""; VariantName = "[No Variations]"
Add component (AddParameter): Name = "Ma_Hang"; Value = "MH006333"; VariantName = "[No Variations]"
Add component (AddParameter): Name = "So_Chan"; Value = "2"; VariantName = "[No Variations]"
Add component (AddParameter): Name = "Ten_Linh_Kien"; Value = "Tr? 0603 1% 10k"; VariantName = "[No Variations]"
Added Component: Designator=R35(tro smd 0805)
Add component (AddParameter): Name = "Chung_Loai"; Value = "Dán"; VariantName = "[No Variations]"
Add component (AddParameter): Name = "Don_Vi"; Value = "Con"; VariantName = "[No Variations]"
Add component (AddParameter): Name = "Kieu_Chan"; Value = ""; VariantName = "[No Variations]"
Add component (AddParameter): Name = "Ma_Hang"; Value = "MH006333"; VariantName = "[No Variations]"
Add component (AddParameter): Name = "So_Chan"; Value = "2"; VariantName = "[No Variations]"
Add component (AddParameter): Name = "Ten_Linh_Kien"; Value = "Tr? 0603 1% 10k"; VariantName = "[No Variations]"
Added Component: Designator=R75(tro smd 0603)
Add component (AddParameter): Name = "Chung_Loai"; Value = "Dán"; VariantName = "[No Variations]"
Add component (AddParameter): Name = "Don_Vi"; Value = "Con"; VariantName = "[No Variations]"
Add component (AddParameter): Name = "Kieu_Chan"; Value = ""; VariantName = "[No Variations]"
Add component (AddParameter): Name = "Ma_Hang"; Value = "MH001941"; VariantName = "[No Variations]"
Add component (AddParameter): Name = "So_Chan"; Value = "2"; VariantName = "[No Variations]"
Add component (AddParameter): Name = "Ten_Linh_Kien"; Value = "Tr? 2512 5% 104-100k 1W"; VariantName = "[No Variations]"
Added Component: Designator=R120(tro smd 0805)
Add component (AddParameter): Name = "Chung_Loai"; Value = "Dán"; VariantName = "[No Variations]"
Add component (AddParameter): Name = "Don_Vi"; Value = "Con"; VariantName = "[No Variations]"
Add component (AddParameter): Name = "Kieu_Chan"; Value = ""; VariantName = "[No Variations]"
Add component (AddParameter): Name = "Ma_Hang"; Value = "MH006333"; VariantName = "[No Variations]"
Add component (AddParameter): Name = "So_Chan"; Value = "2"; VariantName = "[No Variations]"
Add component (AddParameter): Name = "Ten_Linh_Kien"; Value = "Tr? 0603 1% 10k"; VariantName = "[No Variations]"
Added Component: Designator=R121(tro smd 0805)
Add component (AddParameter): Name = "Chung_Loai"; Value = "Dán"; VariantName = "[No Variations]"
Add component (AddParameter): Name = "Don_Vi"; Value = "Con"; VariantName = "[No Variations]"
Add component (AddParameter): Name = "Kieu_Chan"; Value = ""; VariantName = "[No Variations]"
Add component (AddParameter): Name = "Ma_Hang"; Value = "MH006333"; VariantName = "[No Variations]"
Add component (AddParameter): Name = "So_Chan"; Value = "2"; VariantName = "[No Variations]"
Add component (AddParameter): Name = "Ten_Linh_Kien"; Value = "Tr? 0603 1% 10k"; VariantName = "[No Variations]"
Added Component: Designator=R122(tro smd 0805)
Add component (AddParameter): Name = "Chung_Loai"; Value = "Dán"; VariantName = "[No Variations]"
Add component (AddParameter): Name = "Don_Vi"; Value = "Con"; VariantName = "[No Variations]"
Add component (AddParameter): Name = "Kieu_Chan"; Value = ""; VariantName = "[No Variations]"
Add component (AddParameter): Name = "Ma_Hang"; Value = "MH006333"; VariantName = "[No Variations]"
Add component (AddParameter): Name = "So_Chan"; Value = "2"; VariantName = "[No Variations]"
Add component (AddParameter): Name = "Ten_Linh_Kien"; Value = "Tr? 0603 1% 10k"; VariantName = "[No Variations]"
Added Component: Designator=R123(tro smd 0805)
Add component (AddParameter): Name = "Chung_Loai"; Value = "Dán"; VariantName = "[No Variations]"
Add component (AddParameter): Name = "Don_Vi"; Value = "Con"; VariantName = "[No Variations]"
Add component (AddParameter): Name = "Kieu_Chan"; Value = ""; VariantName = "[No Variations]"
Add component (AddParameter): Name = "Ma_Hang"; Value = "MH006333"; VariantName = "[No Variations]"
Add component (AddParameter): Name = "So_Chan"; Value = "2"; VariantName = "[No Variations]"
Add component (AddParameter): Name = "Ten_Linh_Kien"; Value = "Tr? 0603 1% 10k"; VariantName = "[No Variations]"
Added Component: Designator=R124(tro smd 0805)
Add component (AddParameter): Name = "Chung_Loai"; Value = "Dán"; VariantName = "[No Variations]"
Add component (AddParameter): Name = "Don_Vi"; Value = "Con"; VariantName = "[No Variations]"
Add component (AddParameter): Name = "Kieu_Chan"; Value = ""; VariantName = "[No Variations]"
Add component (AddParameter): Name = "Ma_Hang"; Value = "MH006333"; VariantName = "[No Variations]"
Add component (AddParameter): Name = "So_Chan"; Value = "2"; VariantName = "[No Variations]"
Add component (AddParameter): Name = "Ten_Linh_Kien"; Value = "Tr? 0603 1% 10k"; VariantName = "[No Variations]"
Added Component: Designator=R125(tro smd 0805)
Add component (AddParameter): Name = "Chung_Loai"; Value = "Dán"; VariantName = "[No Variations]"
Add component (AddParameter): Name = "Don_Vi"; Value = "Con"; VariantName = "[No Variations]"
Add component (AddParameter): Name = "Kieu_Chan"; Value = ""; VariantName = "[No Variations]"
Add component (AddParameter): Name = "Ma_Hang"; Value = "MH006333"; VariantName = "[No Variations]"
Add component (AddParameter): Name = "So_Chan"; Value = "2"; VariantName = "[No Variations]"
Add component (AddParameter): Name = "Ten_Linh_Kien"; Value = "Tr? 0603 1% 10k"; VariantName = "[No Variations]"
Added Component: Designator=R126(tro smd 0805)
Add component (AddParameter): Name = "Chung_Loai"; Value = "Dán"; VariantName = "[No Variations]"
Add component (AddParameter): Name = "Don_Vi"; Value = "Con"; VariantName = "[No Variations]"
Add component (AddParameter): Name = "Kieu_Chan"; Value = ""; VariantName = "[No Variations]"
Add component (AddParameter): Name = "Ma_Hang"; Value = "MH006333"; VariantName = "[No Variations]"
Add component (AddParameter): Name = "So_Chan"; Value = "2"; VariantName = "[No Variations]"
Add component (AddParameter): Name = "Ten_Linh_Kien"; Value = "Tr? 0603 1% 10k"; VariantName = "[No Variations]"
Added Component: Designator=R127(tro smd 0805)
Add component (AddParameter): Name = "Chung_Loai"; Value = "Dán"; VariantName = "[No Variations]"
Add component (AddParameter): Name = "Don_Vi"; Value = "Con"; VariantName = "[No Variations]"
Add component (AddParameter): Name = "Kieu_Chan"; Value = ""; VariantName = "[No Variations]"
Add component (AddParameter): Name = "Ma_Hang"; Value = "MH006333"; VariantName = "[No Variations]"
Add component (AddParameter): Name = "So_Chan"; Value = "2"; VariantName = "[No Variations]"
Add component (AddParameter): Name = "Ten_Linh_Kien"; Value = "Tr? 0603 1% 10k"; VariantName = "[No Variations]"
Added Component: Designator=R128(tro smd 0805)
Add component (AddParameter): Name = "Chung_Loai"; Value = "Dán"; VariantName = "[No Variations]"
Add component (AddParameter): Name = "Don_Vi"; Value = "Con"; VariantName = "[No Variations]"
Add component (AddParameter): Name = "Kieu_Chan"; Value = ""; VariantName = "[No Variations]"
Add component (AddParameter): Name = "Ma_Hang"; Value = "MH006333"; VariantName = "[No Variations]"
Add component (AddParameter): Name = "So_Chan"; Value = "2"; VariantName = "[No Variations]"
Add component (AddParameter): Name = "Ten_Linh_Kien"; Value = "Tr? 0603 1% 10k"; VariantName = "[No Variations]"
Added Component: Designator=R129(tro smd 0805)
Add component (AddParameter): Name = "Chung_Loai"; Value = "Dán"; VariantName = "[No Variations]"
Add component (AddParameter): Name = "Don_Vi"; Value = "Con"; VariantName = "[No Variations]"
Add component (AddParameter): Name = "Kieu_Chan"; Value = ""; VariantName = "[No Variations]"
Add component (AddParameter): Name = "Ma_Hang"; Value = "MH006333"; VariantName = "[No Variations]"
Add component (AddParameter): Name = "So_Chan"; Value = "2"; VariantName = "[No Variations]"
Add component (AddParameter): Name = "Ten_Linh_Kien"; Value = "Tr? 0603 1% 10k"; VariantName = "[No Variations]"
Added Component: Designator=R130(tro smd 0805)
Add component (AddParameter): Name = "Chung_Loai"; Value = "Dán"; VariantName = "[No Variations]"
Add component (AddParameter): Name = "Don_Vi"; Value = "Con"; VariantName = "[No Variations]"
Add component (AddParameter): Name = "Kieu_Chan"; Value = ""; VariantName = "[No Variations]"
Add component (AddParameter): Name = "Ma_Hang"; Value = "MH006333"; VariantName = "[No Variations]"
Add component (AddParameter): Name = "So_Chan"; Value = "2"; VariantName = "[No Variations]"
Add component (AddParameter): Name = "Ten_Linh_Kien"; Value = "Tr? 0603 1% 10k"; VariantName = "[No Variations]"
Added Component: Designator=R131(tro smd 0805)
Add component (AddParameter): Name = "Chung_Loai"; Value = "Dán"; VariantName = "[No Variations]"
Add component (AddParameter): Name = "Don_Vi"; Value = "Con"; VariantName = "[No Variations]"
Add component (AddParameter): Name = "Kieu_Chan"; Value = ""; VariantName = "[No Variations]"
Add component (AddParameter): Name = "Ma_Hang"; Value = "MH006333"; VariantName = "[No Variations]"
Add component (AddParameter): Name = "So_Chan"; Value = "2"; VariantName = "[No Variations]"
Add component (AddParameter): Name = "Ten_Linh_Kien"; Value = "Tr? 0603 1% 10k"; VariantName = "[No Variations]"
Added Component: Designator=R132(tro smd 0805)
Add component (AddParameter): Name = "Chung_Loai"; Value = "Dán"; VariantName = "[No Variations]"
Add component (AddParameter): Name = "Don_Vi"; Value = "Con"; VariantName = "[No Variations]"
Add component (AddParameter): Name = "Kieu_Chan"; Value = ""; VariantName = "[No Variations]"
Add component (AddParameter): Name = "Ma_Hang"; Value = "MH006333"; VariantName = "[No Variations]"
Add component (AddParameter): Name = "So_Chan"; Value = "2"; VariantName = "[No Variations]"
Add component (AddParameter): Name = "Ten_Linh_Kien"; Value = "Tr? 0603 1% 10k"; VariantName = "[No Variations]"
Added Component: Designator=R133(tro smd 0805)
Add component (AddParameter): Name = "Chung_Loai"; Value = "Dán"; VariantName = "[No Variations]"
Add component (AddParameter): Name = "Don_Vi"; Value = "Con"; VariantName = "[No Variations]"
Add component (AddParameter): Name = "Kieu_Chan"; Value = ""; VariantName = "[No Variations]"
Add component (AddParameter): Name = "Ma_Hang"; Value = "MH006333"; VariantName = "[No Variations]"
Add component (AddParameter): Name = "So_Chan"; Value = "2"; VariantName = "[No Variations]"
Add component (AddParameter): Name = "Ten_Linh_Kien"; Value = "Tr? 0603 1% 10k"; VariantName = "[No Variations]"
Added Component: Designator=R134(tro smd 0805)
Add component (AddParameter): Name = "Chung_Loai"; Value = "Dán"; VariantName = "[No Variations]"
Add component (AddParameter): Name = "Don_Vi"; Value = "Con"; VariantName = "[No Variations]"
Add component (AddParameter): Name = "Kieu_Chan"; Value = ""; VariantName = "[No Variations]"
Add component (AddParameter): Name = "Ma_Hang"; Value = "MH006333"; VariantName = "[No Variations]"
Add component (AddParameter): Name = "So_Chan"; Value = "2"; VariantName = "[No Variations]"
Add component (AddParameter): Name = "Ten_Linh_Kien"; Value = "Tr? 0603 1% 10k"; VariantName = "[No Variations]"
Added Component: Designator=R135(tro smd 0805)
Add component (AddParameter): Name = "Chung_Loai"; Value = "Dán"; VariantName = "[No Variations]"
Add component (AddParameter): Name = "Don_Vi"; Value = "Con"; VariantName = "[No Variations]"
Add component (AddParameter): Name = "Kieu_Chan"; Value = ""; VariantName = "[No Variations]"
Add component (AddParameter): Name = "Ma_Hang"; Value = "MH006333"; VariantName = "[No Variations]"
Add component (AddParameter): Name = "So_Chan"; Value = "2"; VariantName = "[No Variations]"
Add component (AddParameter): Name = "Ten_Linh_Kien"; Value = "Tr? 0603 1% 10k"; VariantName = "[No Variations]"
Added Component: Designator=R136(tro smd 0805)
Add component (AddParameter): Name = "Chung_Loai"; Value = "Dán"; VariantName = "[No Variations]"
Add component (AddParameter): Name = "Don_Vi"; Value = "Con"; VariantName = "[No Variations]"
Add component (AddParameter): Name = "Kieu_Chan"; Value = ""; VariantName = "[No Variations]"
Add component (AddParameter): Name = "Ma_Hang"; Value = "MH006333"; VariantName = "[No Variations]"
Add component (AddParameter): Name = "So_Chan"; Value = "2"; VariantName = "[No Variations]"
Add component (AddParameter): Name = "Ten_Linh_Kien"; Value = "Tr? 0603 1% 10k"; VariantName = "[No Variations]"
Added Component: Designator=R137(tro smd 0805)
Add component (AddParameter): Name = "Chung_Loai"; Value = "Dán"; VariantName = "[No Variations]"
Add component (AddParameter): Name = "Don_Vi"; Value = "Con"; VariantName = "[No Variations]"
Add component (AddParameter): Name = "Kieu_Chan"; Value = ""; VariantName = "[No Variations]"
Add component (AddParameter): Name = "Ma_Hang"; Value = "MH006333"; VariantName = "[No Variations]"
Add component (AddParameter): Name = "So_Chan"; Value = "2"; VariantName = "[No Variations]"
Add component (AddParameter): Name = "Ten_Linh_Kien"; Value = "Tr? 0603 1% 10k"; VariantName = "[No Variations]"
Added Component: Designator=R138(tro smd 0805)
Add component (AddParameter): Name = "Chung_Loai"; Value = "Dán"; VariantName = "[No Variations]"
Add component (AddParameter): Name = "Don_Vi"; Value = "Con"; VariantName = "[No Variations]"
Add component (AddParameter): Name = "Kieu_Chan"; Value = ""; VariantName = "[No Variations]"
Add component (AddParameter): Name = "Ma_Hang"; Value = "MH006333"; VariantName = "[No Variations]"
Add component (AddParameter): Name = "So_Chan"; Value = "2"; VariantName = "[No Variations]"
Add component (AddParameter): Name = "Ten_Linh_Kien"; Value = "Tr? 0603 1% 10k"; VariantName = "[No Variations]"
Added Component: Designator=R139(tro smd 0805)
Add component (AddParameter): Name = "Chung_Loai"; Value = "Dán"; VariantName = "[No Variations]"
Add component (AddParameter): Name = "Don_Vi"; Value = "Con"; VariantName = "[No Variations]"
Add component (AddParameter): Name = "Kieu_Chan"; Value = ""; VariantName = "[No Variations]"
Add component (AddParameter): Name = "Ma_Hang"; Value = "MH006333"; VariantName = "[No Variations]"
Add component (AddParameter): Name = "So_Chan"; Value = "2"; VariantName = "[No Variations]"
Add component (AddParameter): Name = "Ten_Linh_Kien"; Value = "Tr? 0603 1% 10k"; VariantName = "[No Variations]"
Added Component: Designator=R140(tro smd 0805)
Add component (AddParameter): Name = "Chung_Loai"; Value = "Dán"; VariantName = "[No Variations]"
Add component (AddParameter): Name = "Don_Vi"; Value = "Con"; VariantName = "[No Variations]"
Add component (AddParameter): Name = "Kieu_Chan"; Value = ""; VariantName = "[No Variations]"
Add component (AddParameter): Name = "Ma_Hang"; Value = "MH006333"; VariantName = "[No Variations]"
Add component (AddParameter): Name = "So_Chan"; Value = "2"; VariantName = "[No Variations]"
Add component (AddParameter): Name = "Ten_Linh_Kien"; Value = "Tr? 0603 1% 10k"; VariantName = "[No Variations]"
Added Component: Designator=R141(tro smd 0805)
Add component (AddParameter): Name = "Chung_Loai"; Value = "Dán"; VariantName = "[No Variations]"
Add component (AddParameter): Name = "Don_Vi"; Value = "Con"; VariantName = "[No Variations]"
Add component (AddParameter): Name = "Kieu_Chan"; Value = ""; VariantName = "[No Variations]"
Add component (AddParameter): Name = "Ma_Hang"; Value = "MH006333"; VariantName = "[No Variations]"
Add component (AddParameter): Name = "So_Chan"; Value = "2"; VariantName = "[No Variations]"
Add component (AddParameter): Name = "Ten_Linh_Kien"; Value = "Tr? 0603 1% 10k"; VariantName = "[No Variations]"
Added Component: Designator=R142(tro smd 0805)
Add component (AddParameter): Name = "Chung_Loai"; Value = "Dán"; VariantName = "[No Variations]"
Add component (AddParameter): Name = "Don_Vi"; Value = "Con"; VariantName = "[No Variations]"
Add component (AddParameter): Name = "Kieu_Chan"; Value = ""; VariantName = "[No Variations]"
Add component (AddParameter): Name = "Ma_Hang"; Value = "MH006333"; VariantName = "[No Variations]"
Add component (AddParameter): Name = "So_Chan"; Value = "2"; VariantName = "[No Variations]"
Add component (AddParameter): Name = "Ten_Linh_Kien"; Value = "Tr? 0603 1% 10k"; VariantName = "[No Variations]"
Added Component: Designator=R143(tro smd 0805)
Add component (AddParameter): Name = "Chung_Loai"; Value = "Dán"; VariantName = "[No Variations]"
Add component (AddParameter): Name = "Don_Vi"; Value = "Con"; VariantName = "[No Variations]"
Add component (AddParameter): Name = "Kieu_Chan"; Value = ""; VariantName = "[No Variations]"
Add component (AddParameter): Name = "Ma_Hang"; Value = "MH006333"; VariantName = "[No Variations]"
Add component (AddParameter): Name = "So_Chan"; Value = "2"; VariantName = "[No Variations]"
Add component (AddParameter): Name = "Ten_Linh_Kien"; Value = "Tr? 0603 1% 10k"; VariantName = "[No Variations]"
Added Pin To Net: NetName=Channel1 Pin=*5-10
Added Pin To Net: NetName=GND Pin=*6-7
Added Pin To Net: NetName=+3.3 Pin=*6-14
Added Pin To Net: NetName=GND Pin=*7-7
Added Pin To Net: NetName=+3.3 Pin=*7-14
Added Pin To Net: NetName=+5 Pin=*8-1
Added Pin To Net: NetName=2.5 Pin=*8-2
Added Pin To Net: NetName=GND Pin=*8-3
Added Pin To Net: NetName=Net*9_1 Pin=*9-1
Added Pin To Net: NetName=GND Pin=*9-2
Added Pin To Net: NetName=Net*10_1 Pin=*10-1
Added Pin To Net: NetName=+3.3 Pin=*10-2
Added Pin To Net: NetName=Net*11_1 Pin=*11-1
Added Pin To Net: NetName=GND Pin=*11-2
Added Pin To Net: NetName=+5 Pin=*11-5
Added Pin To Net: NetName=+5 Pin=*12-1
Added Pin To Net: NetName=2.5 Pin=*12-2
Added Pin To Net: NetName=GND Pin=*12-3
Added Pin To Net: NetName=Net*13_1 Pin=*13-1
Added Pin To Net: NetName=GND Pin=*13-2
Added Pin To Net: NetName=Net*11_4 Pin=*13-3
Added Pin To Net: NetName=+5 Pin=*13-5
Added Pin To Net: NetName=GND Pin=*14-2
Added Pin To Net: NetName=+3.3 Pin=*15-2
Added Pin To Net: NetName=GND Pin=*16-2
Added Pin To Net: NetName=GND Pin=*17-2
Added Pin To Net: NetName=+3.3 Pin=*18-2
Added Pin To Net: NetName=+3.3 Pin=*19-2
Added Pin To Net: NetName=GND Pin=*20-2
Added Pin To Net: NetName=GND Pin=*21-2
Added Pin To Net: NetName=GND Pin=*22-2
Added Pin To Net: NetName=+3.3 Pin=*23-2
Added Pin To Net: NetName=+3.3 Pin=*24-2
Added Pin To Net: NetName=+3.3 Pin=*25-2
Added Pin To Net: NetName=Net*2_18 Pin=ADG1-1
Added Pin To Net: NetName=GND Pin=ADG1-3
Added Pin To Net: NetName=Net*11_1 Pin=ADG1-8
Added Pin To Net: NetName=+5 Pin=ADG1-13
Added Pin To Net: NetName=GND Pin=ADG1-14
Added Pin To Net: NetName=Net*2_20 Pin=ADG1-15
Added Pin To Net: NetName=Net*2_19 Pin=ADG1-16
Added Pin To Net: NetName=Net*2_39 Pin=ADG2-1
Added Pin To Net: NetName=GND Pin=ADG2-3
Added Pin To Net: NetName=+5 Pin=ADG2-13
Added Pin To Net: NetName=GND Pin=ADG2-14
Added Pin To Net: NetName=Net*2_41 Pin=ADG2-15
Added Pin To Net: NetName=Net*2_40 Pin=ADG2-16
Added Pin To Net: NetName=NetADG3_2 Pin=ADG3-2
Added Pin To Net: NetName=GND Pin=ADG3-3
Added Pin To Net: NetName=NetADG3_4 Pin=ADG3-4
Added Pin To Net: NetName=NetADG3_5 Pin=ADG3-5
Added Pin To Net: NetName=NetADG3_6 Pin=ADG3-6
Added Pin To Net: NetName=NetADG3_7 Pin=ADG3-7
Added Pin To Net: NetName=NetADG3_9 Pin=ADG3-9
Added Pin To Net: NetName=NetADG3_10 Pin=ADG3-10
Added Pin To Net: NetName=NetADG3_11 Pin=ADG3-11
Added Pin To Net: NetName=NetADG3_12 Pin=ADG3-12
Added Pin To Net: NetName=+5 Pin=ADG3-13
Added Pin To Net: NetName=GND Pin=ADG3-14
Added Pin To Net: NetName=NetADG3_2 Pin=ADG4-2
Added Pin To Net: NetName=GND Pin=C29-2
Added Pin To Net: NetName=+5 Pin=C30-1
Added Pin To Net: NetName=GND Pin=C31-1
Added Pin To Net: NetName=+3.3 Pin=C31-2
Added Pin To Net: NetName=GND Pin=H1-1
Added Pin To Net: NetName=NetH1_2 Pin=H1-2
Added Pin To Net: NetName=NetH3_2 Pin=IC1-1
Added Pin To Net: NetName=NetH3_2 Pin=IC1-2
Added Pin To Net: NetName=Net*2_7 Pin=R9-1
Added Pin To Net: NetName=+3.3 Pin=R9-2
Added Pin To Net: NetName=GND Pin=R30-1
Added Pin To Net: NetName=Net*5_44 Pin=R30-2
Added Pin To Net: NetName=+3.3 Pin=R31-2
Added Pin To Net: NetName=NetH1_2 Pin=R32-1
Added Pin To Net: NetName=Net*9_1 Pin=R32-2
Added Pin To Net: NetName=Net*9_1 Pin=R33-1
Added Pin To Net: NetName=GND Pin=R33-2
Added Pin To Net: NetName=NetH1_2 Pin=R34-1
Added Pin To Net: NetName=Net*11_1 Pin=R34-2
Added Pin To Net: NetName=NetH1_2 Pin=R35-1
Added Pin To Net: NetName=Net*10_1 Pin=R35-2
Added Pin To Net: NetName=+3.3 Pin=R36-1
Added Pin To Net: NetName=Net*10_1 Pin=R36-2
Added Pin To Net: NetName=GND Pin=R43-1
Added Pin To Net: NetName=GND Pin=R46-1
Added Pin To Net: NetName=GND Pin=R63-2
Added Pin To Net: NetName=NetR73_1 Pin=R73-1
Added Pin To Net: NetName=NetR73_1 Pin=R74-2
Added Pin To Net: NetName=NetADG3_9 Pin=R75-1
Added Pin To Net: NetName=Net*13_1 Pin=R75-2
Added Pin To Net: NetName=NetADG3_10 Pin=R76-1
Added Pin To Net: NetName=Net*13_1 Pin=R77-2
Added Pin To Net: NetName=NetADG3_11 Pin=R78-1
Added Pin To Net: NetName=Net*13_1 Pin=R79-2
Added Pin To Net: NetName=NetADG3_12 Pin=R80-1
Added Pin To Net: NetName=Net*13_1 Pin=R81-2
Added Pin To Net: NetName=GND Pin=R82-2
Added Pin To Net: NetName=NetADG3_7 Pin=R83-1
Added Pin To Net: NetName=Net*13_1 Pin=R83-2
Added Pin To Net: NetName=NetADG3_6 Pin=R84-1
Added Pin To Net: NetName=Net*13_1 Pin=R84-2
Added Pin To Net: NetName=NetADG3_5 Pin=R85-1
Added Pin To Net: NetName=Net*13_1 Pin=R85-2
Added Pin To Net: NetName=Net*13_1 Pin=R86-1
Added Pin To Net: NetName=NetADG3_4 Pin=R87-1
Added Pin To Net: NetName=Net*13_1 Pin=R88-2
Added Pin To Net: NetName=NetADG3_2 Pin=R89-1
Added Pin To Net: NetName=2.5 Pin=R89-2
Added Pin To Net: NetName=NetADG4_9 Pin=R90-1
Added Pin To Net: NetName=Net*11_4 Pin=R90-2
Added Pin To Net: NetName=Channel2 Pin=R91-2
Added Pin To Net: NetName=NetADG4_10 Pin=R92-1
Added Pin To Net: NetName=Net*11_4 Pin=R93-2
Added Pin To Net: NetName=GND Pin=R94-1
Added Pin To Net: NetName=Channel2 Pin=R94-2
Added Pin To Net: NetName=Net*11_4 Pin=R95-1
Added Pin To Net: NetName=NetADG4_11 Pin=R96-1
Added Pin To Net: NetName=Net*11_4 Pin=R97-2
Added Pin To Net: NetName=NetADG4_12 Pin=R98-1
Added Pin To Net: NetName=NetADG4_7 Pin=R100-1
Added Pin To Net: NetName=Net*11_4 Pin=R100-2
Added Pin To Net: NetName=GND Pin=R101-2
Added Pin To Net: NetName=NetADG4_6 Pin=R102-1
Added Pin To Net: NetName=Net*11_4 Pin=R102-2
Added Pin To Net: NetName=NetADG4_5 Pin=R103-1
Added Pin To Net: NetName=NetADG4_4 Pin=R104-1
Added Pin To Net: NetName=+3.3 Pin=R106-2
Added Pin To Net: NetName=GND Pin=R108-2
Added Pin To Net: NetName=+3.3 Pin=R110-1
Added Pin To Net: NetName=GND Pin=R111-1
Added Pin To Net: NetName=NetIC1_7 Pin=R112-1
Added Pin To Net: NetName=Channel3 Pin=R112-2
Added Pin To Net: NetName=GND Pin=R113-1
Added Pin To Net: NetName=Channel3 Pin=R113-2
Added Pin To Net: NetName=+3.3 Pin=R114-2
Added Pin To Net: NetName=+3.3 Pin=R115-2
Added Pin To Net: NetName=GND Pin=R118-2
Added Pin To Net: NetName=GND Pin=R119-2
Added Pin To Net: NetName=+3.3 Pin=R121-1
Added Pin To Net: NetName=+3.3 Pin=R123-1
Added Pin To Net: NetName=+3.3 Pin=R124-2
Added Pin To Net: NetName=GND Pin=R125-1
Added Pin To Net: NetName=GND Pin=R126-1
Added Pin To Net: NetName=GND Pin=R128-2
Added Pin To Net: NetName=+3.3 Pin=R129-2
Added Pin To Net: NetName=+3.3 Pin=R130-2
Added Pin To Net: NetName=GND Pin=R133-2
Added Pin To Net: NetName=+3.3 Pin=R135-1
Added Pin To Net: NetName=GND Pin=R136-2
Added Pin To Net: NetName=GND Pin=R137-1
Added Pin To Net: NetName=+3.3 Pin=R139-1
Added Pin To Net: NetName=+3.3 Pin=R141-1
Added Pin To Net: NetName=GND Pin=R142-1
Added Pin To Net: NetName=GND Pin=R143-1
Added Pin To Net: NetName=Channel8 Pin=U1-11
Added Pin To Net: NetName=Channel7 Pin=U1-12
Added Pin To Net: NetName=Channel6 Pin=U1-13
Added Pin To Net: NetName=Channel5 Pin=U1-14
Added Pin To Net: NetName=Channel4 Pin=U1-15
Change Net Name : Old Net Name=Net*11_4 New Net Name=Net*13_3
Change Net Name : Old Net Name=NetADG?_7 New Net Name=NetADG2_7
Change Net Name : Old Net Name=NetADG?_9 New Net Name=NetADG1_9
Change Net Name : Old Net Name=NetADG?_11 New Net Name=NetADG1_11
Change Net Name : Old Net Name=NetADG?_12 New Net Name=NetADG1_12
Added Pin To Net: NetName=detect_4 Pin=H4-2
Added Pin To Net: NetName=detect_4 Pin=R116-2
Added Pin To Net: NetName=detect_4 Pin=R120-2
Added Pin To Net: NetName=detect_4 Pin=U1-5
Added Net: Name=detect_4
Added Pin To Net: NetName=detect_5 Pin=H5-2
Added Pin To Net: NetName=detect_5 Pin=R131-2
Added Pin To Net: NetName=detect_5 Pin=R138-2
Added Pin To Net: NetName=detect_5 Pin=U1-6
Added Net: Name=detect_5
Added Pin To Net: NetName=detect_6 Pin=H6-2
Added Pin To Net: NetName=detect_6 Pin=R117-2
Added Pin To Net: NetName=detect_6 Pin=R122-2
Added Pin To Net: NetName=detect_6 Pin=U1-7
Added Net: Name=detect_6
Added Pin To Net: NetName=detect_7 Pin=H7-2
Added Pin To Net: NetName=detect_7 Pin=R132-2
Added Pin To Net: NetName=detect_7 Pin=R140-2
Added Pin To Net: NetName=detect_7 Pin=U1-8
Added Net: Name=detect_7
Added Pin To Net: NetName=detect_8 Pin=H8-2
Added Pin To Net: NetName=detect_8 Pin=R127-2
Added Pin To Net: NetName=detect_8 Pin=R134-2
Added Pin To Net: NetName=detect_8 Pin=U1-9
Added Net: Name=detect_8
Added Pin To Net: NetName=Net*2_21 Pin=*2-21
Added Pin To Net: NetName=Net*2_21 Pin=ADG3-15
Added Pin To Net: NetName=Net*2_21 Pin=ADG4-15
Added Net: Name=Net*2_21
Added Pin To Net: NetName=Net*2_45 Pin=*2-45
Added Pin To Net: NetName=Net*2_45 Pin=ADG3-1
Added Pin To Net: NetName=Net*2_45 Pin=ADG4-1
Added Net: Name=Net*2_45
Added Pin To Net: NetName=Net*2_46 Pin=*2-46
Added Pin To Net: NetName=Net*2_46 Pin=ADG3-16
Added Pin To Net: NetName=Net*2_46 Pin=ADG4-16
Added Net: Name=Net*2_46
Added Pin To Net: NetName=Net*5_18 Pin=*5-18
Added Pin To Net: NetName=Net*5_18 Pin=*6-3
Added Net: Name=Net*5_18
Added Pin To Net: NetName=Net*5_19 Pin=*5-19
Added Pin To Net: NetName=Net*5_19 Pin=*6-6
Added Net: Name=Net*5_19
Added Pin To Net: NetName=Net*5_20 Pin=*5-20
Added Pin To Net: NetName=Net*5_20 Pin=*6-11
Added Net: Name=Net*5_20
Added Pin To Net: NetName=Net*5_39 Pin=*5-39
Added Pin To Net: NetName=Net*5_39 Pin=*7-3
Added Net: Name=Net*5_39
Added Pin To Net: NetName=Net*5_40 Pin=*5-40
Added Pin To Net: NetName=Net*5_40 Pin=*7-6
Added Net: Name=Net*5_40
Added Pin To Net: NetName=Net*5_41 Pin=*5-41
Added Pin To Net: NetName=Net*5_41 Pin=*7-11
Added Net: Name=Net*5_41
Added Pin To Net: NetName=Net*5_45 Pin=*5-45
Added Pin To Net: NetName=Net*5_45 Pin=*7-8
Added Net: Name=Net*5_45
Added Pin To Net: NetName=Net*6_1 Pin=*6-1
Added Pin To Net: NetName=Net*6_1 Pin=*9-3
Added Pin To Net: NetName=Net*6_1 Pin=R31-1
Added Net: Name=Net*6_1
Added Pin To Net: NetName=Net*6_2 Pin=*6-2
Added Pin To Net: NetName=Net*6_2 Pin=*10-3
Added Pin To Net: NetName=Net*6_2 Pin=R43-2
Added Net: Name=Net*6_2
Added Pin To Net: NetName=Net*6_4 Pin=*6-4
Added Pin To Net: NetName=Net*6_4 Pin=*14-3
Added Pin To Net: NetName=Net*6_4 Pin=R106-1
Added Net: Name=Net*6_4
Added Pin To Net: NetName=Net*6_5 Pin=*6-5
Added Pin To Net: NetName=Net*6_5 Pin=*15-3
Added Pin To Net: NetName=Net*6_5 Pin=R111-2
Added Net: Name=Net*6_5
Added Pin To Net: NetName=Net*6_12 Pin=*6-12
Added Pin To Net: NetName=Net*6_12 Pin=*18-3
Added Pin To Net: NetName=Net*6_12 Pin=R125-2
Added Net: Name=Net*6_12
Added Pin To Net: NetName=Net*6_13 Pin=*6-13
Added Pin To Net: NetName=Net*6_13 Pin=*16-3
Added Pin To Net: NetName=Net*6_13 Pin=R114-1
Added Net: Name=Net*6_13
Added Pin To Net: NetName=Net*7_1 Pin=*7-1
Added Pin To Net: NetName=Net*7_1 Pin=*21-3
Added Pin To Net: NetName=Net*7_1 Pin=R129-1
Added Net: Name=Net*7_1
Added Pin To Net: NetName=Net*7_2 Pin=*7-2
Added Pin To Net: NetName=Net*7_2 Pin=*24-3
Added Pin To Net: NetName=Net*7_2 Pin=R142-2
Added Net: Name=Net*7_2
Added Pin To Net: NetName=Net*7_4 Pin=*7-4
Added Pin To Net: NetName=Net*7_4 Pin=*17-3
Added Pin To Net: NetName=Net*7_4 Pin=R115-1
Added Net: Name=Net*7_4
Added Pin To Net: NetName=Net*7_5 Pin=*7-5
Added Pin To Net: NetName=Net*7_5 Pin=*19-3
Added Pin To Net: NetName=Net*7_5 Pin=R126-2
Added Net: Name=Net*7_5
Added Pin To Net: NetName=Net*7_9 Pin=*7-9
Added Pin To Net: NetName=Net*7_9 Pin=*23-3
Added Pin To Net: NetName=Net*7_9 Pin=R137-2
Added Net: Name=Net*7_9
Added Pin To Net: NetName=Net*7_10 Pin=*7-10
Added Pin To Net: NetName=Net*7_10 Pin=*20-3
Added Pin To Net: NetName=Net*7_10 Pin=R124-1
Added Net: Name=Net*7_10
Added Pin To Net: NetName=Net*7_12 Pin=*7-12
Added Pin To Net: NetName=Net*7_12 Pin=*25-3
Added Pin To Net: NetName=Net*7_12 Pin=R143-2
Added Net: Name=Net*7_12
Added Pin To Net: NetName=Net*7_13 Pin=*7-13
Added Pin To Net: NetName=Net*7_13 Pin=*22-3
Added Pin To Net: NetName=Net*7_13 Pin=R130-1
Added Net: Name=Net*7_13
Added Pin To Net: NetName=Net*11_4 Pin=*11-4
Added Pin To Net: NetName=Net*11_4 Pin=R42-1
Added Pin To Net: NetName=Net*11_4 Pin=R56-2
Added Pin To Net: NetName=Net*11_4 Pin=R60-2
Added Pin To Net: NetName=Net*11_4 Pin=R62-2
Added Pin To Net: NetName=Net*11_4 Pin=R65-2
Added Pin To Net: NetName=Net*11_4 Pin=R68-2
Added Pin To Net: NetName=Net*11_4 Pin=R70-2
Added Pin To Net: NetName=Net*11_4 Pin=R72-1
Added Pin To Net: NetName=Net*11_4 Pin=R74-1
Added Net: Name=Net*11_4
Added Pin To Net: NetName=Net*13_4 Pin=*13-4
Added Pin To Net: NetName=Net*13_4 Pin=R91-1
Added Pin To Net: NetName=Net*13_4 Pin=R95-2
Added Net: Name=Net*13_4
Added Pin To Net: NetName=Net*14_1 Pin=*14-1
Added Pin To Net: NetName=Net*14_1 Pin=R107-1
Added Pin To Net: NetName=Net*14_1 Pin=R108-1
Added Net: Name=Net*14_1
Added Pin To Net: NetName=Net*15_1 Pin=*15-1
Added Pin To Net: NetName=Net*15_1 Pin=R109-1
Added Pin To Net: NetName=Net*15_1 Pin=R110-2
Added Net: Name=Net*15_1
Added Pin To Net: NetName=Net*16_1 Pin=*16-1
Added Pin To Net: NetName=Net*16_1 Pin=R116-1
Added Pin To Net: NetName=Net*16_1 Pin=R118-1
Added Net: Name=Net*16_1
Added Pin To Net: NetName=Net*17_1 Pin=*17-1
Added Pin To Net: NetName=Net*17_1 Pin=R117-1
Added Pin To Net: NetName=Net*17_1 Pin=R119-1
Added Net: Name=Net*17_1
Added Pin To Net: NetName=Net*18_1 Pin=*18-1
Added Pin To Net: NetName=Net*18_1 Pin=R120-1
Added Pin To Net: NetName=Net*18_1 Pin=R121-2
Added Net: Name=Net*18_1
Added Pin To Net: NetName=Net*19_1 Pin=*19-1
Added Pin To Net: NetName=Net*19_1 Pin=R122-1
Added Pin To Net: NetName=Net*19_1 Pin=R123-2
Added Net: Name=Net*19_1
Added Pin To Net: NetName=Net*20_1 Pin=*20-1
Added Pin To Net: NetName=Net*20_1 Pin=R127-1
Added Pin To Net: NetName=Net*20_1 Pin=R128-1
Added Net: Name=Net*20_1
Added Pin To Net: NetName=Net*21_1 Pin=*21-1
Added Pin To Net: NetName=Net*21_1 Pin=R131-1
Added Pin To Net: NetName=Net*21_1 Pin=R133-1
Added Net: Name=Net*21_1
Added Pin To Net: NetName=Net*22_1 Pin=*22-1
Added Pin To Net: NetName=Net*22_1 Pin=R132-1
Added Pin To Net: NetName=Net*22_1 Pin=R136-1
Added Net: Name=Net*22_1
Added Pin To Net: NetName=Net*23_1 Pin=*23-1
Added Pin To Net: NetName=Net*23_1 Pin=R134-1
Added Pin To Net: NetName=Net*23_1 Pin=R135-2
Added Net: Name=Net*23_1
Added Pin To Net: NetName=Net*24_1 Pin=*24-1
Added Pin To Net: NetName=Net*24_1 Pin=R138-1
Added Pin To Net: NetName=Net*24_1 Pin=R139-2
Added Net: Name=Net*24_1
Added Pin To Net: NetName=Net*25_1 Pin=*25-1
Added Pin To Net: NetName=Net*25_1 Pin=R140-1
Added Pin To Net: NetName=Net*25_1 Pin=R141-2
Added Net: Name=Net*25_1
Added Pin To Net: NetName=NetADG1_2 Pin=ADG1-2
Added Pin To Net: NetName=NetADG1_2 Pin=R39-1
Added Net: Name=NetADG1_2
Added Pin To Net: NetName=NetADG1_4 Pin=ADG1-4
Added Pin To Net: NetName=NetADG1_4 Pin=R38-2
Added Net: Name=NetADG1_4
Added Pin To Net: NetName=NetADG1_5 Pin=ADG1-5
Added Pin To Net: NetName=NetADG1_5 Pin=R41-2
Added Net: Name=NetADG1_5
Added Pin To Net: NetName=NetADG1_6 Pin=ADG1-6
Added Pin To Net: NetName=NetADG1_6 Pin=R45-2
Added Net: Name=NetADG1_6
Added Pin To Net: NetName=NetADG1_7 Pin=ADG1-7
Added Pin To Net: NetName=NetADG1_7 Pin=R48-2
Added Net: Name=NetADG1_7
Added Pin To Net: NetName=NetADG1_10 Pin=ADG1-10
Added Pin To Net: NetName=NetADG1_10 Pin=R54-1
Added Net: Name=NetADG1_10
Added Pin To Net: NetName=NetADG2_2 Pin=ADG2-2
Added Pin To Net: NetName=NetADG2_2 Pin=R66-1
Added Net: Name=NetADG2_2
Added Pin To Net: NetName=NetADG2_4 Pin=ADG2-4
Added Pin To Net: NetName=NetADG2_4 Pin=R73-2
Added Net: Name=NetADG2_4
Added Pin To Net: NetName=NetADG2_5 Pin=ADG2-5
Added Pin To Net: NetName=NetADG2_5 Pin=R71-2
Added Net: Name=NetADG2_5
Added Pin To Net: NetName=NetADG2_6 Pin=ADG2-6
Added Pin To Net: NetName=NetADG2_6 Pin=R69-2
Added Net: Name=NetADG2_6
Added Pin To Net: NetName=NetADG2_9 Pin=ADG2-9
Added Pin To Net: NetName=NetADG2_9 Pin=R55-1
Added Net: Name=NetADG2_9
Added Pin To Net: NetName=NetADG2_10 Pin=ADG2-10
Added Pin To Net: NetName=NetADG2_10 Pin=R59-1
Added Net: Name=NetADG2_10
Added Pin To Net: NetName=NetADG2_11 Pin=ADG2-11
Added Pin To Net: NetName=NetADG2_11 Pin=R61-1
Added Net: Name=NetADG2_11
Added Pin To Net: NetName=NetADG2_12 Pin=ADG2-12
Added Pin To Net: NetName=NetADG2_12 Pin=R64-1
Added Net: Name=NetADG2_12
Added Pin To Net: NetName=NetADG3_8 Pin=ADG3-8
Added Pin To Net: NetName=NetADG3_8 Pin=H2-2
Added Pin To Net: NetName=NetADG3_8 Pin=R82-1
Added Pin To Net: NetName=NetADG3_8 Pin=R107-2
Added Pin To Net: NetName=NetADG3_8 Pin=R109-2
Added Net: Name=NetADG3_8
Added Pin To Net: NetName=NetADG4_8 Pin=ADG4-8
Added Pin To Net: NetName=NetADG4_8 Pin=H2-1
Added Pin To Net: NetName=NetADG4_8 Pin=R101-1
Added Net: Name=NetADG4_8
Added Pin To Net: NetName=NetC29_1 Pin=C29-1
Added Pin To Net: NetName=NetC29_1 Pin=IC1-6
Added Net: Name=NetC29_1
Added Pin To Net: NetName=NetH3_1 Pin=H3-1
Added Pin To Net: NetName=NetH3_1 Pin=IC1-3
Added Pin To Net: NetName=NetH3_1 Pin=IC1-4
Added Net: Name=NetH3_1
Added Pin To Net: NetName=NetR37_2 Pin=R37-2
Added Pin To Net: NetName=NetR37_2 Pin=R38-1
Added Net: Name=NetR37_2
Added Pin To Net: NetName=NetR40_2 Pin=R40-2
Added Pin To Net: NetName=NetR40_2 Pin=R41-1
Added Net: Name=NetR40_2
Added Pin To Net: NetName=NetR44_2 Pin=R44-2
Added Pin To Net: NetName=NetR44_2 Pin=R45-1
Added Net: Name=NetR44_2
Added Pin To Net: NetName=NetR47_2 Pin=R47-2
Added Pin To Net: NetName=NetR47_2 Pin=R48-1
Added Net: Name=NetR47_2
Added Pin To Net: NetName=NetR49_2 Pin=R49-2
Added Pin To Net: NetName=NetR49_2 Pin=R50-1
Added Net: Name=NetR49_2
Added Pin To Net: NetName=NetR51_1 Pin=R51-1
Added Pin To Net: NetName=NetR51_1 Pin=R52-1
Added Net: Name=NetR51_1
Added Pin To Net: NetName=NetR53_1 Pin=R53-1
Added Pin To Net: NetName=NetR53_1 Pin=R54-2
Added Net: Name=NetR53_1
Added Pin To Net: NetName=NetR55_2 Pin=R55-2
Added Pin To Net: NetName=NetR55_2 Pin=R56-1
Added Net: Name=NetR55_2
Added Pin To Net: NetName=NetR57_1 Pin=R57-1
Added Pin To Net: NetName=NetR57_1 Pin=R58-2
Added Net: Name=NetR57_1
Added Pin To Net: NetName=NetR59_2 Pin=R59-2
Added Pin To Net: NetName=NetR59_2 Pin=R60-1
Added Net: Name=NetR59_2
Added Pin To Net: NetName=NetR61_2 Pin=R61-2
Added Pin To Net: NetName=NetR61_2 Pin=R62-1
Added Net: Name=NetR61_2
Added Pin To Net: NetName=NetR64_2 Pin=R64-2
Added Pin To Net: NetName=NetR64_2 Pin=R65-1
Added Net: Name=NetR64_2
Added Pin To Net: NetName=NetR67_2 Pin=R67-2
Added Pin To Net: NetName=NetR67_2 Pin=R68-1
Added Net: Name=NetR67_2
Added Pin To Net: NetName=NetR69_1 Pin=R69-1
Added Pin To Net: NetName=NetR69_1 Pin=R70-1
Added Net: Name=NetR69_1
Added Pin To Net: NetName=NetR71_1 Pin=R71-1
Added Pin To Net: NetName=NetR71_1 Pin=R72-2
Added Net: Name=NetR71_1
Added Pin To Net: NetName=NetR76_2 Pin=R76-2
Added Pin To Net: NetName=NetR76_2 Pin=R77-1
Added Net: Name=NetR76_2
Added Pin To Net: NetName=NetR78_2 Pin=R78-2
Added Pin To Net: NetName=NetR78_2 Pin=R79-1
Added Net: Name=NetR78_2
Added Pin To Net: NetName=NetR80_2 Pin=R80-2
Added Pin To Net: NetName=NetR80_2 Pin=R81-1
Added Net: Name=NetR80_2
Added Pin To Net: NetName=NetR87_2 Pin=R87-2
Added Pin To Net: NetName=NetR87_2 Pin=R88-1
Added Net: Name=NetR87_2
Added Pin To Net: NetName=NetR92_2 Pin=R92-2
Added Pin To Net: NetName=NetR92_2 Pin=R93-1
Added Net: Name=NetR92_2
Added Pin To Net: NetName=NetR96_2 Pin=R96-2
Added Pin To Net: NetName=NetR96_2 Pin=R97-1
Added Net: Name=NetR96_2
Change Class Name : Old Net Name=8_channels New Net Name=channel_2
Added Class: Name=8_channels
Added Class: Name=channel_3
Added Class: Name=channel_45678
Added Member To Class: ClassName=channel_1 Member=Component *8 MC1403
Added Member To Class: ClassName=channel_1 Member=Component *9 SI2302
Added Member To Class: ClassName=channel_1 Member=Component *10 SI2301
Added Member To Class: ClassName=channel_1 Member=Component *11 LMV321
Added Member To Class: ClassName=channel_2 Member=Component *14 SI2302
Added Member To Class: ClassName=channel_2 Member=Component *15 SI2301
Added Member To Class: ClassName=channel_1 Member=Component ADG1 ADG708
Added Member To Class: ClassName=channel_1 Member=Component ADG2 ADG708
Added Member To Class: ClassName=channel_1 Member=Component H1 Header 2P 2.54 Duc Thang
Added Member To Class: ClassName=channel_2 Member=Component H2 Header 2P 2.54 Duc Thang
Added Member To Class: ClassName=power_supply Member=Component R1 1k
Added Member To Class: ClassName=real_time_clock Member=Component R2 10k
Added Member To Class: ClassName=real_time_clock Member=Component R3 10k
Added Member To Class: ClassName=pga Member=Component R4 10k
Added Member To Class: ClassName=pga Member=Component R5 10k
Added Member To Class: ClassName=pga Member=Component R6 10k
Added Member To Class: ClassName=pga Member=Component R7 10k
Added Member To Class: ClassName=pga Member=Component R9 10k
Added Member To Class: ClassName=pga Member=Component R10 10k
Added Member To Class: ClassName=pga Member=Component R11 10k
Added Member To Class: ClassName=pga Member=Component R12 10k
Added Member To Class: ClassName=pga Member=Component R13 10k
Added Member To Class: ClassName=pga Member=Component R14 10k
Added Member To Class: ClassName=pga Member=Component R15 10k
Added Member To Class: ClassName=pga Member=Component R16 10k
Added Member To Class: ClassName=pga Member=Component R17 10k
Added Member To Class: ClassName=pga Member=Component R18 10k
Added Member To Class: ClassName=pga Member=Component R19 10k
Added Member To Class: ClassName=pga Member=Component R20 10k
Added Member To Class: ClassName=pga Member=Component R21 10k
Added Member To Class: ClassName=pga Member=Component R22 4.7k
Added Member To Class: ClassName=pga Member=Component R23 4.7k
Added Member To Class: ClassName=uart_to_usb Member=Component R24 1k
Added Member To Class: ClassName=uart_to_usb Member=Component R25 1k
Added Member To Class: ClassName=mcu Member=Component R27 0R
Added Member To Class: ClassName=mcu Member=Component R28 0R
Added Member To Class: ClassName=mcu Member=Component R29 10k
Added Member To Class: ClassName=mcu Member=Component R30 10k
Added Member To Class: ClassName=channel_1 Member=Component R31 1k
Added Member To Class: ClassName=channel_1 Member=Component R32 10k
Added Member To Class: ClassName=channel_1 Member=Component R33 10k
Added Member To Class: ClassName=channel_1 Member=Component R34 100k
Added Member To Class: ClassName=channel_1 Member=Component R35 10k
Added Member To Class: ClassName=channel_1 Member=Component R36 10k
Added Member To Class: ClassName=channel_1 Member=Component R37 12k
Added Member To Class: ClassName=channel_1 Member=Component R38 470R
Added Member To Class: ClassName=channel_1 Member=Component R39 1k
Added Member To Class: ClassName=channel_1 Member=Component R40 24k
Added Member To Class: ClassName=channel_1 Member=Component R41 1k
Added Member To Class: ClassName=channel_1 Member=Component R42 5.1k
Added Member To Class: ClassName=channel_1 Member=Component R43 1k
Added Member To Class: ClassName=channel_1 Member=Component R44 47k
Added Member To Class: ClassName=channel_1 Member=Component R45 3k
Added Member To Class: ClassName=channel_1 Member=Component R46 10k
Added Member To Class: ClassName=channel_1 Member=Component R47 62k
Added Member To Class: ClassName=channel_1 Member=Component R48 470R
Added Member To Class: ClassName=channel_1 Member=Component R49 82k
Added Member To Class: ClassName=channel_1 Member=Component R50 18k
Added Member To Class: ClassName=channel_1 Member=Component R51 100k
Added Member To Class: ClassName=channel_1 Member=Component R52 24k
Added Member To Class: ClassName=channel_1 Member=Component R53 100k
Added Member To Class: ClassName=channel_1 Member=Component R54 100k
Added Member To Class: ClassName=channel_1 Member=Component R55 12k
Added Member To Class: ClassName=channel_1 Member=Component R56 470R
Added Member To Class: ClassName=channel_1 Member=Component R57 240k
Added Member To Class: ClassName=channel_1 Member=Component R58 10k
Added Member To Class: ClassName=channel_1 Member=Component R59 24k
Added Member To Class: ClassName=channel_1 Member=Component R60 1k
Added Member To Class: ClassName=channel_1 Member=Component R61 47k
Added Member To Class: ClassName=channel_1 Member=Component R62 3k
Added Member To Class: ClassName=channel_1 Member=Component R63 100k
Added Member To Class: ClassName=channel_1 Member=Component R64 62k
Added Member To Class: ClassName=channel_1 Member=Component R66 1k
Added Member To Class: ClassName=channel_1 Member=Component R67 82k
Added Member To Class: ClassName=channel_1 Member=Component R68 18k
Added Member To Class: ClassName=channel_1 Member=Component R69 100k
Added Member To Class: ClassName=channel_1 Member=Component R70 24k
Added Member To Class: ClassName=channel_1 Member=Component R71 100k
Added Member To Class: ClassName=channel_1 Member=Component R72 100k
Added Member To Class: ClassName=channel_1 Member=Component R73 240k
Added Member To Class: ClassName=channel_1 Member=Component R74 10k
Added Member To Class: ClassName=channel_2 Member=Component R75 160k
Added Room: Name=channel_3
Added Room: Name=channel_45678
