Change Component Designator: Old Designator=*2 New Designator=*3
Change Component Designator: Old Designator=* New Designator=*2
Change Component Designator: Old Designator=BT? New Designator=BT2
Change Component Designator: Old Designator=C5 New Designator=C18
Change Component Designator: Old Designator=C? New Designator=C5
Change Component Designator: Old Designator=C? New Designator=C6
Change Component Designator: Old Designator=C? New Designator=C7
Change Component Designator: Old Designator=C? New Designator=C8
Change Component Designator: Old Designator=C? New Designator=C9
Change Component Designator: Old Designator=C? New Designator=C10
Change Component Designator: Old Designator=C? New Designator=C11
Change Component Designator: Old Designator=C? New Designator=C12
Change Component Designator: Old Designator=C? New Designator=C13
Change Component Designator: Old Designator=C? New Designator=C14
Change Component Designator: Old Designator=C? New Designator=C15
Change Component Designator: Old Designator=C? New Designator=C16
Change Component Designator: Old Designator=C? New Designator=C17
Change Component Designator: Old Designator=C? New Designator=C19
Change Component Designator: Old Designator=C? New Designator=C20
Change Component Designator: Old Designator=J? New Designator=J1
Change Component Designator: Old Designator=ok? New Designator=ok1
Change Component Designator: Old Designator=ok? New Designator=ok2
Change Component Designator: Old Designator=ok? New Designator=ok3
Change Component Designator: Old Designator=ok? New Designator=ok4
Change Component Designator: Old Designator=ok? New Designator=ok5
Change Component Designator: Old Designator=ok? New Designator=ok6
Change Component Designator: Old Designator=ok? New Designator=ok7
Change Component Designator: Old Designator=ok? New Designator=ok8
Change Component Designator: Old Designator=R3 New Designator=R10
Change Component Designator: Old Designator=R4 New Designator=R11
Change Component Designator: Old Designator=R5 New Designator=R12
Change Component Designator: Old Designator=R6 New Designator=R13
Change Component Designator: Old Designator=R7 New Designator=R14
Change Component Designator: Old Designator=R8 New Designator=R15
Change Component Designator: Old Designator=R9 New Designator=R16
Change Component Designator: Old Designator=R10 New Designator=R17
Change Component Designator: Old Designator=R11 New Designator=R20
Change Component Designator: Old Designator=R12 New Designator=R21
Change Component Designator: Old Designator=R13 New Designator=R22
Change Component Designator: Old Designator=R? New Designator=R3
Change Component Designator: Old Designator=R? New Designator=R4
Change Component Designator: Old Designator=R? New Designator=R5
Change Component Designator: Old Designator=R? New Designator=R6
Change Component Designator: Old Designator=R? New Designator=R7
Change Component Designator: Old Designator=R? New Designator=R8
Change Component Designator: Old Designator=R? New Designator=R9
Change Component Designator: Old Designator=R? New Designator=R18
Change Component Designator: Old Designator=R? New Designator=R19
Change Component Designator: Old Designator=X? New Designator=X1
